<!DOCTYPE html PUBLIC "-//W3C//DTD XHTML 1.1//EN" "http://www.w3.org/TR/xhtml11/DTD/xhtml11.dtd">
<html xmlns="http://www.w3.org/1999/xhtml"><head><title>TestNG Report</title><style type="text/css">table {margin-bottom:10px;border-collapse:collapse;empty-cells:show}th,td {border:1px solid #009;padding:.25em .5em}th {vertical-align:bottom}td {vertical-align:top}table a {font-weight:bold}.stripe td {background-color: #E6EBF9}.num {text-align:right}.passedodd td {background-color: #3F3}.passedeven td {background-color: #0A0}.skippedodd td {background-color: #DDD}.skippedeven td {background-color: #CCC}.failedodd td,.attn {background-color: #F33}.failedeven td,.stripe .attn {background-color: #D00}.stacktrace {white-space:pre;font-family:monospace}.totop {font-size:85%;text-align:center;border-bottom:2px solid #000}</style></head><body><table><tr><th>Test</th><th># Passed</th><th># Skipped</th><th># Failed</th><th>Time (ms)</th><th>Included Groups</th><th>Excluded Groups</th></tr><tr><th colspan="7">ASCP Reports Regression Suite</th></tr><tr><td><a href="#t0">ASCP Reports Regression Test</a></td><td class="num">5</td><td class="num attn">4</td><td class="num attn">4</td><td class="num">121,950</td><td>Regression</td><td></td></tr><tr><th colspan="7">ASCP Reports Smoke Suite</th></tr><tr class="stripe"><td><a href="#t1">ASCP Reports Smoke Test</a></td><td class="num">5</td><td class="num attn">2</td><td class="num attn">3</td><td class="num">130,374</td><td>Smoke</td><td></td></tr><tr><th colspan="7">WebAutoForce</th></tr><tr><th>Total</th><th class="num">10</th><th class="num attn">6</th><th class="num attn">7</th><th class="num">252,324</th><th colspan="2"></th></tr></table><table><thead><tr><th>Class</th><th>Method</th><th>Start</th><th>Time (ms)</th></tr></thead><tbody><tr><th colspan="4">ASCP Reports Regression Suite</th></tr></tbody><tbody id="t0"><tr><th colspan="4">ASCP Reports Regression Test &#8212; failed</th></tr><tr class="failedeven"><td rowspan="1">report.test.Test_ypClicks</td><td><a href="#m0">ypClicksOverviewTest</a></td><td rowspan="1">1441342119027</td><td rowspan="1">6968</td></tr><tr class="failedodd"><td rowspan="1">report.test.Test_ypDisplay</td><td><a href="#m1">launchURLTestypDisplay</a></td><td rowspan="1">1441342045334</td><td rowspan="1">27554</td></tr><tr class="failedeven"><td rowspan="1">report.test.Test_ypLocalAds</td><td><a href="#m2">ypLocalAdsTopSectionTest</a></td><td rowspan="1">1441342026379</td><td rowspan="1">474</td></tr><tr class="failedodd"><td rowspan="1">report.test.Test_ypWebsite</td><td><a href="#m3">launchURLTestypWebsites</a></td><td rowspan="1">1441342072893</td><td rowspan="1">27530</td></tr><tr><th colspan="4">ASCP Reports Regression Test &#8212; skipped</th></tr><tr class="skippedeven"><td rowspan="2">report.test.Test_ypDisplay</td><td><a href="#m4">ypDispalyOverviewTest</a></td><td rowspan="1">1441342072891</td><td rowspan="1">0</td></tr><tr class="skippedeven"><td><a href="#m5">ypDisplayBottomSectionTest</a></td><td rowspan="1">1441342072893</td><td rowspan="1">0</td></tr><tr class="skippedodd"><td rowspan="2">report.test.Test_ypWebsite</td><td><a href="#m6">ypWebsitesBottomSectionTest</a></td><td rowspan="1">1441342100438</td><td rowspan="1">0</td></tr><tr class="skippedodd"><td><a href="#m7">ypWebsitesOverviewTest</a></td><td rowspan="1">1441342100436</td><td rowspan="1">0</td></tr><tr><th colspan="4">ASCP Reports Regression Test &#8212; passed</th></tr><tr class="passedeven"><td rowspan="1">report.test.Test_ypClicks</td><td><a href="#m8">launchURLTestypClicks</a></td><td rowspan="1">1441342100448</td><td rowspan="1">18579</td></tr><tr class="passedodd"><td rowspan="2">report.test.Test_ypLocalAds</td><td><a href="#m9">launchURLTestypLocal</a></td><td rowspan="1">1441342004048</td><td rowspan="1">15750</td></tr><tr class="passedodd"><td><a href="#m10">ypLocalAdsOverviewTest</a></td><td rowspan="1">1441342019798</td><td rowspan="1">6578</td></tr><tr class="passedeven"><td rowspan="2">report.test.Test_ypRealYellowPages</td><td><a href="#m11">launchURLTestypReal</a></td><td rowspan="1">1441342026856</td><td rowspan="1">14372</td></tr><tr class="passedeven"><td><a href="#m12">ypRealYellowPagesOverviewTest</a></td><td rowspan="1">1441342041231</td><td rowspan="1">4103</td></tr></tbody><tbody><tr><th colspan="4">ASCP Reports Smoke Suite</th></tr></tbody><tbody id="t1"><tr><th colspan="4">ASCP Reports Smoke Test &#8212; failed</th></tr><tr class="failedeven"><td rowspan="1">report.test.Test_ypClicks</td><td><a href="#m13">ypClicksOverviewTest</a></td><td rowspan="1">1441341996983</td><td rowspan="1">6990</td></tr><tr class="failedodd"><td rowspan="1">report.test.Test_ypDisplay</td><td><a href="#m14">launchURLTestypDisplay</a></td><td rowspan="1">1441341910574</td><td rowspan="1">28330</td></tr><tr class="failedeven"><td rowspan="1">report.test.Test_ypWebsite</td><td><a href="#m15">launchURLTestypWebsites</a></td><td rowspan="1">1441341938911</td><td rowspan="1">32974</td></tr><tr><th colspan="4">ASCP Reports Smoke Test &#8212; skipped</th></tr><tr class="skippedeven"><td rowspan="1">report.test.Test_ypDisplay</td><td><a href="#m16">ypDispalyOverviewTest</a></td><td rowspan="1">1441341938909</td><td rowspan="1">0</td></tr><tr class="skippedodd"><td rowspan="1">report.test.Test_ypWebsite</td><td><a href="#m17">ypWebsitesOverviewTest</a></td><td rowspan="1">1441341971900</td><td rowspan="1">0</td></tr><tr><th colspan="4">ASCP Reports Smoke Test &#8212; passed</th></tr><tr class="passedeven"><td rowspan="1">report.test.Test_ypClicks</td><td><a href="#m18">launchURLTestypClicks</a></td><td rowspan="1">1441341971905</td><td rowspan="1">25076</td></tr><tr class="passedodd"><td rowspan="2">report.test.Test_ypLocalAds</td><td><a href="#m19">launchURLTestypLocal</a></td><td rowspan="1">1441341873616</td><td rowspan="1">12833</td></tr><tr class="passedodd"><td><a href="#m20">ypLocalAdsOverviewTest</a></td><td rowspan="1">1441341886454</td><td rowspan="1">6516</td></tr><tr class="passedeven"><td rowspan="2">report.test.Test_ypRealYellowPages</td><td><a href="#m21">launchURLTestypReal</a></td><td rowspan="1">1441341892970</td><td rowspan="1">13520</td></tr><tr class="passedeven"><td><a href="#m22">ypRealYellowPagesOverviewTest</a></td><td rowspan="1">1441341906493</td><td rowspan="1">4081</td></tr></tbody><tbody><tr><th colspan="4">WebAutoForce</th></tr></tbody></table><h2>ASCP Reports Regression Test</h2><h3 id="m0">report.test.Test_ypClicks#ypClicksOverviewTest</h3><table class="result"><tr><th>Exception</th></tr><tr><td><div class="stacktrace">java.lang.AssertionError: expected [22] but found [13]
	at report.test.Test_ypClicks.ypClicksOverviewTest(Test_ypClicks.java:91)
... Removed 30 stack frames</div></td></tr></table><p class="totop"><a href="#summary">back to summary</a></p><h3 id="m1">report.test.Test_ypDisplay#launchURLTestypDisplay</h3><table class="result"><tr><th>Exception</th></tr><tr><td><div class="stacktrace">org.openqa.selenium.NoSuchElementException: Unable to locate element: {&quot;method&quot;:&quot;xpath&quot;,&quot;selector&quot;:&quot;//*[@id=&apos;contentContainer&apos;]/div[3]/div/span[1]&quot;}
Command duration or timeout: 10.12 seconds
For documentation on this error, please visit: http://seleniumhq.org/exceptions/no_such_element.html
Build info: version: &apos;2.45.0&apos;, revision: &apos;5017cb8e7ca8e37638dc3091b2440b90a1d8686f&apos;, time: &apos;2015-02-27 09:10:26&apos;
System info: host: &apos;CA04WLVA4652&apos;, ip: &apos;10.67.9.254&apos;, os.name: &apos;Windows 7&apos;, os.arch: &apos;amd64&apos;, os.version: &apos;6.1&apos;, java.version: &apos;1.7.0_79&apos;
*** Element info: {Using=xpath, value=//*[@id=&apos;contentContainer&apos;]/div[3]/div/span[1]}
Session ID: 459fc1cf-da9d-423e-b406-39358be08bee
Driver info: org.openqa.selenium.firefox.FirefoxDriver
Capabilities [{platform=WINDOWS, acceptSslCerts=true, javascriptEnabled=true, cssSelectorsEnabled=true, databaseEnabled=true, browserName=firefox, handlesAlerts=true, nativeEvents=false, webStorageEnabled=true, rotatable=false, locationContextEnabled=true, applicationCacheEnabled=true, takesScreenshot=true, version=39.0.3}]
	at org.openqa.selenium.remote.ErrorHandler.createThrowable(ErrorHandler.java:204)
	at org.openqa.selenium.remote.ErrorHandler.throwIfResponseFailed(ErrorHandler.java:156)
	at org.openqa.selenium.remote.RemoteWebDriver.execute(RemoteWebDriver.java:599)
	at org.openqa.selenium.remote.RemoteWebDriver.findElement(RemoteWebDriver.java:352)
	at org.openqa.selenium.remote.RemoteWebDriver.findElementByXPath(RemoteWebDriver.java:449)
	at org.openqa.selenium.By$ByXPath.findElement(By.java:357)
	at org.openqa.selenium.remote.RemoteWebDriver.findElement(RemoteWebDriver.java:344)
	at org.openqa.selenium.support.pagefactory.DefaultElementLocator.findElement(DefaultElementLocator.java:59)
	at org.openqa.selenium.support.pagefactory.internal.LocatingElementHandler.invoke(LocatingElementHandler.java:37)
	at com.sun.proxy.$Proxy8.isDisplayed(Unknown Source)
	at report.test.Test_ypDisplay.launchURLTestypDisplay(Test_ypDisplay.java:87)
Caused by: org.openqa.selenium.NoSuchElementException: Unable to locate element: {&quot;method&quot;:&quot;xpath&quot;,&quot;selector&quot;:&quot;//*[@id=&apos;contentContainer&apos;]/div[3]/div/span[1]&quot;}
For documentation on this error, please visit: http://seleniumhq.org/exceptions/no_such_element.html
Build info: version: &apos;2.45.0&apos;, revision: &apos;5017cb8e7ca8e37638dc3091b2440b90a1d8686f&apos;, time: &apos;2015-02-27 09:10:26&apos;
System info: host: &apos;CA04WLVA4652&apos;, ip: &apos;10.67.9.254&apos;, os.name: &apos;Windows 7&apos;, os.arch: &apos;amd64&apos;, os.version: &apos;6.1&apos;, java.version: &apos;1.7.0_79&apos;
Driver info: driver.version: unknown
	at &lt;anonymous class&gt;.FirefoxDriver.prototype.findElementInternal_(file:///C:/Users/VA4652/AppData/Local/Temp/anonymous4886934323543985845webdriver-profile/extensions/fxdriver@googlecode.com/components/driver-component.js:10271)
	at &lt;anonymous class&gt;.fxdriver.Timer.prototype.setTimeout/&lt;.notify(file:///C:/Users/VA4652/AppData/Local/Temp/anonymous4886934323543985845webdriver-profile/extensions/fxdriver@googlecode.com/components/driver-component.js:603)
... Removed 29 stack frames</div></td></tr></table><p class="totop"><a href="#summary">back to summary</a></p><h3 id="m2">report.test.Test_ypLocalAds#ypLocalAdsTopSectionTest</h3><table class="result"><tr><th>Exception</th></tr><tr><td><div class="stacktrace">java.lang.AssertionError: All Assertions are met and elements are displayed expected [5] but found [4]
	at report.test.Test_ypLocalAds.ypLocalAdsTopSectionTest(Test_ypLocalAds.java:147)
... Removed 29 stack frames</div></td></tr></table><p class="totop"><a href="#summary">back to summary</a></p><h3 id="m3">report.test.Test_ypWebsite#launchURLTestypWebsites</h3><table class="result"><tr><th>Exception</th></tr><tr><td><div class="stacktrace">java.lang.Throwable: Multiple failures (3):nnFailure 1 of 3:norg.openqa.selenium.NoSuchElementException: Unable to locate element: {&quot;method&quot;:&quot;xpath&quot;,&quot;selector&quot;:&quot;//*[@id=&apos;dvSubNav&apos;]/img&quot;}
Command duration or timeout: 10.16 seconds
For documentation on this error, please visit: http://seleniumhq.org/exceptions/no_such_element.html
Build info: version: &apos;2.45.0&apos;, revision: &apos;5017cb8e7ca8e37638dc3091b2440b90a1d8686f&apos;, time: &apos;2015-02-27 09:10:26&apos;
System info: host: &apos;CA04WLVA4652&apos;, ip: &apos;10.67.9.254&apos;, os.name: &apos;Windows 7&apos;, os.arch: &apos;amd64&apos;, os.version: &apos;6.1&apos;, java.version: &apos;1.7.0_79&apos;
*** Element info: {Using=xpath, value=//*[@id=&apos;dvSubNav&apos;]/img}
Session ID: 459fc1cf-da9d-423e-b406-39358be08bee
Driver info: org.openqa.selenium.firefox.FirefoxDriver
Capabilities [{platform=WINDOWS, acceptSslCerts=true, javascriptEnabled=true, cssSelectorsEnabled=true, databaseEnabled=true, browserName=firefox, handlesAlerts=true, nativeEvents=false, webStorageEnabled=true, rotatable=false, locationContextEnabled=true, applicationCacheEnabled=true, takesScreenshot=true, version=39.0.3}]
	at org.openqa.selenium.remote.ErrorHandler.createThrowable(ErrorHandler.java:204)
	at org.openqa.selenium.remote.ErrorHandler.throwIfResponseFailed(ErrorHandler.java:156)
	at org.openqa.selenium.remote.RemoteWebDriver.execute(RemoteWebDriver.java:599)
	at org.openqa.selenium.remote.RemoteWebDriver.findElement(RemoteWebDriver.java:352)
	at org.openqa.selenium.remote.RemoteWebDriver.findElementByXPath(RemoteWebDriver.java:449)
	at org.openqa.selenium.By$ByXPath.findElement(By.java:357)
	at org.openqa.selenium.remote.RemoteWebDriver.findElement(RemoteWebDriver.java:344)
	at report.test.TestBase.isElementPresent(TestBase.java:123)
	at report.pages.ypWebsites.launchURL(ypWebsites.java:91)
	at report.test.Test_ypWebsite.launchURLTestypWebsites(Test_ypWebsite.java:80)
Caused by: org.openqa.selenium.NoSuchElementException: Unable to locate element: {&quot;method&quot;:&quot;xpath&quot;,&quot;selector&quot;:&quot;//*[@id=&apos;dvSubNav&apos;]/img&quot;}
For documentation on this error, please visit: http://seleniumhq.org/exceptions/no_such_element.html
Build info: version: &apos;2.45.0&apos;, revision: &apos;5017cb8e7ca8e37638dc3091b2440b90a1d8686f&apos;, time: &apos;2015-02-27 09:10:26&apos;
System info: host: &apos;CA04WLVA4652&apos;, ip: &apos;10.67.9.254&apos;, os.name: &apos;Windows 7&apos;, os.arch: &apos;amd64&apos;, os.version: &apos;6.1&apos;, java.version: &apos;1.7.0_79&apos;
Driver info: driver.version: unknown
	at &lt;anonymous class&gt;.FirefoxDriver.prototype.findElementInternal_(file:///C:/Users/VA4652/AppData/Local/Temp/anonymous4886934323543985845webdriver-profile/extensions/fxdriver@googlecode.com/components/driver-component.js:10271)
	at &lt;anonymous class&gt;.fxdriver.Timer.prototype.setTimeout/&lt;.notify(file:///C:/Users/VA4652/AppData/Local/Temp/anonymous4886934323543985845webdriver-profile/extensions/fxdriver@googlecode.com/components/driver-component.js:603)
nnFailure 2 of 3:norg.openqa.selenium.NoSuchElementException: Unable to locate element: {&quot;method&quot;:&quot;xpath&quot;,&quot;selector&quot;:&quot;//*[@id=&apos;DisplayDates&apos;]&quot;}
Command duration or timeout: 10.10 seconds
For documentation on this error, please visit: http://seleniumhq.org/exceptions/no_such_element.html
Build info: version: &apos;2.45.0&apos;, revision: &apos;5017cb8e7ca8e37638dc3091b2440b90a1d8686f&apos;, time: &apos;2015-02-27 09:10:26&apos;
System info: host: &apos;CA04WLVA4652&apos;, ip: &apos;10.67.9.254&apos;, os.name: &apos;Windows 7&apos;, os.arch: &apos;amd64&apos;, os.version: &apos;6.1&apos;, java.version: &apos;1.7.0_79&apos;
*** Element info: {Using=xpath, value=//*[@id=&apos;DisplayDates&apos;]}
Session ID: 459fc1cf-da9d-423e-b406-39358be08bee
Driver info: org.openqa.selenium.firefox.FirefoxDriver
Capabilities [{platform=WINDOWS, acceptSslCerts=true, javascriptEnabled=true, cssSelectorsEnabled=true, databaseEnabled=true, browserName=firefox, handlesAlerts=true, nativeEvents=false, webStorageEnabled=true, rotatable=false, locationContextEnabled=true, applicationCacheEnabled=true, takesScreenshot=true, version=39.0.3}]
	at org.openqa.selenium.remote.ErrorHandler.createThrowable(ErrorHandler.java:204)
	at org.openqa.selenium.remote.ErrorHandler.throwIfResponseFailed(ErrorHandler.java:156)
	at org.openqa.selenium.remote.RemoteWebDriver.execute(RemoteWebDriver.java:599)
	at org.openqa.selenium.remote.RemoteWebDriver.findElement(RemoteWebDriver.java:352)
	at org.openqa.selenium.remote.RemoteWebDriver.findElementByXPath(RemoteWebDriver.java:449)
	at org.openqa.selenium.By$ByXPath.findElement(By.java:357)
	at org.openqa.selenium.remote.RemoteWebDriver.findElement(RemoteWebDriver.java:344)
	at report.test.TestBase.isElementPresent(TestBase.java:123)
	at report.pages.ypWebsites.launchURL(ypWebsites.java:95)
	at report.test.Test_ypWebsite.launchURLTestypWebsites(Test_ypWebsite.java:80)
Caused by: org.openqa.selenium.NoSuchElementException: Unable to locate element: {&quot;method&quot;:&quot;xpath&quot;,&quot;selector&quot;:&quot;//*[@id=&apos;DisplayDates&apos;]&quot;}
For documentation on this error, please visit: http://seleniumhq.org/exceptions/no_such_element.html
Build info: version: &apos;2.45.0&apos;, revision: &apos;5017cb8e7ca8e37638dc3091b2440b90a1d8686f&apos;, time: &apos;2015-02-27 09:10:26&apos;
System info: host: &apos;CA04WLVA4652&apos;, ip: &apos;10.67.9.254&apos;, os.name: &apos;Windows 7&apos;, os.arch: &apos;amd64&apos;, os.version: &apos;6.1&apos;, java.version: &apos;1.7.0_79&apos;
Driver info: driver.version: unknown
	at &lt;anonymous class&gt;.FirefoxDriver.prototype.findElementInternal_(file:///C:/Users/VA4652/AppData/Local/Temp/anonymous4886934323543985845webdriver-profile/extensions/fxdriver@googlecode.com/components/driver-component.js:10271)
	at &lt;anonymous class&gt;.fxdriver.Timer.prototype.setTimeout/&lt;.notify(file:///C:/Users/VA4652/AppData/Local/Temp/anonymous4886934323543985845webdriver-profile/extensions/fxdriver@googlecode.com/components/driver-component.js:603)
nnFailure 3 of 3:njava.lang.AssertionError: expected [true] but found [false]
	at report.pages.ypWebsites.launchURL(ypWebsites.java:95)
	at report.test.Test_ypWebsite.launchURLTestypWebsites(Test_ypWebsite.java:80)
... Removed 87 stack frames</div></td></tr></table><p class="totop"><a href="#summary">back to summary</a></p><h3 id="m4">report.test.Test_ypDisplay#ypDispalyOverviewTest</h3><table class="result"><tr><th>Exception</th></tr><tr><td><div class="stacktrace">java.lang.Throwable: Method Test_ypDisplay.ypDispalyOverviewTest()[pri:0, instance:report.test.Test_ypDisplay@7d5fec4] depends on not successfully finished methods
... Removed 18 stack frames</div></td></tr></table><p class="totop"><a href="#summary">back to summary</a></p><h3 id="m5">report.test.Test_ypDisplay#ypDisplayBottomSectionTest</h3><table class="result"><tr><th>Exception</th></tr><tr><td><div class="stacktrace">java.lang.Throwable: Method Test_ypDisplay.ypDisplayBottomSectionTest()[pri:0, instance:report.test.Test_ypDisplay@7d5fec4] depends on not successfully finished methods
... Removed 18 stack frames</div></td></tr></table><p class="totop"><a href="#summary">back to summary</a></p><h3 id="m6">report.test.Test_ypWebsite#ypWebsitesBottomSectionTest</h3><table class="result"><tr><th>Exception</th></tr><tr><td><div class="stacktrace">java.lang.Throwable: Method Test_ypWebsite.ypWebsitesBottomSectionTest()[pri:0, instance:report.test.Test_ypWebsite@f9861be] depends on not successfully finished methods
... Removed 18 stack frames</div></td></tr></table><p class="totop"><a href="#summary">back to summary</a></p><h3 id="m7">report.test.Test_ypWebsite#ypWebsitesOverviewTest</h3><table class="result"><tr><th>Exception</th></tr><tr><td><div class="stacktrace">java.lang.Throwable: Method Test_ypWebsite.ypWebsitesOverviewTest()[pri:0, instance:report.test.Test_ypWebsite@f9861be] depends on not successfully finished methods
... Removed 18 stack frames</div></td></tr></table><p class="totop"><a href="#summary">back to summary</a></p><h3 id="m8">report.test.Test_ypClicks#launchURLTestypClicks</h3><table class="result"></table><p class="totop"><a href="#summary">back to summary</a></p><h3 id="m9">report.test.Test_ypLocalAds#launchURLTestypLocal</h3><table class="result"></table><p class="totop"><a href="#summary">back to summary</a></p><h3 id="m10">report.test.Test_ypLocalAds#ypLocalAdsOverviewTest</h3><table class="result"></table><p class="totop"><a href="#summary">back to summary</a></p><h3 id="m11">report.test.Test_ypRealYellowPages#launchURLTestypReal</h3><table class="result"></table><p class="totop"><a href="#summary">back to summary</a></p><h3 id="m12">report.test.Test_ypRealYellowPages#ypRealYellowPagesOverviewTest</h3><table class="result"></table><p class="totop"><a href="#summary">back to summary</a></p><h2>ASCP Reports Smoke Test</h2><h3 id="m13">report.test.Test_ypClicks#ypClicksOverviewTest</h3><table class="result"><tr><th>Exception</th></tr><tr><td><div class="stacktrace">java.lang.AssertionError: expected [22] but found [13]
	at report.test.Test_ypClicks.ypClicksOverviewTest(Test_ypClicks.java:91)
... Removed 30 stack frames</div></td></tr></table><p class="totop"><a href="#summary">back to summary</a></p><h3 id="m14">report.test.Test_ypDisplay#launchURLTestypDisplay</h3><table class="result"><tr><th>Exception</th></tr><tr><td><div class="stacktrace">org.openqa.selenium.NoSuchElementException: Unable to locate element: {&quot;method&quot;:&quot;xpath&quot;,&quot;selector&quot;:&quot;//*[@id=&apos;contentContainer&apos;]/div[3]/div/span[1]&quot;}
Command duration or timeout: 10.09 seconds
For documentation on this error, please visit: http://seleniumhq.org/exceptions/no_such_element.html
Build info: version: &apos;2.45.0&apos;, revision: &apos;5017cb8e7ca8e37638dc3091b2440b90a1d8686f&apos;, time: &apos;2015-02-27 09:10:26&apos;
System info: host: &apos;CA04WLVA4652&apos;, ip: &apos;10.67.9.254&apos;, os.name: &apos;Windows 7&apos;, os.arch: &apos;amd64&apos;, os.version: &apos;6.1&apos;, java.version: &apos;1.7.0_79&apos;
*** Element info: {Using=xpath, value=//*[@id=&apos;contentContainer&apos;]/div[3]/div/span[1]}
Session ID: 459fc1cf-da9d-423e-b406-39358be08bee
Driver info: org.openqa.selenium.firefox.FirefoxDriver
Capabilities [{platform=WINDOWS, acceptSslCerts=true, javascriptEnabled=true, cssSelectorsEnabled=true, databaseEnabled=true, browserName=firefox, handlesAlerts=true, nativeEvents=false, webStorageEnabled=true, rotatable=false, locationContextEnabled=true, applicationCacheEnabled=true, takesScreenshot=true, version=39.0.3}]
	at org.openqa.selenium.remote.ErrorHandler.createThrowable(ErrorHandler.java:204)
	at org.openqa.selenium.remote.ErrorHandler.throwIfResponseFailed(ErrorHandler.java:156)
	at org.openqa.selenium.remote.RemoteWebDriver.execute(RemoteWebDriver.java:599)
	at org.openqa.selenium.remote.RemoteWebDriver.findElement(RemoteWebDriver.java:352)
	at org.openqa.selenium.remote.RemoteWebDriver.findElementByXPath(RemoteWebDriver.java:449)
	at org.openqa.selenium.By$ByXPath.findElement(By.java:357)
	at org.openqa.selenium.remote.RemoteWebDriver.findElement(RemoteWebDriver.java:344)
	at org.openqa.selenium.support.pagefactory.DefaultElementLocator.findElement(DefaultElementLocator.java:59)
	at org.openqa.selenium.support.pagefactory.internal.LocatingElementHandler.invoke(LocatingElementHandler.java:37)
	at com.sun.proxy.$Proxy8.isDisplayed(Unknown Source)
	at report.test.Test_ypDisplay.launchURLTestypDisplay(Test_ypDisplay.java:87)
Caused by: org.openqa.selenium.NoSuchElementException: Unable to locate element: {&quot;method&quot;:&quot;xpath&quot;,&quot;selector&quot;:&quot;//*[@id=&apos;contentContainer&apos;]/div[3]/div/span[1]&quot;}
For documentation on this error, please visit: http://seleniumhq.org/exceptions/no_such_element.html
Build info: version: &apos;2.45.0&apos;, revision: &apos;5017cb8e7ca8e37638dc3091b2440b90a1d8686f&apos;, time: &apos;2015-02-27 09:10:26&apos;
System info: host: &apos;CA04WLVA4652&apos;, ip: &apos;10.67.9.254&apos;, os.name: &apos;Windows 7&apos;, os.arch: &apos;amd64&apos;, os.version: &apos;6.1&apos;, java.version: &apos;1.7.0_79&apos;
Driver info: driver.version: unknown
	at &lt;anonymous class&gt;.FirefoxDriver.prototype.findElementInternal_(file:///C:/Users/VA4652/AppData/Local/Temp/anonymous4886934323543985845webdriver-profile/extensions/fxdriver@googlecode.com/components/driver-component.js:10271)
	at &lt;anonymous class&gt;.fxdriver.Timer.prototype.setTimeout/&lt;.notify(file:///C:/Users/VA4652/AppData/Local/Temp/anonymous4886934323543985845webdriver-profile/extensions/fxdriver@googlecode.com/components/driver-component.js:603)
... Removed 29 stack frames</div></td></tr></table><p class="totop"><a href="#summary">back to summary</a></p><h3 id="m15">report.test.Test_ypWebsite#launchURLTestypWebsites</h3><table class="result"><tr><th>Exception</th></tr><tr><td><div class="stacktrace">java.lang.Throwable: Multiple failures (3):nnFailure 1 of 3:norg.openqa.selenium.NoSuchElementException: Unable to locate element: {&quot;method&quot;:&quot;xpath&quot;,&quot;selector&quot;:&quot;//*[@id=&apos;dvSubNav&apos;]/img&quot;}
Command duration or timeout: 10.18 seconds
For documentation on this error, please visit: http://seleniumhq.org/exceptions/no_such_element.html
Build info: version: &apos;2.45.0&apos;, revision: &apos;5017cb8e7ca8e37638dc3091b2440b90a1d8686f&apos;, time: &apos;2015-02-27 09:10:26&apos;
System info: host: &apos;CA04WLVA4652&apos;, ip: &apos;10.67.9.254&apos;, os.name: &apos;Windows 7&apos;, os.arch: &apos;amd64&apos;, os.version: &apos;6.1&apos;, java.version: &apos;1.7.0_79&apos;
*** Element info: {Using=xpath, value=//*[@id=&apos;dvSubNav&apos;]/img}
Session ID: 459fc1cf-da9d-423e-b406-39358be08bee
Driver info: org.openqa.selenium.firefox.FirefoxDriver
Capabilities [{platform=WINDOWS, acceptSslCerts=true, javascriptEnabled=true, cssSelectorsEnabled=true, databaseEnabled=true, browserName=firefox, handlesAlerts=true, nativeEvents=false, webStorageEnabled=true, rotatable=false, locationContextEnabled=true, applicationCacheEnabled=true, takesScreenshot=true, version=39.0.3}]
	at org.openqa.selenium.remote.ErrorHandler.createThrowable(ErrorHandler.java:204)
	at org.openqa.selenium.remote.ErrorHandler.throwIfResponseFailed(ErrorHandler.java:156)
	at org.openqa.selenium.remote.RemoteWebDriver.execute(RemoteWebDriver.java:599)
	at org.openqa.selenium.remote.RemoteWebDriver.findElement(RemoteWebDriver.java:352)
	at org.openqa.selenium.remote.RemoteWebDriver.findElementByXPath(RemoteWebDriver.java:449)
	at org.openqa.selenium.By$ByXPath.findElement(By.java:357)
	at org.openqa.selenium.remote.RemoteWebDriver.findElement(RemoteWebDriver.java:344)
	at report.test.TestBase.isElementPresent(TestBase.java:123)
	at report.pages.ypWebsites.launchURL(ypWebsites.java:91)
	at report.test.Test_ypWebsite.launchURLTestypWebsites(Test_ypWebsite.java:80)
Caused by: org.openqa.selenium.NoSuchElementException: Unable to locate element: {&quot;method&quot;:&quot;xpath&quot;,&quot;selector&quot;:&quot;//*[@id=&apos;dvSubNav&apos;]/img&quot;}
For documentation on this error, please visit: http://seleniumhq.org/exceptions/no_such_element.html
Build info: version: &apos;2.45.0&apos;, revision: &apos;5017cb8e7ca8e37638dc3091b2440b90a1d8686f&apos;, time: &apos;2015-02-27 09:10:26&apos;
System info: host: &apos;CA04WLVA4652&apos;, ip: &apos;10.67.9.254&apos;, os.name: &apos;Windows 7&apos;, os.arch: &apos;amd64&apos;, os.version: &apos;6.1&apos;, java.version: &apos;1.7.0_79&apos;
Driver info: driver.version: unknown
	at &lt;anonymous class&gt;.FirefoxDriver.prototype.findElementInternal_(file:///C:/Users/VA4652/AppData/Local/Temp/anonymous4886934323543985845webdriver-profile/extensions/fxdriver@googlecode.com/components/driver-component.js:10271)
	at &lt;anonymous class&gt;.fxdriver.Timer.prototype.setTimeout/&lt;.notify(file:///C:/Users/VA4652/AppData/Local/Temp/anonymous4886934323543985845webdriver-profile/extensions/fxdriver@googlecode.com/components/driver-component.js:603)
nnFailure 2 of 3:norg.openqa.selenium.NoSuchElementException: Unable to locate element: {&quot;method&quot;:&quot;xpath&quot;,&quot;selector&quot;:&quot;//*[@id=&apos;DisplayDates&apos;]&quot;}
Command duration or timeout: 10.13 seconds
For documentation on this error, please visit: http://seleniumhq.org/exceptions/no_such_element.html
Build info: version: &apos;2.45.0&apos;, revision: &apos;5017cb8e7ca8e37638dc3091b2440b90a1d8686f&apos;, time: &apos;2015-02-27 09:10:26&apos;
System info: host: &apos;CA04WLVA4652&apos;, ip: &apos;10.67.9.254&apos;, os.name: &apos;Windows 7&apos;, os.arch: &apos;amd64&apos;, os.version: &apos;6.1&apos;, java.version: &apos;1.7.0_79&apos;
*** Element info: {Using=xpath, value=//*[@id=&apos;DisplayDates&apos;]}
Session ID: 459fc1cf-da9d-423e-b406-39358be08bee
Driver info: org.openqa.selenium.firefox.FirefoxDriver
Capabilities [{platform=WINDOWS, acceptSslCerts=true, javascriptEnabled=true, cssSelectorsEnabled=true, databaseEnabled=true, browserName=firefox, handlesAlerts=true, nativeEvents=false, webStorageEnabled=true, rotatable=false, locationContextEnabled=true, applicationCacheEnabled=true, takesScreenshot=true, version=39.0.3}]
	at org.openqa.selenium.remote.ErrorHandler.createThrowable(ErrorHandler.java:204)
	at org.openqa.selenium.remote.ErrorHandler.throwIfResponseFailed(ErrorHandler.java:156)
	at org.openqa.selenium.remote.RemoteWebDriver.execute(RemoteWebDriver.java:599)
	at org.openqa.selenium.remote.RemoteWebDriver.findElement(RemoteWebDriver.java:352)
	at org.openqa.selenium.remote.RemoteWebDriver.findElementByXPath(RemoteWebDriver.java:449)
	at org.openqa.selenium.By$ByXPath.findElement(By.java:357)
	at org.openqa.selenium.remote.RemoteWebDriver.findElement(RemoteWebDriver.java:344)
	at report.test.TestBase.isElementPresent(TestBase.java:123)
	at report.pages.ypWebsites.launchURL(ypWebsites.java:95)
	at report.test.Test_ypWebsite.launchURLTestypWebsites(Test_ypWebsite.java:80)
Caused by: org.openqa.selenium.NoSuchElementException: Unable to locate element: {&quot;method&quot;:&quot;xpath&quot;,&quot;selector&quot;:&quot;//*[@id=&apos;DisplayDates&apos;]&quot;}
For documentation on this error, please visit: http://seleniumhq.org/exceptions/no_such_element.html
Build info: version: &apos;2.45.0&apos;, revision: &apos;5017cb8e7ca8e37638dc3091b2440b90a1d8686f&apos;, time: &apos;2015-02-27 09:10:26&apos;
System info: host: &apos;CA04WLVA4652&apos;, ip: &apos;10.67.9.254&apos;, os.name: &apos;Windows 7&apos;, os.arch: &apos;amd64&apos;, os.version: &apos;6.1&apos;, java.version: &apos;1.7.0_79&apos;
Driver info: driver.version: unknown
	at &lt;anonymous class&gt;.FirefoxDriver.prototype.findElementInternal_(file:///C:/Users/VA4652/AppData/Local/Temp/anonymous4886934323543985845webdriver-profile/extensions/fxdriver@googlecode.com/components/driver-component.js:10271)
	at &lt;anonymous class&gt;.fxdriver.Timer.prototype.setTimeout/&lt;.notify(file:///C:/Users/VA4652/AppData/Local/Temp/anonymous4886934323543985845webdriver-profile/extensions/fxdriver@googlecode.com/components/driver-component.js:603)
nnFailure 3 of 3:njava.lang.AssertionError: expected [true] but found [false]
	at report.pages.ypWebsites.launchURL(ypWebsites.java:95)
	at report.test.Test_ypWebsite.launchURLTestypWebsites(Test_ypWebsite.java:80)
... Removed 87 stack frames</div></td></tr></table><p class="totop"><a href="#summary">back to summary</a></p><h3 id="m16">report.test.Test_ypDisplay#ypDispalyOverviewTest</h3><table class="result"><tr><th>Exception</th></tr><tr><td><div class="stacktrace">java.lang.Throwable: Method Test_ypDisplay.ypDispalyOverviewTest()[pri:0, instance:report.test.Test_ypDisplay@1c16062b] depends on not successfully finished methods
... Removed 18 stack frames</div></td></tr></table><p class="totop"><a href="#summary">back to summary</a></p><h3 id="m17">report.test.Test_ypWebsite#ypWebsitesOverviewTest</h3><table class="result"><tr><th>Exception</th></tr><tr><td><div class="stacktrace">java.lang.Throwable: Method Test_ypWebsite.ypWebsitesOverviewTest()[pri:0, instance:report.test.Test_ypWebsite@17fa385b] depends on not successfully finished methods
... Removed 18 stack frames</div></td></tr></table><p class="totop"><a href="#summary">back to summary</a></p><h3 id="m18">report.test.Test_ypClicks#launchURLTestypClicks</h3><table class="result"></table><p class="totop"><a href="#summary">back to summary</a></p><h3 id="m19">report.test.Test_ypLocalAds#launchURLTestypLocal</h3><table class="result"></table><p class="totop"><a href="#summary">back to summary</a></p><h3 id="m20">report.test.Test_ypLocalAds#ypLocalAdsOverviewTest</h3><table class="result"></table><p class="totop"><a href="#summary">back to summary</a></p><h3 id="m21">report.test.Test_ypRealYellowPages#launchURLTestypReal</h3><table class="result"></table><p class="totop"><a href="#summary">back to summary</a></p><h3 id="m22">report.test.Test_ypRealYellowPages#ypRealYellowPagesOverviewTest</h3><table class="result"></table><p class="totop"><a href="#summary">back to summary</a></p></body></html>