<?xml version="1.0" encoding="UTF-8"?>
<testng-results skipped="6" failed="7" total="23" passed="10">
  <reporter-output>
  </reporter-output>
  <suite name="ASCP Reports Regression Suite" duration-ms="121950" started-at="2015-09-04T04:46:44Z" finished-at="2015-09-04T04:48:45Z">
    <groups>
      <group name="Smoke">
        <method signature="Test_ypClicks.launchURLTestypClicks()[pri:0, instance:report.test.Test_ypClicks@5d3908f1]" name="launchURLTestypClicks" class="report.test.Test_ypClicks"/>
        <method signature="Test_ypClicks.ypClicksOverviewTest()[pri:0, instance:report.test.Test_ypClicks@5d3908f1]" name="ypClicksOverviewTest" class="report.test.Test_ypClicks"/>
        <method signature="Test_ypDisplay.launchURLTestypDisplay()[pri:0, instance:report.test.Test_ypDisplay@7d5fec4]" name="launchURLTestypDisplay" class="report.test.Test_ypDisplay"/>
        <method signature="Test_ypDisplay.ypDispalyOverviewTest()[pri:0, instance:report.test.Test_ypDisplay@7d5fec4]" name="ypDispalyOverviewTest" class="report.test.Test_ypDisplay"/>
        <method signature="Test_ypLocalAds.launchURLTestypLocal()[pri:0, instance:report.test.Test_ypLocalAds@7248f9e0]" name="launchURLTestypLocal" class="report.test.Test_ypLocalAds"/>
        <method signature="Test_ypLocalAds.ypLocalAdsOverviewTest()[pri:0, instance:report.test.Test_ypLocalAds@7248f9e0]" name="ypLocalAdsOverviewTest" class="report.test.Test_ypLocalAds"/>
        <method signature="Test_ypRealYellowPages.launchURLTestypReal()[pri:0, instance:report.test.Test_ypRealYellowPages@4b7a3607]" name="launchURLTestypReal" class="report.test.Test_ypRealYellowPages"/>
        <method signature="Test_ypRealYellowPages.ypRealYellowPagesOverviewTest()[pri:0, instance:report.test.Test_ypRealYellowPages@4b7a3607]" name="ypRealYellowPagesOverviewTest" class="report.test.Test_ypRealYellowPages"/>
        <method signature="Test_ypWebsite.launchURLTestypWebsites()[pri:0, instance:report.test.Test_ypWebsite@f9861be]" name="launchURLTestypWebsites" class="report.test.Test_ypWebsite"/>
        <method signature="Test_ypWebsite.ypWebsitesOverviewTest()[pri:0, instance:report.test.Test_ypWebsite@f9861be]" name="ypWebsitesOverviewTest" class="report.test.Test_ypWebsite"/>
      </group> <!-- Smoke -->
      <group name="Regression">
        <method signature="Test_ypClicks.launchURLTestypClicks()[pri:0, instance:report.test.Test_ypClicks@5d3908f1]" name="launchURLTestypClicks" class="report.test.Test_ypClicks"/>
        <method signature="Test_ypClicks.ypClicksOverviewTest()[pri:0, instance:report.test.Test_ypClicks@5d3908f1]" name="ypClicksOverviewTest" class="report.test.Test_ypClicks"/>
        <method signature="Test_ypDisplay.launchURLTestypDisplay()[pri:0, instance:report.test.Test_ypDisplay@7d5fec4]" name="launchURLTestypDisplay" class="report.test.Test_ypDisplay"/>
        <method signature="Test_ypDisplay.ypDispalyOverviewTest()[pri:0, instance:report.test.Test_ypDisplay@7d5fec4]" name="ypDispalyOverviewTest" class="report.test.Test_ypDisplay"/>
        <method signature="Test_ypDisplay.ypDisplayBottomSectionTest()[pri:0, instance:report.test.Test_ypDisplay@7d5fec4]" name="ypDisplayBottomSectionTest" class="report.test.Test_ypDisplay"/>
        <method signature="Test_ypLocalAds.launchURLTestypLocal()[pri:0, instance:report.test.Test_ypLocalAds@7248f9e0]" name="launchURLTestypLocal" class="report.test.Test_ypLocalAds"/>
        <method signature="Test_ypLocalAds.ypLocalAdsOverviewTest()[pri:0, instance:report.test.Test_ypLocalAds@7248f9e0]" name="ypLocalAdsOverviewTest" class="report.test.Test_ypLocalAds"/>
        <method signature="Test_ypLocalAds.ypLocalAdsTopSectionTest()[pri:0, instance:report.test.Test_ypLocalAds@7248f9e0]" name="ypLocalAdsTopSectionTest" class="report.test.Test_ypLocalAds"/>
        <method signature="Test_ypRealYellowPages.launchURLTestypReal()[pri:0, instance:report.test.Test_ypRealYellowPages@4b7a3607]" name="launchURLTestypReal" class="report.test.Test_ypRealYellowPages"/>
        <method signature="Test_ypRealYellowPages.ypRealYellowPagesOverviewTest()[pri:0, instance:report.test.Test_ypRealYellowPages@4b7a3607]" name="ypRealYellowPagesOverviewTest" class="report.test.Test_ypRealYellowPages"/>
        <method signature="Test_ypWebsite.launchURLTestypWebsites()[pri:0, instance:report.test.Test_ypWebsite@f9861be]" name="launchURLTestypWebsites" class="report.test.Test_ypWebsite"/>
        <method signature="Test_ypWebsite.ypWebsitesOverviewTest()[pri:0, instance:report.test.Test_ypWebsite@f9861be]" name="ypWebsitesOverviewTest" class="report.test.Test_ypWebsite"/>
        <method signature="Test_ypWebsite.ypWebsitesBottomSectionTest()[pri:0, instance:report.test.Test_ypWebsite@f9861be]" name="ypWebsitesBottomSectionTest" class="report.test.Test_ypWebsite"/>
      </group> <!-- Regression -->
    </groups>
    <test name="ASCP Reports Regression Test" duration-ms="121950" started-at="2015-09-04T04:46:44Z" finished-at="2015-09-04T04:48:45Z">
      <class name="report.test.Test_ypDisplay">
        <test-method status="FAIL" signature="launchURLTestypDisplay()[pri:0, instance:report.test.Test_ypDisplay@7d5fec4]" name="launchURLTestypDisplay" duration-ms="27554" started-at="2015-09-03T20:47:25Z" finished-at="2015-09-03T20:47:52Z">
          <exception class="org.openqa.selenium.NoSuchElementException">
            <message>
              <![CDATA[Unable to locate element: {"method":"xpath","selector":"//*[@id='contentContainer']/div[3]/div/span[1]"}
Command duration or timeout: 10.12 seconds
For documentation on this error, please visit: http://seleniumhq.org/exceptions/no_such_element.html
Build info: version: '2.45.0', revision: '5017cb8e7ca8e37638dc3091b2440b90a1d8686f', time: '2015-02-27 09:10:26'
System info: host: 'CA04WLVA4652', ip: '10.67.9.254', os.name: 'Windows 7', os.arch: 'amd64', os.version: '6.1', java.version: '1.7.0_79'
*** Element info: {Using=xpath, value=//*[@id='contentContainer']/div[3]/div/span[1]}
Session ID: 459fc1cf-da9d-423e-b406-39358be08bee
Driver info: org.openqa.selenium.firefox.FirefoxDriver
Capabilities [{platform=WINDOWS, acceptSslCerts=true, javascriptEnabled=true, cssSelectorsEnabled=true, databaseEnabled=true, browserName=firefox, handlesAlerts=true, nativeEvents=false, webStorageEnabled=true, rotatable=false, locationContextEnabled=true, applicationCacheEnabled=true, takesScreenshot=true, version=39.0.3}]]]>
            </message>
            <full-stacktrace>
              <![CDATA[org.openqa.selenium.NoSuchElementException: Unable to locate element: {"method":"xpath","selector":"//*[@id='contentContainer']/div[3]/div/span[1]"}
Command duration or timeout: 10.12 seconds
For documentation on this error, please visit: http://seleniumhq.org/exceptions/no_such_element.html
Build info: version: '2.45.0', revision: '5017cb8e7ca8e37638dc3091b2440b90a1d8686f', time: '2015-02-27 09:10:26'
System info: host: 'CA04WLVA4652', ip: '10.67.9.254', os.name: 'Windows 7', os.arch: 'amd64', os.version: '6.1', java.version: '1.7.0_79'
*** Element info: {Using=xpath, value=//*[@id='contentContainer']/div[3]/div/span[1]}
Session ID: 459fc1cf-da9d-423e-b406-39358be08bee
Driver info: org.openqa.selenium.firefox.FirefoxDriver
Capabilities [{platform=WINDOWS, acceptSslCerts=true, javascriptEnabled=true, cssSelectorsEnabled=true, databaseEnabled=true, browserName=firefox, handlesAlerts=true, nativeEvents=false, webStorageEnabled=true, rotatable=false, locationContextEnabled=true, applicationCacheEnabled=true, takesScreenshot=true, version=39.0.3}]
	at sun.reflect.NativeConstructorAccessorImpl.newInstance0(Native Method)
	at sun.reflect.NativeConstructorAccessorImpl.newInstance(NativeConstructorAccessorImpl.java:57)
	at sun.reflect.DelegatingConstructorAccessorImpl.newInstance(DelegatingConstructorAccessorImpl.java:45)
	at java.lang.reflect.Constructor.newInstance(Constructor.java:526)
	at org.openqa.selenium.remote.ErrorHandler.createThrowable(ErrorHandler.java:204)
	at org.openqa.selenium.remote.ErrorHandler.throwIfResponseFailed(ErrorHandler.java:156)
	at org.openqa.selenium.remote.RemoteWebDriver.execute(RemoteWebDriver.java:599)
	at org.openqa.selenium.remote.RemoteWebDriver.findElement(RemoteWebDriver.java:352)
	at org.openqa.selenium.remote.RemoteWebDriver.findElementByXPath(RemoteWebDriver.java:449)
	at org.openqa.selenium.By$ByXPath.findElement(By.java:357)
	at org.openqa.selenium.remote.RemoteWebDriver.findElement(RemoteWebDriver.java:344)
	at org.openqa.selenium.support.pagefactory.DefaultElementLocator.findElement(DefaultElementLocator.java:59)
	at org.openqa.selenium.support.pagefactory.internal.LocatingElementHandler.invoke(LocatingElementHandler.java:37)
	at com.sun.proxy.$Proxy8.isDisplayed(Unknown Source)
	at report.test.Test_ypDisplay.launchURLTestypDisplay(Test_ypDisplay.java:87)
	at sun.reflect.NativeMethodAccessorImpl.invoke0(Native Method)
	at sun.reflect.NativeMethodAccessorImpl.invoke(NativeMethodAccessorImpl.java:57)
	at sun.reflect.DelegatingMethodAccessorImpl.invoke(DelegatingMethodAccessorImpl.java:43)
	at java.lang.reflect.Method.invoke(Method.java:606)
	at org.testng.internal.MethodInvocationHelper.invokeMethod(MethodInvocationHelper.java:85)
	at org.testng.internal.Invoker.invokeMethod(Invoker.java:659)
	at org.testng.internal.Invoker.invokeTestMethod(Invoker.java:845)
	at org.testng.internal.Invoker.invokeTestMethods(Invoker.java:1153)
	at org.testng.internal.TestMethodWorker.invokeTestMethods(TestMethodWorker.java:125)
	at org.testng.internal.TestMethodWorker.run(TestMethodWorker.java:108)
	at org.testng.TestRunner.privateRun(TestRunner.java:771)
	at org.testng.TestRunner.run(TestRunner.java:621)
	at org.testng.SuiteRunner.runTest(SuiteRunner.java:357)
	at org.testng.SuiteRunner.runSequentially(SuiteRunner.java:352)
	at org.testng.SuiteRunner.privateRun(SuiteRunner.java:310)
	at org.testng.SuiteRunner.run(SuiteRunner.java:259)
	at org.testng.SuiteRunnerWorker.runSuite(SuiteRunnerWorker.java:52)
	at org.testng.SuiteRunnerWorker.run(SuiteRunnerWorker.java:86)
	at org.testng.TestNG.runSuitesSequentially(TestNG.java:1199)
	at org.testng.TestNG.runSuitesSequentially(TestNG.java:1195)
	at org.testng.TestNG.runSuitesLocally(TestNG.java:1124)
	at org.testng.TestNG.run(TestNG.java:1032)
	at org.testng.remote.RemoteTestNG.run(RemoteTestNG.java:111)
	at org.testng.remote.RemoteTestNG.initAndRun(RemoteTestNG.java:204)
	at org.testng.remote.RemoteTestNG.main(RemoteTestNG.java:175)
Caused by: org.openqa.selenium.NoSuchElementException: Unable to locate element: {"method":"xpath","selector":"//*[@id='contentContainer']/div[3]/div/span[1]"}
For documentation on this error, please visit: http://seleniumhq.org/exceptions/no_such_element.html
Build info: version: '2.45.0', revision: '5017cb8e7ca8e37638dc3091b2440b90a1d8686f', time: '2015-02-27 09:10:26'
System info: host: 'CA04WLVA4652', ip: '10.67.9.254', os.name: 'Windows 7', os.arch: 'amd64', os.version: '6.1', java.version: '1.7.0_79'
Driver info: driver.version: unknown
	at <anonymous class>.FirefoxDriver.prototype.findElementInternal_(file:///C:/Users/VA4652/AppData/Local/Temp/anonymous4886934323543985845webdriver-profile/extensions/fxdriver@googlecode.com/components/driver-component.js:10271)
	at <anonymous class>.fxdriver.Timer.prototype.setTimeout/<.notify(file:///C:/Users/VA4652/AppData/Local/Temp/anonymous4886934323543985845webdriver-profile/extensions/fxdriver@googlecode.com/components/driver-component.js:603)
]]>
            </full-stacktrace>
          </exception> <!-- org.openqa.selenium.NoSuchElementException -->
          <reporter-output>
          </reporter-output>
        </test-method> <!-- launchURLTestypDisplay -->
        <test-method status="SKIP" signature="ypDispalyOverviewTest()[pri:0, instance:report.test.Test_ypDisplay@7d5fec4]" name="ypDispalyOverviewTest" duration-ms="0" started-at="2015-09-03T20:47:52Z" depends-on-methods="report.test.Test_ypDisplay.launchURLTestypDisplay" finished-at="2015-09-03T20:47:52Z">
          <exception class="java.lang.Throwable">
            <message>
              <![CDATA[Method Test_ypDisplay.ypDispalyOverviewTest()[pri:0, instance:report.test.Test_ypDisplay@7d5fec4] depends on not successfully finished methods]]>
            </message>
            <full-stacktrace>
              <![CDATA[java.lang.Throwable: Method Test_ypDisplay.ypDispalyOverviewTest()[pri:0, instance:report.test.Test_ypDisplay@7d5fec4] depends on not successfully finished methods
	at org.testng.internal.Invoker.invokeTestMethods(Invoker.java:1063)
	at org.testng.internal.TestMethodWorker.invokeTestMethods(TestMethodWorker.java:125)
	at org.testng.internal.TestMethodWorker.run(TestMethodWorker.java:108)
	at org.testng.TestRunner.privateRun(TestRunner.java:771)
	at org.testng.TestRunner.run(TestRunner.java:621)
	at org.testng.SuiteRunner.runTest(SuiteRunner.java:357)
	at org.testng.SuiteRunner.runSequentially(SuiteRunner.java:352)
	at org.testng.SuiteRunner.privateRun(SuiteRunner.java:310)
	at org.testng.SuiteRunner.run(SuiteRunner.java:259)
	at org.testng.SuiteRunnerWorker.runSuite(SuiteRunnerWorker.java:52)
	at org.testng.SuiteRunnerWorker.run(SuiteRunnerWorker.java:86)
	at org.testng.TestNG.runSuitesSequentially(TestNG.java:1199)
	at org.testng.TestNG.runSuitesSequentially(TestNG.java:1195)
	at org.testng.TestNG.runSuitesLocally(TestNG.java:1124)
	at org.testng.TestNG.run(TestNG.java:1032)
	at org.testng.remote.RemoteTestNG.run(RemoteTestNG.java:111)
	at org.testng.remote.RemoteTestNG.initAndRun(RemoteTestNG.java:204)
	at org.testng.remote.RemoteTestNG.main(RemoteTestNG.java:175)
]]>
            </full-stacktrace>
          </exception> <!-- java.lang.Throwable -->
          <reporter-output>
          </reporter-output>
        </test-method> <!-- ypDispalyOverviewTest -->
        <test-method status="SKIP" signature="ypDisplayBottomSectionTest()[pri:0, instance:report.test.Test_ypDisplay@7d5fec4]" name="ypDisplayBottomSectionTest" duration-ms="0" started-at="2015-09-03T20:47:52Z" depends-on-methods="report.test.Test_ypDisplay.ypDispalyOverviewTest" finished-at="2015-09-03T20:47:52Z">
          <exception class="java.lang.Throwable">
            <message>
              <![CDATA[Method Test_ypDisplay.ypDisplayBottomSectionTest()[pri:0, instance:report.test.Test_ypDisplay@7d5fec4] depends on not successfully finished methods]]>
            </message>
            <full-stacktrace>
              <![CDATA[java.lang.Throwable: Method Test_ypDisplay.ypDisplayBottomSectionTest()[pri:0, instance:report.test.Test_ypDisplay@7d5fec4] depends on not successfully finished methods
	at org.testng.internal.Invoker.invokeTestMethods(Invoker.java:1063)
	at org.testng.internal.TestMethodWorker.invokeTestMethods(TestMethodWorker.java:125)
	at org.testng.internal.TestMethodWorker.run(TestMethodWorker.java:108)
	at org.testng.TestRunner.privateRun(TestRunner.java:771)
	at org.testng.TestRunner.run(TestRunner.java:621)
	at org.testng.SuiteRunner.runTest(SuiteRunner.java:357)
	at org.testng.SuiteRunner.runSequentially(SuiteRunner.java:352)
	at org.testng.SuiteRunner.privateRun(SuiteRunner.java:310)
	at org.testng.SuiteRunner.run(SuiteRunner.java:259)
	at org.testng.SuiteRunnerWorker.runSuite(SuiteRunnerWorker.java:52)
	at org.testng.SuiteRunnerWorker.run(SuiteRunnerWorker.java:86)
	at org.testng.TestNG.runSuitesSequentially(TestNG.java:1199)
	at org.testng.TestNG.runSuitesSequentially(TestNG.java:1195)
	at org.testng.TestNG.runSuitesLocally(TestNG.java:1124)
	at org.testng.TestNG.run(TestNG.java:1032)
	at org.testng.remote.RemoteTestNG.run(RemoteTestNG.java:111)
	at org.testng.remote.RemoteTestNG.initAndRun(RemoteTestNG.java:204)
	at org.testng.remote.RemoteTestNG.main(RemoteTestNG.java:175)
]]>
            </full-stacktrace>
          </exception> <!-- java.lang.Throwable -->
          <reporter-output>
          </reporter-output>
        </test-method> <!-- ypDisplayBottomSectionTest -->
      </class> <!-- report.test.Test_ypDisplay -->
      <class name="report.test.Test_ypClicks">
        <test-method status="PASS" signature="initBase()[pri:0, instance:report.test.Test_ypLocalAds@7248f9e0]" name="initBase" is-config="true" duration-ms="0" started-at="2015-09-03T20:46:44Z" finished-at="2015-09-03T20:46:44Z">
          <reporter-output>
          </reporter-output>
        </test-method> <!-- initBase -->
        <test-method status="PASS" signature="initBase()[pri:0, instance:report.test.Test_ypDisplay@7d5fec4]" name="initBase" is-config="true" duration-ms="0" started-at="2015-09-03T20:46:44Z" finished-at="2015-09-03T20:46:44Z">
          <reporter-output>
          </reporter-output>
        </test-method> <!-- initBase -->
        <test-method status="PASS" signature="initBase()[pri:0, instance:report.test.Test_ypWebsite@f9861be]" name="initBase" is-config="true" duration-ms="0" started-at="2015-09-03T20:46:44Z" finished-at="2015-09-03T20:46:44Z">
          <reporter-output>
          </reporter-output>
        </test-method> <!-- initBase -->
        <test-method status="PASS" signature="initBase()[pri:0, instance:report.test.Test_ypRealYellowPages@4b7a3607]" name="initBase" is-config="true" duration-ms="0" started-at="2015-09-03T20:46:44Z" finished-at="2015-09-03T20:46:44Z">
          <reporter-output>
          </reporter-output>
        </test-method> <!-- initBase -->
        <test-method status="PASS" signature="initBase()[pri:0, instance:report.test.Test_ypClicks@5d3908f1]" name="initBase" is-config="true" duration-ms="0" started-at="2015-09-03T20:46:44Z" finished-at="2015-09-03T20:46:44Z">
          <reporter-output>
          </reporter-output>
        </test-method> <!-- initBase -->
        <test-method status="PASS" signature="initBase()[pri:0, instance:report.test.Test_ypClicks@5d3908f1]" name="initBase" is-config="true" duration-ms="0" started-at="2015-09-03T20:48:20Z" finished-at="2015-09-03T20:48:20Z">
          <reporter-output>
          </reporter-output>
        </test-method> <!-- initBase -->
        <test-method status="PASS" signature="launchURLTestypClicks()[pri:0, instance:report.test.Test_ypClicks@5d3908f1]" name="launchURLTestypClicks" duration-ms="18579" started-at="2015-09-03T20:48:20Z" finished-at="2015-09-03T20:48:39Z">
          <reporter-output>
          </reporter-output>
        </test-method> <!-- launchURLTestypClicks -->
        <test-method status="FAIL" signature="ypClicksOverviewTest()[pri:0, instance:report.test.Test_ypClicks@5d3908f1]" name="ypClicksOverviewTest" duration-ms="6968" started-at="2015-09-03T20:48:39Z" depends-on-methods="report.test.Test_ypClicks.launchURLTestypClicks" finished-at="2015-09-03T20:48:45Z">
          <exception class="java.lang.AssertionError">
            <message>
              <![CDATA[expected [22] but found [13]]]>
            </message>
            <full-stacktrace>
              <![CDATA[java.lang.AssertionError: expected [22] but found [13]
	at org.testng.Assert.fail(Assert.java:94)
	at org.testng.Assert.failNotEquals(Assert.java:496)
	at org.testng.Assert.assertEquals(Assert.java:125)
	at org.testng.Assert.assertEquals(Assert.java:372)
	at org.testng.Assert.assertEquals(Assert.java:382)
	at report.test.Test_ypClicks.ypClicksOverviewTest(Test_ypClicks.java:91)
	at sun.reflect.NativeMethodAccessorImpl.invoke0(Native Method)
	at sun.reflect.NativeMethodAccessorImpl.invoke(NativeMethodAccessorImpl.java:57)
	at sun.reflect.DelegatingMethodAccessorImpl.invoke(DelegatingMethodAccessorImpl.java:43)
	at java.lang.reflect.Method.invoke(Method.java:606)
	at org.testng.internal.MethodInvocationHelper.invokeMethod(MethodInvocationHelper.java:85)
	at org.testng.internal.Invoker.invokeMethod(Invoker.java:659)
	at org.testng.internal.Invoker.invokeTestMethod(Invoker.java:845)
	at org.testng.internal.Invoker.invokeTestMethods(Invoker.java:1153)
	at org.testng.internal.TestMethodWorker.invokeTestMethods(TestMethodWorker.java:125)
	at org.testng.internal.TestMethodWorker.run(TestMethodWorker.java:108)
	at org.testng.TestRunner.privateRun(TestRunner.java:771)
	at org.testng.TestRunner.run(TestRunner.java:621)
	at org.testng.SuiteRunner.runTest(SuiteRunner.java:357)
	at org.testng.SuiteRunner.runSequentially(SuiteRunner.java:352)
	at org.testng.SuiteRunner.privateRun(SuiteRunner.java:310)
	at org.testng.SuiteRunner.run(SuiteRunner.java:259)
	at org.testng.SuiteRunnerWorker.runSuite(SuiteRunnerWorker.java:52)
	at org.testng.SuiteRunnerWorker.run(SuiteRunnerWorker.java:86)
	at org.testng.TestNG.runSuitesSequentially(TestNG.java:1199)
	at org.testng.TestNG.runSuitesSequentially(TestNG.java:1195)
	at org.testng.TestNG.runSuitesLocally(TestNG.java:1124)
	at org.testng.TestNG.run(TestNG.java:1032)
	at org.testng.remote.RemoteTestNG.run(RemoteTestNG.java:111)
	at org.testng.remote.RemoteTestNG.initAndRun(RemoteTestNG.java:204)
	at org.testng.remote.RemoteTestNG.main(RemoteTestNG.java:175)
]]>
            </full-stacktrace>
          </exception> <!-- java.lang.AssertionError -->
          <reporter-output>
          </reporter-output>
        </test-method> <!-- ypClicksOverviewTest -->
      </class> <!-- report.test.Test_ypClicks -->
      <class name="report.test.Test_ypRealYellowPages">
        <test-method status="PASS" signature="launchURLTestypReal()[pri:0, instance:report.test.Test_ypRealYellowPages@4b7a3607]" name="launchURLTestypReal" duration-ms="14372" started-at="2015-09-03T20:47:06Z" finished-at="2015-09-03T20:47:21Z">
          <reporter-output>
          </reporter-output>
        </test-method> <!-- launchURLTestypReal -->
        <test-method status="PASS" signature="ypRealYellowPagesOverviewTest()[pri:0, instance:report.test.Test_ypRealYellowPages@4b7a3607]" name="ypRealYellowPagesOverviewTest" duration-ms="4103" started-at="2015-09-03T20:47:21Z" depends-on-methods="report.test.Test_ypRealYellowPages.launchURLTestypReal" finished-at="2015-09-03T20:47:25Z">
          <reporter-output>
          </reporter-output>
        </test-method> <!-- ypRealYellowPagesOverviewTest -->
      </class> <!-- report.test.Test_ypRealYellowPages -->
      <class name="report.test.Test_ypWebsite">
        <test-method status="FAIL" signature="launchURLTestypWebsites()[pri:0, instance:report.test.Test_ypWebsite@f9861be]" name="launchURLTestypWebsites" duration-ms="27530" started-at="2015-09-03T20:47:52Z" finished-at="2015-09-03T20:48:20Z">
          <exception class="java.lang.Throwable">
            <message>
              <![CDATA[Multiple failures (3):nnFailure 1 of 3:norg.openqa.selenium.NoSuchElementException: Unable to locate element: {"method":"xpath","selector":"//*[@id='dvSubNav']/img"}
Command duration or timeout: 10.16 seconds
For documentation on this error, please visit: http://seleniumhq.org/exceptions/no_such_element.html
Build info: version: '2.45.0', revision: '5017cb8e7ca8e37638dc3091b2440b90a1d8686f', time: '2015-02-27 09:10:26'
System info: host: 'CA04WLVA4652', ip: '10.67.9.254', os.name: 'Windows 7', os.arch: 'amd64', os.version: '6.1', java.version: '1.7.0_79'
*** Element info: {Using=xpath, value=//*[@id='dvSubNav']/img}
Session ID: 459fc1cf-da9d-423e-b406-39358be08bee
Driver info: org.openqa.selenium.firefox.FirefoxDriver
Capabilities [{platform=WINDOWS, acceptSslCerts=true, javascriptEnabled=true, cssSelectorsEnabled=true, databaseEnabled=true, browserName=firefox, handlesAlerts=true, nativeEvents=false, webStorageEnabled=true, rotatable=false, locationContextEnabled=true, applicationCacheEnabled=true, takesScreenshot=true, version=39.0.3}]
	at sun.reflect.NativeConstructorAccessorImpl.newInstance0(Native Method)
	at sun.reflect.NativeConstructorAccessorImpl.newInstance(NativeConstructorAccessorImpl.java:57)
	at sun.reflect.DelegatingConstructorAccessorImpl.newInstance(DelegatingConstructorAccessorImpl.java:45)
	at java.lang.reflect.Constructor.newInstance(Constructor.java:526)
	at org.openqa.selenium.remote.ErrorHandler.createThrowable(ErrorHandler.java:204)
	at org.openqa.selenium.remote.ErrorHandler.throwIfResponseFailed(ErrorHandler.java:156)
	at org.openqa.selenium.remote.RemoteWebDriver.execute(RemoteWebDriver.java:599)
	at org.openqa.selenium.remote.RemoteWebDriver.findElement(RemoteWebDriver.java:352)
	at org.openqa.selenium.remote.RemoteWebDriver.findElementByXPath(RemoteWebDriver.java:449)
	at org.openqa.selenium.By$ByXPath.findElement(By.java:357)
	at org.openqa.selenium.remote.RemoteWebDriver.findElement(RemoteWebDriver.java:344)
	at report.test.TestBase.isElementPresent(TestBase.java:123)
	at report.pages.ypWebsites.launchURL(ypWebsites.java:91)
	at report.test.Test_ypWebsite.launchURLTestypWebsites(Test_ypWebsite.java:80)
	at sun.reflect.NativeMethodAccessorImpl.invoke0(Native Method)
	at sun.reflect.NativeMethodAccessorImpl.invoke(NativeMethodAccessorImpl.java:57)
	at sun.reflect.DelegatingMethodAccessorImpl.invoke(DelegatingMethodAccessorImpl.java:43)
	at java.lang.reflect.Method.invoke(Method.java:606)
	at org.testng.internal.MethodInvocationHelper.invokeMethod(MethodInvocationHelper.java:85)
	at org.testng.internal.Invoker.invokeMethod(Invoker.java:659)
	at org.testng.internal.Invoker.invokeTestMethod(Invoker.java:845)
	at org.testng.internal.Invoker.invokeTestMethods(Invoker.java:1153)
	at org.testng.internal.TestMethodWorker.invokeTestMethods(TestMethodWorker.java:125)
	at org.testng.internal.TestMethodWorker.run(TestMethodWorker.java:108)
	at org.testng.TestRunner.privateRun(TestRunner.java:771)
	at org.testng.TestRunner.run(TestRunner.java:621)
	at org.testng.SuiteRunner.runTest(SuiteRunner.java:357)
	at org.testng.SuiteRunner.runSequentially(SuiteRunner.java:352)
	at org.testng.SuiteRunner.privateRun(SuiteRunner.java:310)
	at org.testng.SuiteRunner.run(SuiteRunner.java:259)
	at org.testng.SuiteRunnerWorker.runSuite(SuiteRunnerWorker.java:52)
	at org.testng.SuiteRunnerWorker.run(SuiteRunnerWorker.java:86)
	at org.testng.TestNG.runSuitesSequentially(TestNG.java:1199)
	at org.testng.TestNG.runSuitesSequentially(TestNG.java:1195)
	at org.testng.TestNG.runSuitesLocally(TestNG.java:1124)
	at org.testng.TestNG.run(TestNG.java:1032)
	at org.testng.remote.RemoteTestNG.run(RemoteTestNG.java:111)
	at org.testng.remote.RemoteTestNG.initAndRun(RemoteTestNG.java:204)
	at org.testng.remote.RemoteTestNG.main(RemoteTestNG.java:175)
Caused by: org.openqa.selenium.NoSuchElementException: Unable to locate element: {"method":"xpath","selector":"//*[@id='dvSubNav']/img"}
For documentation on this error, please visit: http://seleniumhq.org/exceptions/no_such_element.html
Build info: version: '2.45.0', revision: '5017cb8e7ca8e37638dc3091b2440b90a1d8686f', time: '2015-02-27 09:10:26'
System info: host: 'CA04WLVA4652', ip: '10.67.9.254', os.name: 'Windows 7', os.arch: 'amd64', os.version: '6.1', java.version: '1.7.0_79'
Driver info: driver.version: unknown
	at <anonymous class>.FirefoxDriver.prototype.findElementInternal_(file:///C:/Users/VA4652/AppData/Local/Temp/anonymous4886934323543985845webdriver-profile/extensions/fxdriver@googlecode.com/components/driver-component.js:10271)
	at <anonymous class>.fxdriver.Timer.prototype.setTimeout/<.notify(file:///C:/Users/VA4652/AppData/Local/Temp/anonymous4886934323543985845webdriver-profile/extensions/fxdriver@googlecode.com/components/driver-component.js:603)
nnFailure 2 of 3:norg.openqa.selenium.NoSuchElementException: Unable to locate element: {"method":"xpath","selector":"//*[@id='DisplayDates']"}
Command duration or timeout: 10.10 seconds
For documentation on this error, please visit: http://seleniumhq.org/exceptions/no_such_element.html
Build info: version: '2.45.0', revision: '5017cb8e7ca8e37638dc3091b2440b90a1d8686f', time: '2015-02-27 09:10:26'
System info: host: 'CA04WLVA4652', ip: '10.67.9.254', os.name: 'Windows 7', os.arch: 'amd64', os.version: '6.1', java.version: '1.7.0_79'
*** Element info: {Using=xpath, value=//*[@id='DisplayDates']}
Session ID: 459fc1cf-da9d-423e-b406-39358be08bee
Driver info: org.openqa.selenium.firefox.FirefoxDriver
Capabilities [{platform=WINDOWS, acceptSslCerts=true, javascriptEnabled=true, cssSelectorsEnabled=true, databaseEnabled=true, browserName=firefox, handlesAlerts=true, nativeEvents=false, webStorageEnabled=true, rotatable=false, locationContextEnabled=true, applicationCacheEnabled=true, takesScreenshot=true, version=39.0.3}]
	at sun.reflect.NativeConstructorAccessorImpl.newInstance0(Native Method)
	at sun.reflect.NativeConstructorAccessorImpl.newInstance(NativeConstructorAccessorImpl.java:57)
	at sun.reflect.DelegatingConstructorAccessorImpl.newInstance(DelegatingConstructorAccessorImpl.java:45)
	at java.lang.reflect.Constructor.newInstance(Constructor.java:526)
	at org.openqa.selenium.remote.ErrorHandler.createThrowable(ErrorHandler.java:204)
	at org.openqa.selenium.remote.ErrorHandler.throwIfResponseFailed(ErrorHandler.java:156)
	at org.openqa.selenium.remote.RemoteWebDriver.execute(RemoteWebDriver.java:599)
	at org.openqa.selenium.remote.RemoteWebDriver.findElement(RemoteWebDriver.java:352)
	at org.openqa.selenium.remote.RemoteWebDriver.findElementByXPath(RemoteWebDriver.java:449)
	at org.openqa.selenium.By$ByXPath.findElement(By.java:357)
	at org.openqa.selenium.remote.RemoteWebDriver.findElement(RemoteWebDriver.java:344)
	at report.test.TestBase.isElementPresent(TestBase.java:123)
	at report.pages.ypWebsites.launchURL(ypWebsites.java:95)
	at report.test.Test_ypWebsite.launchURLTestypWebsites(Test_ypWebsite.java:80)
	at sun.reflect.NativeMethodAccessorImpl.invoke0(Native Method)
	at sun.reflect.NativeMethodAccessorImpl.invoke(NativeMethodAccessorImpl.java:57)
	at sun.reflect.DelegatingMethodAccessorImpl.invoke(DelegatingMethodAccessorImpl.java:43)
	at java.lang.reflect.Method.invoke(Method.java:606)
	at org.testng.internal.MethodInvocationHelper.invokeMethod(MethodInvocationHelper.java:85)
	at org.testng.internal.Invoker.invokeMethod(Invoker.java:659)
	at org.testng.internal.Invoker.invokeTestMethod(Invoker.java:845)
	at org.testng.internal.Invoker.invokeTestMethods(Invoker.java:1153)
	at org.testng.internal.TestMethodWorker.invokeTestMethods(TestMethodWorker.java:125)
	at org.testng.internal.TestMethodWorker.run(TestMethodWorker.java:108)
	at org.testng.TestRunner.privateRun(TestRunner.java:771)
	at org.testng.TestRunner.run(TestRunner.java:621)
	at org.testng.SuiteRunner.runTest(SuiteRunner.java:357)
	at org.testng.SuiteRunner.runSequentially(SuiteRunner.java:352)
	at org.testng.SuiteRunner.privateRun(SuiteRunner.java:310)
	at org.testng.SuiteRunner.run(SuiteRunner.java:259)
	at org.testng.SuiteRunnerWorker.runSuite(SuiteRunnerWorker.java:52)
	at org.testng.SuiteRunnerWorker.run(SuiteRunnerWorker.java:86)
	at org.testng.TestNG.runSuitesSequentially(TestNG.java:1199)
	at org.testng.TestNG.runSuitesSequentially(TestNG.java:1195)
	at org.testng.TestNG.runSuitesLocally(TestNG.java:1124)
	at org.testng.TestNG.run(TestNG.java:1032)
	at org.testng.remote.RemoteTestNG.run(RemoteTestNG.java:111)
	at org.testng.remote.RemoteTestNG.initAndRun(RemoteTestNG.java:204)
	at org.testng.remote.RemoteTestNG.main(RemoteTestNG.java:175)
Caused by: org.openqa.selenium.NoSuchElementException: Unable to locate element: {"method":"xpath","selector":"//*[@id='DisplayDates']"}
For documentation on this error, please visit: http://seleniumhq.org/exceptions/no_such_element.html
Build info: version: '2.45.0', revision: '5017cb8e7ca8e37638dc3091b2440b90a1d8686f', time: '2015-02-27 09:10:26'
System info: host: 'CA04WLVA4652', ip: '10.67.9.254', os.name: 'Windows 7', os.arch: 'amd64', os.version: '6.1', java.version: '1.7.0_79'
Driver info: driver.version: unknown
	at <anonymous class>.FirefoxDriver.prototype.findElementInternal_(file:///C:/Users/VA4652/AppData/Local/Temp/anonymous4886934323543985845webdriver-profile/extensions/fxdriver@googlecode.com/components/driver-component.js:10271)
	at <anonymous class>.fxdriver.Timer.prototype.setTimeout/<.notify(file:///C:/Users/VA4652/AppData/Local/Temp/anonymous4886934323543985845webdriver-profile/extensions/fxdriver@googlecode.com/components/driver-component.js:603)
nnFailure 3 of 3:njava.lang.AssertionError: expected [true] but found [false]]]>
            </message>
            <full-stacktrace>
              <![CDATA[java.lang.Throwable: Multiple failures (3):nnFailure 1 of 3:norg.openqa.selenium.NoSuchElementException: Unable to locate element: {"method":"xpath","selector":"//*[@id='dvSubNav']/img"}
Command duration or timeout: 10.16 seconds
For documentation on this error, please visit: http://seleniumhq.org/exceptions/no_such_element.html
Build info: version: '2.45.0', revision: '5017cb8e7ca8e37638dc3091b2440b90a1d8686f', time: '2015-02-27 09:10:26'
System info: host: 'CA04WLVA4652', ip: '10.67.9.254', os.name: 'Windows 7', os.arch: 'amd64', os.version: '6.1', java.version: '1.7.0_79'
*** Element info: {Using=xpath, value=//*[@id='dvSubNav']/img}
Session ID: 459fc1cf-da9d-423e-b406-39358be08bee
Driver info: org.openqa.selenium.firefox.FirefoxDriver
Capabilities [{platform=WINDOWS, acceptSslCerts=true, javascriptEnabled=true, cssSelectorsEnabled=true, databaseEnabled=true, browserName=firefox, handlesAlerts=true, nativeEvents=false, webStorageEnabled=true, rotatable=false, locationContextEnabled=true, applicationCacheEnabled=true, takesScreenshot=true, version=39.0.3}]
	at sun.reflect.NativeConstructorAccessorImpl.newInstance0(Native Method)
	at sun.reflect.NativeConstructorAccessorImpl.newInstance(NativeConstructorAccessorImpl.java:57)
	at sun.reflect.DelegatingConstructorAccessorImpl.newInstance(DelegatingConstructorAccessorImpl.java:45)
	at java.lang.reflect.Constructor.newInstance(Constructor.java:526)
	at org.openqa.selenium.remote.ErrorHandler.createThrowable(ErrorHandler.java:204)
	at org.openqa.selenium.remote.ErrorHandler.throwIfResponseFailed(ErrorHandler.java:156)
	at org.openqa.selenium.remote.RemoteWebDriver.execute(RemoteWebDriver.java:599)
	at org.openqa.selenium.remote.RemoteWebDriver.findElement(RemoteWebDriver.java:352)
	at org.openqa.selenium.remote.RemoteWebDriver.findElementByXPath(RemoteWebDriver.java:449)
	at org.openqa.selenium.By$ByXPath.findElement(By.java:357)
	at org.openqa.selenium.remote.RemoteWebDriver.findElement(RemoteWebDriver.java:344)
	at report.test.TestBase.isElementPresent(TestBase.java:123)
	at report.pages.ypWebsites.launchURL(ypWebsites.java:91)
	at report.test.Test_ypWebsite.launchURLTestypWebsites(Test_ypWebsite.java:80)
	at sun.reflect.NativeMethodAccessorImpl.invoke0(Native Method)
	at sun.reflect.NativeMethodAccessorImpl.invoke(NativeMethodAccessorImpl.java:57)
	at sun.reflect.DelegatingMethodAccessorImpl.invoke(DelegatingMethodAccessorImpl.java:43)
	at java.lang.reflect.Method.invoke(Method.java:606)
	at org.testng.internal.MethodInvocationHelper.invokeMethod(MethodInvocationHelper.java:85)
	at org.testng.internal.Invoker.invokeMethod(Invoker.java:659)
	at org.testng.internal.Invoker.invokeTestMethod(Invoker.java:845)
	at org.testng.internal.Invoker.invokeTestMethods(Invoker.java:1153)
	at org.testng.internal.TestMethodWorker.invokeTestMethods(TestMethodWorker.java:125)
	at org.testng.internal.TestMethodWorker.run(TestMethodWorker.java:108)
	at org.testng.TestRunner.privateRun(TestRunner.java:771)
	at org.testng.TestRunner.run(TestRunner.java:621)
	at org.testng.SuiteRunner.runTest(SuiteRunner.java:357)
	at org.testng.SuiteRunner.runSequentially(SuiteRunner.java:352)
	at org.testng.SuiteRunner.privateRun(SuiteRunner.java:310)
	at org.testng.SuiteRunner.run(SuiteRunner.java:259)
	at org.testng.SuiteRunnerWorker.runSuite(SuiteRunnerWorker.java:52)
	at org.testng.SuiteRunnerWorker.run(SuiteRunnerWorker.java:86)
	at org.testng.TestNG.runSuitesSequentially(TestNG.java:1199)
	at org.testng.TestNG.runSuitesSequentially(TestNG.java:1195)
	at org.testng.TestNG.runSuitesLocally(TestNG.java:1124)
	at org.testng.TestNG.run(TestNG.java:1032)
	at org.testng.remote.RemoteTestNG.run(RemoteTestNG.java:111)
	at org.testng.remote.RemoteTestNG.initAndRun(RemoteTestNG.java:204)
	at org.testng.remote.RemoteTestNG.main(RemoteTestNG.java:175)
Caused by: org.openqa.selenium.NoSuchElementException: Unable to locate element: {"method":"xpath","selector":"//*[@id='dvSubNav']/img"}
For documentation on this error, please visit: http://seleniumhq.org/exceptions/no_such_element.html
Build info: version: '2.45.0', revision: '5017cb8e7ca8e37638dc3091b2440b90a1d8686f', time: '2015-02-27 09:10:26'
System info: host: 'CA04WLVA4652', ip: '10.67.9.254', os.name: 'Windows 7', os.arch: 'amd64', os.version: '6.1', java.version: '1.7.0_79'
Driver info: driver.version: unknown
	at <anonymous class>.FirefoxDriver.prototype.findElementInternal_(file:///C:/Users/VA4652/AppData/Local/Temp/anonymous4886934323543985845webdriver-profile/extensions/fxdriver@googlecode.com/components/driver-component.js:10271)
	at <anonymous class>.fxdriver.Timer.prototype.setTimeout/<.notify(file:///C:/Users/VA4652/AppData/Local/Temp/anonymous4886934323543985845webdriver-profile/extensions/fxdriver@googlecode.com/components/driver-component.js:603)
nnFailure 2 of 3:norg.openqa.selenium.NoSuchElementException: Unable to locate element: {"method":"xpath","selector":"//*[@id='DisplayDates']"}
Command duration or timeout: 10.10 seconds
For documentation on this error, please visit: http://seleniumhq.org/exceptions/no_such_element.html
Build info: version: '2.45.0', revision: '5017cb8e7ca8e37638dc3091b2440b90a1d8686f', time: '2015-02-27 09:10:26'
System info: host: 'CA04WLVA4652', ip: '10.67.9.254', os.name: 'Windows 7', os.arch: 'amd64', os.version: '6.1', java.version: '1.7.0_79'
*** Element info: {Using=xpath, value=//*[@id='DisplayDates']}
Session ID: 459fc1cf-da9d-423e-b406-39358be08bee
Driver info: org.openqa.selenium.firefox.FirefoxDriver
Capabilities [{platform=WINDOWS, acceptSslCerts=true, javascriptEnabled=true, cssSelectorsEnabled=true, databaseEnabled=true, browserName=firefox, handlesAlerts=true, nativeEvents=false, webStorageEnabled=true, rotatable=false, locationContextEnabled=true, applicationCacheEnabled=true, takesScreenshot=true, version=39.0.3}]
	at sun.reflect.NativeConstructorAccessorImpl.newInstance0(Native Method)
	at sun.reflect.NativeConstructorAccessorImpl.newInstance(NativeConstructorAccessorImpl.java:57)
	at sun.reflect.DelegatingConstructorAccessorImpl.newInstance(DelegatingConstructorAccessorImpl.java:45)
	at java.lang.reflect.Constructor.newInstance(Constructor.java:526)
	at org.openqa.selenium.remote.ErrorHandler.createThrowable(ErrorHandler.java:204)
	at org.openqa.selenium.remote.ErrorHandler.throwIfResponseFailed(ErrorHandler.java:156)
	at org.openqa.selenium.remote.RemoteWebDriver.execute(RemoteWebDriver.java:599)
	at org.openqa.selenium.remote.RemoteWebDriver.findElement(RemoteWebDriver.java:352)
	at org.openqa.selenium.remote.RemoteWebDriver.findElementByXPath(RemoteWebDriver.java:449)
	at org.openqa.selenium.By$ByXPath.findElement(By.java:357)
	at org.openqa.selenium.remote.RemoteWebDriver.findElement(RemoteWebDriver.java:344)
	at report.test.TestBase.isElementPresent(TestBase.java:123)
	at report.pages.ypWebsites.launchURL(ypWebsites.java:95)
	at report.test.Test_ypWebsite.launchURLTestypWebsites(Test_ypWebsite.java:80)
	at sun.reflect.NativeMethodAccessorImpl.invoke0(Native Method)
	at sun.reflect.NativeMethodAccessorImpl.invoke(NativeMethodAccessorImpl.java:57)
	at sun.reflect.DelegatingMethodAccessorImpl.invoke(DelegatingMethodAccessorImpl.java:43)
	at java.lang.reflect.Method.invoke(Method.java:606)
	at org.testng.internal.MethodInvocationHelper.invokeMethod(MethodInvocationHelper.java:85)
	at org.testng.internal.Invoker.invokeMethod(Invoker.java:659)
	at org.testng.internal.Invoker.invokeTestMethod(Invoker.java:845)
	at org.testng.internal.Invoker.invokeTestMethods(Invoker.java:1153)
	at org.testng.internal.TestMethodWorker.invokeTestMethods(TestMethodWorker.java:125)
	at org.testng.internal.TestMethodWorker.run(TestMethodWorker.java:108)
	at org.testng.TestRunner.privateRun(TestRunner.java:771)
	at org.testng.TestRunner.run(TestRunner.java:621)
	at org.testng.SuiteRunner.runTest(SuiteRunner.java:357)
	at org.testng.SuiteRunner.runSequentially(SuiteRunner.java:352)
	at org.testng.SuiteRunner.privateRun(SuiteRunner.java:310)
	at org.testng.SuiteRunner.run(SuiteRunner.java:259)
	at org.testng.SuiteRunnerWorker.runSuite(SuiteRunnerWorker.java:52)
	at org.testng.SuiteRunnerWorker.run(SuiteRunnerWorker.java:86)
	at org.testng.TestNG.runSuitesSequentially(TestNG.java:1199)
	at org.testng.TestNG.runSuitesSequentially(TestNG.java:1195)
	at org.testng.TestNG.runSuitesLocally(TestNG.java:1124)
	at org.testng.TestNG.run(TestNG.java:1032)
	at org.testng.remote.RemoteTestNG.run(RemoteTestNG.java:111)
	at org.testng.remote.RemoteTestNG.initAndRun(RemoteTestNG.java:204)
	at org.testng.remote.RemoteTestNG.main(RemoteTestNG.java:175)
Caused by: org.openqa.selenium.NoSuchElementException: Unable to locate element: {"method":"xpath","selector":"//*[@id='DisplayDates']"}
For documentation on this error, please visit: http://seleniumhq.org/exceptions/no_such_element.html
Build info: version: '2.45.0', revision: '5017cb8e7ca8e37638dc3091b2440b90a1d8686f', time: '2015-02-27 09:10:26'
System info: host: 'CA04WLVA4652', ip: '10.67.9.254', os.name: 'Windows 7', os.arch: 'amd64', os.version: '6.1', java.version: '1.7.0_79'
Driver info: driver.version: unknown
	at <anonymous class>.FirefoxDriver.prototype.findElementInternal_(file:///C:/Users/VA4652/AppData/Local/Temp/anonymous4886934323543985845webdriver-profile/extensions/fxdriver@googlecode.com/components/driver-component.js:10271)
	at <anonymous class>.fxdriver.Timer.prototype.setTimeout/<.notify(file:///C:/Users/VA4652/AppData/Local/Temp/anonymous4886934323543985845webdriver-profile/extensions/fxdriver@googlecode.com/components/driver-component.js:603)
nnFailure 3 of 3:njava.lang.AssertionError: expected [true] but found [false]
	at org.testng.Assert.fail(Assert.java:94)
	at org.testng.Assert.failNotEquals(Assert.java:496)
	at org.testng.Assert.assertTrue(Assert.java:42)
	at org.testng.Assert.assertTrue(Assert.java:52)
	at report.pages.ypWebsites.launchURL(ypWebsites.java:95)
	at report.test.Test_ypWebsite.launchURLTestypWebsites(Test_ypWebsite.java:80)
	at sun.reflect.NativeMethodAccessorImpl.invoke0(Native Method)
	at sun.reflect.NativeMethodAccessorImpl.invoke(NativeMethodAccessorImpl.java:57)
	at sun.reflect.DelegatingMethodAccessorImpl.invoke(DelegatingMethodAccessorImpl.java:43)
	at java.lang.reflect.Method.invoke(Method.java:606)
	at org.testng.internal.MethodInvocationHelper.invokeMethod(MethodInvocationHelper.java:85)
	at org.testng.internal.Invoker.invokeMethod(Invoker.java:659)
	at org.testng.internal.Invoker.invokeTestMethod(Invoker.java:845)
	at org.testng.internal.Invoker.invokeTestMethods(Invoker.java:1153)
	at org.testng.internal.TestMethodWorker.invokeTestMethods(TestMethodWorker.java:125)
	at org.testng.internal.TestMethodWorker.run(TestMethodWorker.java:108)
	at org.testng.TestRunner.privateRun(TestRunner.java:771)
	at org.testng.TestRunner.run(TestRunner.java:621)
	at org.testng.SuiteRunner.runTest(SuiteRunner.java:357)
	at org.testng.SuiteRunner.runSequentially(SuiteRunner.java:352)
	at org.testng.SuiteRunner.privateRun(SuiteRunner.java:310)
	at org.testng.SuiteRunner.run(SuiteRunner.java:259)
	at org.testng.SuiteRunnerWorker.runSuite(SuiteRunnerWorker.java:52)
	at org.testng.SuiteRunnerWorker.run(SuiteRunnerWorker.java:86)
	at org.testng.TestNG.runSuitesSequentially(TestNG.java:1199)
	at org.testng.TestNG.runSuitesSequentially(TestNG.java:1195)
	at org.testng.TestNG.runSuitesLocally(TestNG.java:1124)
	at org.testng.TestNG.run(TestNG.java:1032)
	at org.testng.remote.RemoteTestNG.run(RemoteTestNG.java:111)
	at org.testng.remote.RemoteTestNG.initAndRun(RemoteTestNG.java:204)
	at org.testng.remote.RemoteTestNG.main(RemoteTestNG.java:175)
]]>
            </full-stacktrace>
          </exception> <!-- java.lang.Throwable -->
          <reporter-output>
          </reporter-output>
        </test-method> <!-- launchURLTestypWebsites -->
        <test-method status="SKIP" signature="ypWebsitesOverviewTest()[pri:0, instance:report.test.Test_ypWebsite@f9861be]" name="ypWebsitesOverviewTest" duration-ms="0" started-at="2015-09-03T20:48:20Z" depends-on-methods="report.test.Test_ypWebsite.launchURLTestypWebsites" finished-at="2015-09-03T20:48:20Z">
          <exception class="java.lang.Throwable">
            <message>
              <![CDATA[Method Test_ypWebsite.ypWebsitesOverviewTest()[pri:0, instance:report.test.Test_ypWebsite@f9861be] depends on not successfully finished methods]]>
            </message>
            <full-stacktrace>
              <![CDATA[java.lang.Throwable: Method Test_ypWebsite.ypWebsitesOverviewTest()[pri:0, instance:report.test.Test_ypWebsite@f9861be] depends on not successfully finished methods
	at org.testng.internal.Invoker.invokeTestMethods(Invoker.java:1063)
	at org.testng.internal.TestMethodWorker.invokeTestMethods(TestMethodWorker.java:125)
	at org.testng.internal.TestMethodWorker.run(TestMethodWorker.java:108)
	at org.testng.TestRunner.privateRun(TestRunner.java:771)
	at org.testng.TestRunner.run(TestRunner.java:621)
	at org.testng.SuiteRunner.runTest(SuiteRunner.java:357)
	at org.testng.SuiteRunner.runSequentially(SuiteRunner.java:352)
	at org.testng.SuiteRunner.privateRun(SuiteRunner.java:310)
	at org.testng.SuiteRunner.run(SuiteRunner.java:259)
	at org.testng.SuiteRunnerWorker.runSuite(SuiteRunnerWorker.java:52)
	at org.testng.SuiteRunnerWorker.run(SuiteRunnerWorker.java:86)
	at org.testng.TestNG.runSuitesSequentially(TestNG.java:1199)
	at org.testng.TestNG.runSuitesSequentially(TestNG.java:1195)
	at org.testng.TestNG.runSuitesLocally(TestNG.java:1124)
	at org.testng.TestNG.run(TestNG.java:1032)
	at org.testng.remote.RemoteTestNG.run(RemoteTestNG.java:111)
	at org.testng.remote.RemoteTestNG.initAndRun(RemoteTestNG.java:204)
	at org.testng.remote.RemoteTestNG.main(RemoteTestNG.java:175)
]]>
            </full-stacktrace>
          </exception> <!-- java.lang.Throwable -->
          <reporter-output>
          </reporter-output>
        </test-method> <!-- ypWebsitesOverviewTest -->
        <test-method status="SKIP" signature="ypWebsitesBottomSectionTest()[pri:0, instance:report.test.Test_ypWebsite@f9861be]" name="ypWebsitesBottomSectionTest" duration-ms="0" started-at="2015-09-03T20:48:20Z" depends-on-methods="report.test.Test_ypWebsite.ypWebsitesOverviewTest" finished-at="2015-09-03T20:48:20Z">
          <exception class="java.lang.Throwable">
            <message>
              <![CDATA[Method Test_ypWebsite.ypWebsitesBottomSectionTest()[pri:0, instance:report.test.Test_ypWebsite@f9861be] depends on not successfully finished methods]]>
            </message>
            <full-stacktrace>
              <![CDATA[java.lang.Throwable: Method Test_ypWebsite.ypWebsitesBottomSectionTest()[pri:0, instance:report.test.Test_ypWebsite@f9861be] depends on not successfully finished methods
	at org.testng.internal.Invoker.invokeTestMethods(Invoker.java:1063)
	at org.testng.internal.TestMethodWorker.invokeTestMethods(TestMethodWorker.java:125)
	at org.testng.internal.TestMethodWorker.run(TestMethodWorker.java:108)
	at org.testng.TestRunner.privateRun(TestRunner.java:771)
	at org.testng.TestRunner.run(TestRunner.java:621)
	at org.testng.SuiteRunner.runTest(SuiteRunner.java:357)
	at org.testng.SuiteRunner.runSequentially(SuiteRunner.java:352)
	at org.testng.SuiteRunner.privateRun(SuiteRunner.java:310)
	at org.testng.SuiteRunner.run(SuiteRunner.java:259)
	at org.testng.SuiteRunnerWorker.runSuite(SuiteRunnerWorker.java:52)
	at org.testng.SuiteRunnerWorker.run(SuiteRunnerWorker.java:86)
	at org.testng.TestNG.runSuitesSequentially(TestNG.java:1199)
	at org.testng.TestNG.runSuitesSequentially(TestNG.java:1195)
	at org.testng.TestNG.runSuitesLocally(TestNG.java:1124)
	at org.testng.TestNG.run(TestNG.java:1032)
	at org.testng.remote.RemoteTestNG.run(RemoteTestNG.java:111)
	at org.testng.remote.RemoteTestNG.initAndRun(RemoteTestNG.java:204)
	at org.testng.remote.RemoteTestNG.main(RemoteTestNG.java:175)
]]>
            </full-stacktrace>
          </exception> <!-- java.lang.Throwable -->
          <reporter-output>
          </reporter-output>
        </test-method> <!-- ypWebsitesBottomSectionTest -->
      </class> <!-- report.test.Test_ypWebsite -->
      <class name="report.test.Test_ypLocalAds">
        <test-method status="PASS" signature="launchURLTestypLocal()[pri:0, instance:report.test.Test_ypLocalAds@7248f9e0]" name="launchURLTestypLocal" duration-ms="15750" started-at="2015-09-03T20:46:44Z" finished-at="2015-09-03T20:46:59Z">
          <reporter-output>
          </reporter-output>
        </test-method> <!-- launchURLTestypLocal -->
        <test-method status="PASS" signature="ypLocalAdsOverviewTest()[pri:0, instance:report.test.Test_ypLocalAds@7248f9e0]" name="ypLocalAdsOverviewTest" duration-ms="6578" started-at="2015-09-03T20:46:59Z" depends-on-methods="report.test.Test_ypLocalAds.launchURLTestypLocal" finished-at="2015-09-03T20:47:06Z">
          <reporter-output>
          </reporter-output>
        </test-method> <!-- ypLocalAdsOverviewTest -->
        <test-method status="FAIL" signature="ypLocalAdsTopSectionTest()[pri:0, instance:report.test.Test_ypLocalAds@7248f9e0]" name="ypLocalAdsTopSectionTest" duration-ms="474" started-at="2015-09-03T20:47:06Z" depends-on-methods="report.test.Test_ypLocalAds.ypLocalAdsOverviewTest" finished-at="2015-09-03T20:47:06Z">
          <exception class="java.lang.AssertionError">
            <message>
              <![CDATA[All Assertions are met and elements are displayed expected [5] but found [4]]]>
            </message>
            <full-stacktrace>
              <![CDATA[java.lang.AssertionError: All Assertions are met and elements are displayed expected [5] but found [4]
	at org.testng.Assert.fail(Assert.java:94)
	at org.testng.Assert.failNotEquals(Assert.java:496)
	at org.testng.Assert.assertEquals(Assert.java:125)
	at org.testng.Assert.assertEquals(Assert.java:372)
	at report.test.Test_ypLocalAds.ypLocalAdsTopSectionTest(Test_ypLocalAds.java:147)
	at sun.reflect.NativeMethodAccessorImpl.invoke0(Native Method)
	at sun.reflect.NativeMethodAccessorImpl.invoke(NativeMethodAccessorImpl.java:57)
	at sun.reflect.DelegatingMethodAccessorImpl.invoke(DelegatingMethodAccessorImpl.java:43)
	at java.lang.reflect.Method.invoke(Method.java:606)
	at org.testng.internal.MethodInvocationHelper.invokeMethod(MethodInvocationHelper.java:85)
	at org.testng.internal.Invoker.invokeMethod(Invoker.java:659)
	at org.testng.internal.Invoker.invokeTestMethod(Invoker.java:845)
	at org.testng.internal.Invoker.invokeTestMethods(Invoker.java:1153)
	at org.testng.internal.TestMethodWorker.invokeTestMethods(TestMethodWorker.java:125)
	at org.testng.internal.TestMethodWorker.run(TestMethodWorker.java:108)
	at org.testng.TestRunner.privateRun(TestRunner.java:771)
	at org.testng.TestRunner.run(TestRunner.java:621)
	at org.testng.SuiteRunner.runTest(SuiteRunner.java:357)
	at org.testng.SuiteRunner.runSequentially(SuiteRunner.java:352)
	at org.testng.SuiteRunner.privateRun(SuiteRunner.java:310)
	at org.testng.SuiteRunner.run(SuiteRunner.java:259)
	at org.testng.SuiteRunnerWorker.runSuite(SuiteRunnerWorker.java:52)
	at org.testng.SuiteRunnerWorker.run(SuiteRunnerWorker.java:86)
	at org.testng.TestNG.runSuitesSequentially(TestNG.java:1199)
	at org.testng.TestNG.runSuitesSequentially(TestNG.java:1195)
	at org.testng.TestNG.runSuitesLocally(TestNG.java:1124)
	at org.testng.TestNG.run(TestNG.java:1032)
	at org.testng.remote.RemoteTestNG.run(RemoteTestNG.java:111)
	at org.testng.remote.RemoteTestNG.initAndRun(RemoteTestNG.java:204)
	at org.testng.remote.RemoteTestNG.main(RemoteTestNG.java:175)
]]>
            </full-stacktrace>
          </exception> <!-- java.lang.AssertionError -->
          <reporter-output>
          </reporter-output>
        </test-method> <!-- ypLocalAdsTopSectionTest -->
      </class> <!-- report.test.Test_ypLocalAds -->
    </test> <!-- ASCP Reports Regression Test -->
  </suite> <!-- ASCP Reports Regression Suite -->
  <suite name="ASCP Reports Smoke Suite" duration-ms="130374" started-at="2015-09-04T04:44:33Z" finished-at="2015-09-04T04:46:43Z">
    <groups>
      <group name="Smoke">
        <method signature="Test_ypClicks.launchURLTestypClicks()[pri:0, instance:report.test.Test_ypClicks@2c89eaa9]" name="launchURLTestypClicks" class="report.test.Test_ypClicks"/>
        <method signature="Test_ypClicks.ypClicksOverviewTest()[pri:0, instance:report.test.Test_ypClicks@2c89eaa9]" name="ypClicksOverviewTest" class="report.test.Test_ypClicks"/>
        <method signature="Test_ypDisplay.launchURLTestypDisplay()[pri:0, instance:report.test.Test_ypDisplay@1c16062b]" name="launchURLTestypDisplay" class="report.test.Test_ypDisplay"/>
        <method signature="Test_ypDisplay.ypDispalyOverviewTest()[pri:0, instance:report.test.Test_ypDisplay@1c16062b]" name="ypDispalyOverviewTest" class="report.test.Test_ypDisplay"/>
        <method signature="Test_ypLocalAds.launchURLTestypLocal()[pri:0, instance:report.test.Test_ypLocalAds@164cfb1d]" name="launchURLTestypLocal" class="report.test.Test_ypLocalAds"/>
        <method signature="Test_ypLocalAds.ypLocalAdsOverviewTest()[pri:0, instance:report.test.Test_ypLocalAds@164cfb1d]" name="ypLocalAdsOverviewTest" class="report.test.Test_ypLocalAds"/>
        <method signature="Test_ypRealYellowPages.launchURLTestypReal()[pri:0, instance:report.test.Test_ypRealYellowPages@128d1417]" name="launchURLTestypReal" class="report.test.Test_ypRealYellowPages"/>
        <method signature="Test_ypRealYellowPages.ypRealYellowPagesOverviewTest()[pri:0, instance:report.test.Test_ypRealYellowPages@128d1417]" name="ypRealYellowPagesOverviewTest" class="report.test.Test_ypRealYellowPages"/>
        <method signature="Test_ypWebsite.launchURLTestypWebsites()[pri:0, instance:report.test.Test_ypWebsite@17fa385b]" name="launchURLTestypWebsites" class="report.test.Test_ypWebsite"/>
        <method signature="Test_ypWebsite.ypWebsitesOverviewTest()[pri:0, instance:report.test.Test_ypWebsite@17fa385b]" name="ypWebsitesOverviewTest" class="report.test.Test_ypWebsite"/>
      </group> <!-- Smoke -->
      <group name="Regression">
        <method signature="Test_ypClicks.launchURLTestypClicks()[pri:0, instance:report.test.Test_ypClicks@2c89eaa9]" name="launchURLTestypClicks" class="report.test.Test_ypClicks"/>
        <method signature="Test_ypClicks.ypClicksOverviewTest()[pri:0, instance:report.test.Test_ypClicks@2c89eaa9]" name="ypClicksOverviewTest" class="report.test.Test_ypClicks"/>
        <method signature="Test_ypDisplay.launchURLTestypDisplay()[pri:0, instance:report.test.Test_ypDisplay@1c16062b]" name="launchURLTestypDisplay" class="report.test.Test_ypDisplay"/>
        <method signature="Test_ypDisplay.ypDispalyOverviewTest()[pri:0, instance:report.test.Test_ypDisplay@1c16062b]" name="ypDispalyOverviewTest" class="report.test.Test_ypDisplay"/>
        <method signature="Test_ypLocalAds.launchURLTestypLocal()[pri:0, instance:report.test.Test_ypLocalAds@164cfb1d]" name="launchURLTestypLocal" class="report.test.Test_ypLocalAds"/>
        <method signature="Test_ypLocalAds.ypLocalAdsOverviewTest()[pri:0, instance:report.test.Test_ypLocalAds@164cfb1d]" name="ypLocalAdsOverviewTest" class="report.test.Test_ypLocalAds"/>
        <method signature="Test_ypRealYellowPages.launchURLTestypReal()[pri:0, instance:report.test.Test_ypRealYellowPages@128d1417]" name="launchURLTestypReal" class="report.test.Test_ypRealYellowPages"/>
        <method signature="Test_ypRealYellowPages.ypRealYellowPagesOverviewTest()[pri:0, instance:report.test.Test_ypRealYellowPages@128d1417]" name="ypRealYellowPagesOverviewTest" class="report.test.Test_ypRealYellowPages"/>
        <method signature="Test_ypWebsite.launchURLTestypWebsites()[pri:0, instance:report.test.Test_ypWebsite@17fa385b]" name="launchURLTestypWebsites" class="report.test.Test_ypWebsite"/>
        <method signature="Test_ypWebsite.ypWebsitesOverviewTest()[pri:0, instance:report.test.Test_ypWebsite@17fa385b]" name="ypWebsitesOverviewTest" class="report.test.Test_ypWebsite"/>
      </group> <!-- Regression -->
    </groups>
    <test name="ASCP Reports Smoke Test" duration-ms="130374" started-at="2015-09-04T04:44:33Z" finished-at="2015-09-04T04:46:43Z">
      <class name="report.test.Test_ypDisplay">
        <test-method status="FAIL" signature="launchURLTestypDisplay()[pri:0, instance:report.test.Test_ypDisplay@1c16062b]" name="launchURLTestypDisplay" duration-ms="28330" started-at="2015-09-03T20:45:10Z" finished-at="2015-09-03T20:45:38Z">
          <exception class="org.openqa.selenium.NoSuchElementException">
            <message>
              <![CDATA[Unable to locate element: {"method":"xpath","selector":"//*[@id='contentContainer']/div[3]/div/span[1]"}
Command duration or timeout: 10.09 seconds
For documentation on this error, please visit: http://seleniumhq.org/exceptions/no_such_element.html
Build info: version: '2.45.0', revision: '5017cb8e7ca8e37638dc3091b2440b90a1d8686f', time: '2015-02-27 09:10:26'
System info: host: 'CA04WLVA4652', ip: '10.67.9.254', os.name: 'Windows 7', os.arch: 'amd64', os.version: '6.1', java.version: '1.7.0_79'
*** Element info: {Using=xpath, value=//*[@id='contentContainer']/div[3]/div/span[1]}
Session ID: 459fc1cf-da9d-423e-b406-39358be08bee
Driver info: org.openqa.selenium.firefox.FirefoxDriver
Capabilities [{platform=WINDOWS, acceptSslCerts=true, javascriptEnabled=true, cssSelectorsEnabled=true, databaseEnabled=true, browserName=firefox, handlesAlerts=true, nativeEvents=false, webStorageEnabled=true, rotatable=false, locationContextEnabled=true, applicationCacheEnabled=true, takesScreenshot=true, version=39.0.3}]]]>
            </message>
            <full-stacktrace>
              <![CDATA[org.openqa.selenium.NoSuchElementException: Unable to locate element: {"method":"xpath","selector":"//*[@id='contentContainer']/div[3]/div/span[1]"}
Command duration or timeout: 10.09 seconds
For documentation on this error, please visit: http://seleniumhq.org/exceptions/no_such_element.html
Build info: version: '2.45.0', revision: '5017cb8e7ca8e37638dc3091b2440b90a1d8686f', time: '2015-02-27 09:10:26'
System info: host: 'CA04WLVA4652', ip: '10.67.9.254', os.name: 'Windows 7', os.arch: 'amd64', os.version: '6.1', java.version: '1.7.0_79'
*** Element info: {Using=xpath, value=//*[@id='contentContainer']/div[3]/div/span[1]}
Session ID: 459fc1cf-da9d-423e-b406-39358be08bee
Driver info: org.openqa.selenium.firefox.FirefoxDriver
Capabilities [{platform=WINDOWS, acceptSslCerts=true, javascriptEnabled=true, cssSelectorsEnabled=true, databaseEnabled=true, browserName=firefox, handlesAlerts=true, nativeEvents=false, webStorageEnabled=true, rotatable=false, locationContextEnabled=true, applicationCacheEnabled=true, takesScreenshot=true, version=39.0.3}]
	at sun.reflect.NativeConstructorAccessorImpl.newInstance0(Native Method)
	at sun.reflect.NativeConstructorAccessorImpl.newInstance(NativeConstructorAccessorImpl.java:57)
	at sun.reflect.DelegatingConstructorAccessorImpl.newInstance(DelegatingConstructorAccessorImpl.java:45)
	at java.lang.reflect.Constructor.newInstance(Constructor.java:526)
	at org.openqa.selenium.remote.ErrorHandler.createThrowable(ErrorHandler.java:204)
	at org.openqa.selenium.remote.ErrorHandler.throwIfResponseFailed(ErrorHandler.java:156)
	at org.openqa.selenium.remote.RemoteWebDriver.execute(RemoteWebDriver.java:599)
	at org.openqa.selenium.remote.RemoteWebDriver.findElement(RemoteWebDriver.java:352)
	at org.openqa.selenium.remote.RemoteWebDriver.findElementByXPath(RemoteWebDriver.java:449)
	at org.openqa.selenium.By$ByXPath.findElement(By.java:357)
	at org.openqa.selenium.remote.RemoteWebDriver.findElement(RemoteWebDriver.java:344)
	at org.openqa.selenium.support.pagefactory.DefaultElementLocator.findElement(DefaultElementLocator.java:59)
	at org.openqa.selenium.support.pagefactory.internal.LocatingElementHandler.invoke(LocatingElementHandler.java:37)
	at com.sun.proxy.$Proxy8.isDisplayed(Unknown Source)
	at report.test.Test_ypDisplay.launchURLTestypDisplay(Test_ypDisplay.java:87)
	at sun.reflect.NativeMethodAccessorImpl.invoke0(Native Method)
	at sun.reflect.NativeMethodAccessorImpl.invoke(NativeMethodAccessorImpl.java:57)
	at sun.reflect.DelegatingMethodAccessorImpl.invoke(DelegatingMethodAccessorImpl.java:43)
	at java.lang.reflect.Method.invoke(Method.java:606)
	at org.testng.internal.MethodInvocationHelper.invokeMethod(MethodInvocationHelper.java:85)
	at org.testng.internal.Invoker.invokeMethod(Invoker.java:659)
	at org.testng.internal.Invoker.invokeTestMethod(Invoker.java:845)
	at org.testng.internal.Invoker.invokeTestMethods(Invoker.java:1153)
	at org.testng.internal.TestMethodWorker.invokeTestMethods(TestMethodWorker.java:125)
	at org.testng.internal.TestMethodWorker.run(TestMethodWorker.java:108)
	at org.testng.TestRunner.privateRun(TestRunner.java:771)
	at org.testng.TestRunner.run(TestRunner.java:621)
	at org.testng.SuiteRunner.runTest(SuiteRunner.java:357)
	at org.testng.SuiteRunner.runSequentially(SuiteRunner.java:352)
	at org.testng.SuiteRunner.privateRun(SuiteRunner.java:310)
	at org.testng.SuiteRunner.run(SuiteRunner.java:259)
	at org.testng.SuiteRunnerWorker.runSuite(SuiteRunnerWorker.java:52)
	at org.testng.SuiteRunnerWorker.run(SuiteRunnerWorker.java:86)
	at org.testng.TestNG.runSuitesSequentially(TestNG.java:1199)
	at org.testng.TestNG.runSuitesSequentially(TestNG.java:1195)
	at org.testng.TestNG.runSuitesLocally(TestNG.java:1124)
	at org.testng.TestNG.run(TestNG.java:1032)
	at org.testng.remote.RemoteTestNG.run(RemoteTestNG.java:111)
	at org.testng.remote.RemoteTestNG.initAndRun(RemoteTestNG.java:204)
	at org.testng.remote.RemoteTestNG.main(RemoteTestNG.java:175)
Caused by: org.openqa.selenium.NoSuchElementException: Unable to locate element: {"method":"xpath","selector":"//*[@id='contentContainer']/div[3]/div/span[1]"}
For documentation on this error, please visit: http://seleniumhq.org/exceptions/no_such_element.html
Build info: version: '2.45.0', revision: '5017cb8e7ca8e37638dc3091b2440b90a1d8686f', time: '2015-02-27 09:10:26'
System info: host: 'CA04WLVA4652', ip: '10.67.9.254', os.name: 'Windows 7', os.arch: 'amd64', os.version: '6.1', java.version: '1.7.0_79'
Driver info: driver.version: unknown
	at <anonymous class>.FirefoxDriver.prototype.findElementInternal_(file:///C:/Users/VA4652/AppData/Local/Temp/anonymous4886934323543985845webdriver-profile/extensions/fxdriver@googlecode.com/components/driver-component.js:10271)
	at <anonymous class>.fxdriver.Timer.prototype.setTimeout/<.notify(file:///C:/Users/VA4652/AppData/Local/Temp/anonymous4886934323543985845webdriver-profile/extensions/fxdriver@googlecode.com/components/driver-component.js:603)
]]>
            </full-stacktrace>
          </exception> <!-- org.openqa.selenium.NoSuchElementException -->
          <reporter-output>
          </reporter-output>
        </test-method> <!-- launchURLTestypDisplay -->
        <test-method status="SKIP" signature="ypDispalyOverviewTest()[pri:0, instance:report.test.Test_ypDisplay@1c16062b]" name="ypDispalyOverviewTest" duration-ms="0" started-at="2015-09-03T20:45:38Z" depends-on-methods="report.test.Test_ypDisplay.launchURLTestypDisplay" finished-at="2015-09-03T20:45:38Z">
          <exception class="java.lang.Throwable">
            <message>
              <![CDATA[Method Test_ypDisplay.ypDispalyOverviewTest()[pri:0, instance:report.test.Test_ypDisplay@1c16062b] depends on not successfully finished methods]]>
            </message>
            <full-stacktrace>
              <![CDATA[java.lang.Throwable: Method Test_ypDisplay.ypDispalyOverviewTest()[pri:0, instance:report.test.Test_ypDisplay@1c16062b] depends on not successfully finished methods
	at org.testng.internal.Invoker.invokeTestMethods(Invoker.java:1063)
	at org.testng.internal.TestMethodWorker.invokeTestMethods(TestMethodWorker.java:125)
	at org.testng.internal.TestMethodWorker.run(TestMethodWorker.java:108)
	at org.testng.TestRunner.privateRun(TestRunner.java:771)
	at org.testng.TestRunner.run(TestRunner.java:621)
	at org.testng.SuiteRunner.runTest(SuiteRunner.java:357)
	at org.testng.SuiteRunner.runSequentially(SuiteRunner.java:352)
	at org.testng.SuiteRunner.privateRun(SuiteRunner.java:310)
	at org.testng.SuiteRunner.run(SuiteRunner.java:259)
	at org.testng.SuiteRunnerWorker.runSuite(SuiteRunnerWorker.java:52)
	at org.testng.SuiteRunnerWorker.run(SuiteRunnerWorker.java:86)
	at org.testng.TestNG.runSuitesSequentially(TestNG.java:1199)
	at org.testng.TestNG.runSuitesSequentially(TestNG.java:1195)
	at org.testng.TestNG.runSuitesLocally(TestNG.java:1124)
	at org.testng.TestNG.run(TestNG.java:1032)
	at org.testng.remote.RemoteTestNG.run(RemoteTestNG.java:111)
	at org.testng.remote.RemoteTestNG.initAndRun(RemoteTestNG.java:204)
	at org.testng.remote.RemoteTestNG.main(RemoteTestNG.java:175)
]]>
            </full-stacktrace>
          </exception> <!-- java.lang.Throwable -->
          <reporter-output>
          </reporter-output>
        </test-method> <!-- ypDispalyOverviewTest -->
      </class> <!-- report.test.Test_ypDisplay -->
      <class name="report.test.Test_ypClicks">
        <test-method status="PASS" signature="initBase()[pri:0, instance:report.test.Test_ypClicks@2c89eaa9]" name="initBase" is-config="true" duration-ms="6070" started-at="2015-09-03T20:44:27Z" finished-at="2015-09-03T20:44:33Z">
          <reporter-output>
          </reporter-output>
        </test-method> <!-- initBase -->
        <test-method status="PASS" signature="initBase()[pri:0, instance:report.test.Test_ypDisplay@1c16062b]" name="initBase" is-config="true" duration-ms="0" started-at="2015-09-03T20:44:33Z" finished-at="2015-09-03T20:44:33Z">
          <reporter-output>
          </reporter-output>
        </test-method> <!-- initBase -->
        <test-method status="PASS" signature="initBase()[pri:0, instance:report.test.Test_ypLocalAds@164cfb1d]" name="initBase" is-config="true" duration-ms="0" started-at="2015-09-03T20:44:33Z" finished-at="2015-09-03T20:44:33Z">
          <reporter-output>
          </reporter-output>
        </test-method> <!-- initBase -->
        <test-method status="PASS" signature="initBase()[pri:0, instance:report.test.Test_ypRealYellowPages@128d1417]" name="initBase" is-config="true" duration-ms="0" started-at="2015-09-03T20:44:33Z" finished-at="2015-09-03T20:44:33Z">
          <reporter-output>
          </reporter-output>
        </test-method> <!-- initBase -->
        <test-method status="PASS" signature="initBase()[pri:0, instance:report.test.Test_ypWebsite@17fa385b]" name="initBase" is-config="true" duration-ms="0" started-at="2015-09-03T20:44:33Z" finished-at="2015-09-03T20:44:33Z">
          <reporter-output>
          </reporter-output>
        </test-method> <!-- initBase -->
        <test-method status="PASS" signature="initBase()[pri:0, instance:report.test.Test_ypClicks@2c89eaa9]" name="initBase" is-config="true" duration-ms="3" started-at="2015-09-03T20:46:11Z" finished-at="2015-09-03T20:46:11Z">
          <reporter-output>
          </reporter-output>
        </test-method> <!-- initBase -->
        <test-method status="PASS" signature="launchURLTestypClicks()[pri:0, instance:report.test.Test_ypClicks@2c89eaa9]" name="launchURLTestypClicks" duration-ms="25076" started-at="2015-09-03T20:46:11Z" finished-at="2015-09-03T20:46:36Z">
          <reporter-output>
          </reporter-output>
        </test-method> <!-- launchURLTestypClicks -->
        <test-method status="FAIL" signature="ypClicksOverviewTest()[pri:0, instance:report.test.Test_ypClicks@2c89eaa9]" name="ypClicksOverviewTest" duration-ms="6990" started-at="2015-09-03T20:46:36Z" depends-on-methods="report.test.Test_ypClicks.launchURLTestypClicks" finished-at="2015-09-03T20:46:43Z">
          <exception class="java.lang.AssertionError">
            <message>
              <![CDATA[expected [22] but found [13]]]>
            </message>
            <full-stacktrace>
              <![CDATA[java.lang.AssertionError: expected [22] but found [13]
	at org.testng.Assert.fail(Assert.java:94)
	at org.testng.Assert.failNotEquals(Assert.java:496)
	at org.testng.Assert.assertEquals(Assert.java:125)
	at org.testng.Assert.assertEquals(Assert.java:372)
	at org.testng.Assert.assertEquals(Assert.java:382)
	at report.test.Test_ypClicks.ypClicksOverviewTest(Test_ypClicks.java:91)
	at sun.reflect.NativeMethodAccessorImpl.invoke0(Native Method)
	at sun.reflect.NativeMethodAccessorImpl.invoke(NativeMethodAccessorImpl.java:57)
	at sun.reflect.DelegatingMethodAccessorImpl.invoke(DelegatingMethodAccessorImpl.java:43)
	at java.lang.reflect.Method.invoke(Method.java:606)
	at org.testng.internal.MethodInvocationHelper.invokeMethod(MethodInvocationHelper.java:85)
	at org.testng.internal.Invoker.invokeMethod(Invoker.java:659)
	at org.testng.internal.Invoker.invokeTestMethod(Invoker.java:845)
	at org.testng.internal.Invoker.invokeTestMethods(Invoker.java:1153)
	at org.testng.internal.TestMethodWorker.invokeTestMethods(TestMethodWorker.java:125)
	at org.testng.internal.TestMethodWorker.run(TestMethodWorker.java:108)
	at org.testng.TestRunner.privateRun(TestRunner.java:771)
	at org.testng.TestRunner.run(TestRunner.java:621)
	at org.testng.SuiteRunner.runTest(SuiteRunner.java:357)
	at org.testng.SuiteRunner.runSequentially(SuiteRunner.java:352)
	at org.testng.SuiteRunner.privateRun(SuiteRunner.java:310)
	at org.testng.SuiteRunner.run(SuiteRunner.java:259)
	at org.testng.SuiteRunnerWorker.runSuite(SuiteRunnerWorker.java:52)
	at org.testng.SuiteRunnerWorker.run(SuiteRunnerWorker.java:86)
	at org.testng.TestNG.runSuitesSequentially(TestNG.java:1199)
	at org.testng.TestNG.runSuitesSequentially(TestNG.java:1195)
	at org.testng.TestNG.runSuitesLocally(TestNG.java:1124)
	at org.testng.TestNG.run(TestNG.java:1032)
	at org.testng.remote.RemoteTestNG.run(RemoteTestNG.java:111)
	at org.testng.remote.RemoteTestNG.initAndRun(RemoteTestNG.java:204)
	at org.testng.remote.RemoteTestNG.main(RemoteTestNG.java:175)
]]>
            </full-stacktrace>
          </exception> <!-- java.lang.AssertionError -->
          <reporter-output>
          </reporter-output>
        </test-method> <!-- ypClicksOverviewTest -->
      </class> <!-- report.test.Test_ypClicks -->
      <class name="report.test.Test_ypRealYellowPages">
        <test-method status="PASS" signature="launchURLTestypReal()[pri:0, instance:report.test.Test_ypRealYellowPages@128d1417]" name="launchURLTestypReal" duration-ms="13520" started-at="2015-09-03T20:44:52Z" finished-at="2015-09-03T20:45:06Z">
          <reporter-output>
          </reporter-output>
        </test-method> <!-- launchURLTestypReal -->
        <test-method status="PASS" signature="ypRealYellowPagesOverviewTest()[pri:0, instance:report.test.Test_ypRealYellowPages@128d1417]" name="ypRealYellowPagesOverviewTest" duration-ms="4081" started-at="2015-09-03T20:45:06Z" depends-on-methods="report.test.Test_ypRealYellowPages.launchURLTestypReal" finished-at="2015-09-03T20:45:10Z">
          <reporter-output>
          </reporter-output>
        </test-method> <!-- ypRealYellowPagesOverviewTest -->
      </class> <!-- report.test.Test_ypRealYellowPages -->
      <class name="report.test.Test_ypWebsite">
        <test-method status="FAIL" signature="launchURLTestypWebsites()[pri:0, instance:report.test.Test_ypWebsite@17fa385b]" name="launchURLTestypWebsites" duration-ms="32974" started-at="2015-09-03T20:45:38Z" finished-at="2015-09-03T20:46:11Z">
          <exception class="java.lang.Throwable">
            <message>
              <![CDATA[Multiple failures (3):nnFailure 1 of 3:norg.openqa.selenium.NoSuchElementException: Unable to locate element: {"method":"xpath","selector":"//*[@id='dvSubNav']/img"}
Command duration or timeout: 10.18 seconds
For documentation on this error, please visit: http://seleniumhq.org/exceptions/no_such_element.html
Build info: version: '2.45.0', revision: '5017cb8e7ca8e37638dc3091b2440b90a1d8686f', time: '2015-02-27 09:10:26'
System info: host: 'CA04WLVA4652', ip: '10.67.9.254', os.name: 'Windows 7', os.arch: 'amd64', os.version: '6.1', java.version: '1.7.0_79'
*** Element info: {Using=xpath, value=//*[@id='dvSubNav']/img}
Session ID: 459fc1cf-da9d-423e-b406-39358be08bee
Driver info: org.openqa.selenium.firefox.FirefoxDriver
Capabilities [{platform=WINDOWS, acceptSslCerts=true, javascriptEnabled=true, cssSelectorsEnabled=true, databaseEnabled=true, browserName=firefox, handlesAlerts=true, nativeEvents=false, webStorageEnabled=true, rotatable=false, locationContextEnabled=true, applicationCacheEnabled=true, takesScreenshot=true, version=39.0.3}]
	at sun.reflect.NativeConstructorAccessorImpl.newInstance0(Native Method)
	at sun.reflect.NativeConstructorAccessorImpl.newInstance(NativeConstructorAccessorImpl.java:57)
	at sun.reflect.DelegatingConstructorAccessorImpl.newInstance(DelegatingConstructorAccessorImpl.java:45)
	at java.lang.reflect.Constructor.newInstance(Constructor.java:526)
	at org.openqa.selenium.remote.ErrorHandler.createThrowable(ErrorHandler.java:204)
	at org.openqa.selenium.remote.ErrorHandler.throwIfResponseFailed(ErrorHandler.java:156)
	at org.openqa.selenium.remote.RemoteWebDriver.execute(RemoteWebDriver.java:599)
	at org.openqa.selenium.remote.RemoteWebDriver.findElement(RemoteWebDriver.java:352)
	at org.openqa.selenium.remote.RemoteWebDriver.findElementByXPath(RemoteWebDriver.java:449)
	at org.openqa.selenium.By$ByXPath.findElement(By.java:357)
	at org.openqa.selenium.remote.RemoteWebDriver.findElement(RemoteWebDriver.java:344)
	at report.test.TestBase.isElementPresent(TestBase.java:123)
	at report.pages.ypWebsites.launchURL(ypWebsites.java:91)
	at report.test.Test_ypWebsite.launchURLTestypWebsites(Test_ypWebsite.java:80)
	at sun.reflect.NativeMethodAccessorImpl.invoke0(Native Method)
	at sun.reflect.NativeMethodAccessorImpl.invoke(NativeMethodAccessorImpl.java:57)
	at sun.reflect.DelegatingMethodAccessorImpl.invoke(DelegatingMethodAccessorImpl.java:43)
	at java.lang.reflect.Method.invoke(Method.java:606)
	at org.testng.internal.MethodInvocationHelper.invokeMethod(MethodInvocationHelper.java:85)
	at org.testng.internal.Invoker.invokeMethod(Invoker.java:659)
	at org.testng.internal.Invoker.invokeTestMethod(Invoker.java:845)
	at org.testng.internal.Invoker.invokeTestMethods(Invoker.java:1153)
	at org.testng.internal.TestMethodWorker.invokeTestMethods(TestMethodWorker.java:125)
	at org.testng.internal.TestMethodWorker.run(TestMethodWorker.java:108)
	at org.testng.TestRunner.privateRun(TestRunner.java:771)
	at org.testng.TestRunner.run(TestRunner.java:621)
	at org.testng.SuiteRunner.runTest(SuiteRunner.java:357)
	at org.testng.SuiteRunner.runSequentially(SuiteRunner.java:352)
	at org.testng.SuiteRunner.privateRun(SuiteRunner.java:310)
	at org.testng.SuiteRunner.run(SuiteRunner.java:259)
	at org.testng.SuiteRunnerWorker.runSuite(SuiteRunnerWorker.java:52)
	at org.testng.SuiteRunnerWorker.run(SuiteRunnerWorker.java:86)
	at org.testng.TestNG.runSuitesSequentially(TestNG.java:1199)
	at org.testng.TestNG.runSuitesSequentially(TestNG.java:1195)
	at org.testng.TestNG.runSuitesLocally(TestNG.java:1124)
	at org.testng.TestNG.run(TestNG.java:1032)
	at org.testng.remote.RemoteTestNG.run(RemoteTestNG.java:111)
	at org.testng.remote.RemoteTestNG.initAndRun(RemoteTestNG.java:204)
	at org.testng.remote.RemoteTestNG.main(RemoteTestNG.java:175)
Caused by: org.openqa.selenium.NoSuchElementException: Unable to locate element: {"method":"xpath","selector":"//*[@id='dvSubNav']/img"}
For documentation on this error, please visit: http://seleniumhq.org/exceptions/no_such_element.html
Build info: version: '2.45.0', revision: '5017cb8e7ca8e37638dc3091b2440b90a1d8686f', time: '2015-02-27 09:10:26'
System info: host: 'CA04WLVA4652', ip: '10.67.9.254', os.name: 'Windows 7', os.arch: 'amd64', os.version: '6.1', java.version: '1.7.0_79'
Driver info: driver.version: unknown
	at <anonymous class>.FirefoxDriver.prototype.findElementInternal_(file:///C:/Users/VA4652/AppData/Local/Temp/anonymous4886934323543985845webdriver-profile/extensions/fxdriver@googlecode.com/components/driver-component.js:10271)
	at <anonymous class>.fxdriver.Timer.prototype.setTimeout/<.notify(file:///C:/Users/VA4652/AppData/Local/Temp/anonymous4886934323543985845webdriver-profile/extensions/fxdriver@googlecode.com/components/driver-component.js:603)
nnFailure 2 of 3:norg.openqa.selenium.NoSuchElementException: Unable to locate element: {"method":"xpath","selector":"//*[@id='DisplayDates']"}
Command duration or timeout: 10.13 seconds
For documentation on this error, please visit: http://seleniumhq.org/exceptions/no_such_element.html
Build info: version: '2.45.0', revision: '5017cb8e7ca8e37638dc3091b2440b90a1d8686f', time: '2015-02-27 09:10:26'
System info: host: 'CA04WLVA4652', ip: '10.67.9.254', os.name: 'Windows 7', os.arch: 'amd64', os.version: '6.1', java.version: '1.7.0_79'
*** Element info: {Using=xpath, value=//*[@id='DisplayDates']}
Session ID: 459fc1cf-da9d-423e-b406-39358be08bee
Driver info: org.openqa.selenium.firefox.FirefoxDriver
Capabilities [{platform=WINDOWS, acceptSslCerts=true, javascriptEnabled=true, cssSelectorsEnabled=true, databaseEnabled=true, browserName=firefox, handlesAlerts=true, nativeEvents=false, webStorageEnabled=true, rotatable=false, locationContextEnabled=true, applicationCacheEnabled=true, takesScreenshot=true, version=39.0.3}]
	at sun.reflect.NativeConstructorAccessorImpl.newInstance0(Native Method)
	at sun.reflect.NativeConstructorAccessorImpl.newInstance(NativeConstructorAccessorImpl.java:57)
	at sun.reflect.DelegatingConstructorAccessorImpl.newInstance(DelegatingConstructorAccessorImpl.java:45)
	at java.lang.reflect.Constructor.newInstance(Constructor.java:526)
	at org.openqa.selenium.remote.ErrorHandler.createThrowable(ErrorHandler.java:204)
	at org.openqa.selenium.remote.ErrorHandler.throwIfResponseFailed(ErrorHandler.java:156)
	at org.openqa.selenium.remote.RemoteWebDriver.execute(RemoteWebDriver.java:599)
	at org.openqa.selenium.remote.RemoteWebDriver.findElement(RemoteWebDriver.java:352)
	at org.openqa.selenium.remote.RemoteWebDriver.findElementByXPath(RemoteWebDriver.java:449)
	at org.openqa.selenium.By$ByXPath.findElement(By.java:357)
	at org.openqa.selenium.remote.RemoteWebDriver.findElement(RemoteWebDriver.java:344)
	at report.test.TestBase.isElementPresent(TestBase.java:123)
	at report.pages.ypWebsites.launchURL(ypWebsites.java:95)
	at report.test.Test_ypWebsite.launchURLTestypWebsites(Test_ypWebsite.java:80)
	at sun.reflect.NativeMethodAccessorImpl.invoke0(Native Method)
	at sun.reflect.NativeMethodAccessorImpl.invoke(NativeMethodAccessorImpl.java:57)
	at sun.reflect.DelegatingMethodAccessorImpl.invoke(DelegatingMethodAccessorImpl.java:43)
	at java.lang.reflect.Method.invoke(Method.java:606)
	at org.testng.internal.MethodInvocationHelper.invokeMethod(MethodInvocationHelper.java:85)
	at org.testng.internal.Invoker.invokeMethod(Invoker.java:659)
	at org.testng.internal.Invoker.invokeTestMethod(Invoker.java:845)
	at org.testng.internal.Invoker.invokeTestMethods(Invoker.java:1153)
	at org.testng.internal.TestMethodWorker.invokeTestMethods(TestMethodWorker.java:125)
	at org.testng.internal.TestMethodWorker.run(TestMethodWorker.java:108)
	at org.testng.TestRunner.privateRun(TestRunner.java:771)
	at org.testng.TestRunner.run(TestRunner.java:621)
	at org.testng.SuiteRunner.runTest(SuiteRunner.java:357)
	at org.testng.SuiteRunner.runSequentially(SuiteRunner.java:352)
	at org.testng.SuiteRunner.privateRun(SuiteRunner.java:310)
	at org.testng.SuiteRunner.run(SuiteRunner.java:259)
	at org.testng.SuiteRunnerWorker.runSuite(SuiteRunnerWorker.java:52)
	at org.testng.SuiteRunnerWorker.run(SuiteRunnerWorker.java:86)
	at org.testng.TestNG.runSuitesSequentially(TestNG.java:1199)
	at org.testng.TestNG.runSuitesSequentially(TestNG.java:1195)
	at org.testng.TestNG.runSuitesLocally(TestNG.java:1124)
	at org.testng.TestNG.run(TestNG.java:1032)
	at org.testng.remote.RemoteTestNG.run(RemoteTestNG.java:111)
	at org.testng.remote.RemoteTestNG.initAndRun(RemoteTestNG.java:204)
	at org.testng.remote.RemoteTestNG.main(RemoteTestNG.java:175)
Caused by: org.openqa.selenium.NoSuchElementException: Unable to locate element: {"method":"xpath","selector":"//*[@id='DisplayDates']"}
For documentation on this error, please visit: http://seleniumhq.org/exceptions/no_such_element.html
Build info: version: '2.45.0', revision: '5017cb8e7ca8e37638dc3091b2440b90a1d8686f', time: '2015-02-27 09:10:26'
System info: host: 'CA04WLVA4652', ip: '10.67.9.254', os.name: 'Windows 7', os.arch: 'amd64', os.version: '6.1', java.version: '1.7.0_79'
Driver info: driver.version: unknown
	at <anonymous class>.FirefoxDriver.prototype.findElementInternal_(file:///C:/Users/VA4652/AppData/Local/Temp/anonymous4886934323543985845webdriver-profile/extensions/fxdriver@googlecode.com/components/driver-component.js:10271)
	at <anonymous class>.fxdriver.Timer.prototype.setTimeout/<.notify(file:///C:/Users/VA4652/AppData/Local/Temp/anonymous4886934323543985845webdriver-profile/extensions/fxdriver@googlecode.com/components/driver-component.js:603)
nnFailure 3 of 3:njava.lang.AssertionError: expected [true] but found [false]]]>
            </message>
            <full-stacktrace>
              <![CDATA[java.lang.Throwable: Multiple failures (3):nnFailure 1 of 3:norg.openqa.selenium.NoSuchElementException: Unable to locate element: {"method":"xpath","selector":"//*[@id='dvSubNav']/img"}
Command duration or timeout: 10.18 seconds
For documentation on this error, please visit: http://seleniumhq.org/exceptions/no_such_element.html
Build info: version: '2.45.0', revision: '5017cb8e7ca8e37638dc3091b2440b90a1d8686f', time: '2015-02-27 09:10:26'
System info: host: 'CA04WLVA4652', ip: '10.67.9.254', os.name: 'Windows 7', os.arch: 'amd64', os.version: '6.1', java.version: '1.7.0_79'
*** Element info: {Using=xpath, value=//*[@id='dvSubNav']/img}
Session ID: 459fc1cf-da9d-423e-b406-39358be08bee
Driver info: org.openqa.selenium.firefox.FirefoxDriver
Capabilities [{platform=WINDOWS, acceptSslCerts=true, javascriptEnabled=true, cssSelectorsEnabled=true, databaseEnabled=true, browserName=firefox, handlesAlerts=true, nativeEvents=false, webStorageEnabled=true, rotatable=false, locationContextEnabled=true, applicationCacheEnabled=true, takesScreenshot=true, version=39.0.3}]
	at sun.reflect.NativeConstructorAccessorImpl.newInstance0(Native Method)
	at sun.reflect.NativeConstructorAccessorImpl.newInstance(NativeConstructorAccessorImpl.java:57)
	at sun.reflect.DelegatingConstructorAccessorImpl.newInstance(DelegatingConstructorAccessorImpl.java:45)
	at java.lang.reflect.Constructor.newInstance(Constructor.java:526)
	at org.openqa.selenium.remote.ErrorHandler.createThrowable(ErrorHandler.java:204)
	at org.openqa.selenium.remote.ErrorHandler.throwIfResponseFailed(ErrorHandler.java:156)
	at org.openqa.selenium.remote.RemoteWebDriver.execute(RemoteWebDriver.java:599)
	at org.openqa.selenium.remote.RemoteWebDriver.findElement(RemoteWebDriver.java:352)
	at org.openqa.selenium.remote.RemoteWebDriver.findElementByXPath(RemoteWebDriver.java:449)
	at org.openqa.selenium.By$ByXPath.findElement(By.java:357)
	at org.openqa.selenium.remote.RemoteWebDriver.findElement(RemoteWebDriver.java:344)
	at report.test.TestBase.isElementPresent(TestBase.java:123)
	at report.pages.ypWebsites.launchURL(ypWebsites.java:91)
	at report.test.Test_ypWebsite.launchURLTestypWebsites(Test_ypWebsite.java:80)
	at sun.reflect.NativeMethodAccessorImpl.invoke0(Native Method)
	at sun.reflect.NativeMethodAccessorImpl.invoke(NativeMethodAccessorImpl.java:57)
	at sun.reflect.DelegatingMethodAccessorImpl.invoke(DelegatingMethodAccessorImpl.java:43)
	at java.lang.reflect.Method.invoke(Method.java:606)
	at org.testng.internal.MethodInvocationHelper.invokeMethod(MethodInvocationHelper.java:85)
	at org.testng.internal.Invoker.invokeMethod(Invoker.java:659)
	at org.testng.internal.Invoker.invokeTestMethod(Invoker.java:845)
	at org.testng.internal.Invoker.invokeTestMethods(Invoker.java:1153)
	at org.testng.internal.TestMethodWorker.invokeTestMethods(TestMethodWorker.java:125)
	at org.testng.internal.TestMethodWorker.run(TestMethodWorker.java:108)
	at org.testng.TestRunner.privateRun(TestRunner.java:771)
	at org.testng.TestRunner.run(TestRunner.java:621)
	at org.testng.SuiteRunner.runTest(SuiteRunner.java:357)
	at org.testng.SuiteRunner.runSequentially(SuiteRunner.java:352)
	at org.testng.SuiteRunner.privateRun(SuiteRunner.java:310)
	at org.testng.SuiteRunner.run(SuiteRunner.java:259)
	at org.testng.SuiteRunnerWorker.runSuite(SuiteRunnerWorker.java:52)
	at org.testng.SuiteRunnerWorker.run(SuiteRunnerWorker.java:86)
	at org.testng.TestNG.runSuitesSequentially(TestNG.java:1199)
	at org.testng.TestNG.runSuitesSequentially(TestNG.java:1195)
	at org.testng.TestNG.runSuitesLocally(TestNG.java:1124)
	at org.testng.TestNG.run(TestNG.java:1032)
	at org.testng.remote.RemoteTestNG.run(RemoteTestNG.java:111)
	at org.testng.remote.RemoteTestNG.initAndRun(RemoteTestNG.java:204)
	at org.testng.remote.RemoteTestNG.main(RemoteTestNG.java:175)
Caused by: org.openqa.selenium.NoSuchElementException: Unable to locate element: {"method":"xpath","selector":"//*[@id='dvSubNav']/img"}
For documentation on this error, please visit: http://seleniumhq.org/exceptions/no_such_element.html
Build info: version: '2.45.0', revision: '5017cb8e7ca8e37638dc3091b2440b90a1d8686f', time: '2015-02-27 09:10:26'
System info: host: 'CA04WLVA4652', ip: '10.67.9.254', os.name: 'Windows 7', os.arch: 'amd64', os.version: '6.1', java.version: '1.7.0_79'
Driver info: driver.version: unknown
	at <anonymous class>.FirefoxDriver.prototype.findElementInternal_(file:///C:/Users/VA4652/AppData/Local/Temp/anonymous4886934323543985845webdriver-profile/extensions/fxdriver@googlecode.com/components/driver-component.js:10271)
	at <anonymous class>.fxdriver.Timer.prototype.setTimeout/<.notify(file:///C:/Users/VA4652/AppData/Local/Temp/anonymous4886934323543985845webdriver-profile/extensions/fxdriver@googlecode.com/components/driver-component.js:603)
nnFailure 2 of 3:norg.openqa.selenium.NoSuchElementException: Unable to locate element: {"method":"xpath","selector":"//*[@id='DisplayDates']"}
Command duration or timeout: 10.13 seconds
For documentation on this error, please visit: http://seleniumhq.org/exceptions/no_such_element.html
Build info: version: '2.45.0', revision: '5017cb8e7ca8e37638dc3091b2440b90a1d8686f', time: '2015-02-27 09:10:26'
System info: host: 'CA04WLVA4652', ip: '10.67.9.254', os.name: 'Windows 7', os.arch: 'amd64', os.version: '6.1', java.version: '1.7.0_79'
*** Element info: {Using=xpath, value=//*[@id='DisplayDates']}
Session ID: 459fc1cf-da9d-423e-b406-39358be08bee
Driver info: org.openqa.selenium.firefox.FirefoxDriver
Capabilities [{platform=WINDOWS, acceptSslCerts=true, javascriptEnabled=true, cssSelectorsEnabled=true, databaseEnabled=true, browserName=firefox, handlesAlerts=true, nativeEvents=false, webStorageEnabled=true, rotatable=false, locationContextEnabled=true, applicationCacheEnabled=true, takesScreenshot=true, version=39.0.3}]
	at sun.reflect.NativeConstructorAccessorImpl.newInstance0(Native Method)
	at sun.reflect.NativeConstructorAccessorImpl.newInstance(NativeConstructorAccessorImpl.java:57)
	at sun.reflect.DelegatingConstructorAccessorImpl.newInstance(DelegatingConstructorAccessorImpl.java:45)
	at java.lang.reflect.Constructor.newInstance(Constructor.java:526)
	at org.openqa.selenium.remote.ErrorHandler.createThrowable(ErrorHandler.java:204)
	at org.openqa.selenium.remote.ErrorHandler.throwIfResponseFailed(ErrorHandler.java:156)
	at org.openqa.selenium.remote.RemoteWebDriver.execute(RemoteWebDriver.java:599)
	at org.openqa.selenium.remote.RemoteWebDriver.findElement(RemoteWebDriver.java:352)
	at org.openqa.selenium.remote.RemoteWebDriver.findElementByXPath(RemoteWebDriver.java:449)
	at org.openqa.selenium.By$ByXPath.findElement(By.java:357)
	at org.openqa.selenium.remote.RemoteWebDriver.findElement(RemoteWebDriver.java:344)
	at report.test.TestBase.isElementPresent(TestBase.java:123)
	at report.pages.ypWebsites.launchURL(ypWebsites.java:95)
	at report.test.Test_ypWebsite.launchURLTestypWebsites(Test_ypWebsite.java:80)
	at sun.reflect.NativeMethodAccessorImpl.invoke0(Native Method)
	at sun.reflect.NativeMethodAccessorImpl.invoke(NativeMethodAccessorImpl.java:57)
	at sun.reflect.DelegatingMethodAccessorImpl.invoke(DelegatingMethodAccessorImpl.java:43)
	at java.lang.reflect.Method.invoke(Method.java:606)
	at org.testng.internal.MethodInvocationHelper.invokeMethod(MethodInvocationHelper.java:85)
	at org.testng.internal.Invoker.invokeMethod(Invoker.java:659)
	at org.testng.internal.Invoker.invokeTestMethod(Invoker.java:845)
	at org.testng.internal.Invoker.invokeTestMethods(Invoker.java:1153)
	at org.testng.internal.TestMethodWorker.invokeTestMethods(TestMethodWorker.java:125)
	at org.testng.internal.TestMethodWorker.run(TestMethodWorker.java:108)
	at org.testng.TestRunner.privateRun(TestRunner.java:771)
	at org.testng.TestRunner.run(TestRunner.java:621)
	at org.testng.SuiteRunner.runTest(SuiteRunner.java:357)
	at org.testng.SuiteRunner.runSequentially(SuiteRunner.java:352)
	at org.testng.SuiteRunner.privateRun(SuiteRunner.java:310)
	at org.testng.SuiteRunner.run(SuiteRunner.java:259)
	at org.testng.SuiteRunnerWorker.runSuite(SuiteRunnerWorker.java:52)
	at org.testng.SuiteRunnerWorker.run(SuiteRunnerWorker.java:86)
	at org.testng.TestNG.runSuitesSequentially(TestNG.java:1199)
	at org.testng.TestNG.runSuitesSequentially(TestNG.java:1195)
	at org.testng.TestNG.runSuitesLocally(TestNG.java:1124)
	at org.testng.TestNG.run(TestNG.java:1032)
	at org.testng.remote.RemoteTestNG.run(RemoteTestNG.java:111)
	at org.testng.remote.RemoteTestNG.initAndRun(RemoteTestNG.java:204)
	at org.testng.remote.RemoteTestNG.main(RemoteTestNG.java:175)
Caused by: org.openqa.selenium.NoSuchElementException: Unable to locate element: {"method":"xpath","selector":"//*[@id='DisplayDates']"}
For documentation on this error, please visit: http://seleniumhq.org/exceptions/no_such_element.html
Build info: version: '2.45.0', revision: '5017cb8e7ca8e37638dc3091b2440b90a1d8686f', time: '2015-02-27 09:10:26'
System info: host: 'CA04WLVA4652', ip: '10.67.9.254', os.name: 'Windows 7', os.arch: 'amd64', os.version: '6.1', java.version: '1.7.0_79'
Driver info: driver.version: unknown
	at <anonymous class>.FirefoxDriver.prototype.findElementInternal_(file:///C:/Users/VA4652/AppData/Local/Temp/anonymous4886934323543985845webdriver-profile/extensions/fxdriver@googlecode.com/components/driver-component.js:10271)
	at <anonymous class>.fxdriver.Timer.prototype.setTimeout/<.notify(file:///C:/Users/VA4652/AppData/Local/Temp/anonymous4886934323543985845webdriver-profile/extensions/fxdriver@googlecode.com/components/driver-component.js:603)
nnFailure 3 of 3:njava.lang.AssertionError: expected [true] but found [false]
	at org.testng.Assert.fail(Assert.java:94)
	at org.testng.Assert.failNotEquals(Assert.java:496)
	at org.testng.Assert.assertTrue(Assert.java:42)
	at org.testng.Assert.assertTrue(Assert.java:52)
	at report.pages.ypWebsites.launchURL(ypWebsites.java:95)
	at report.test.Test_ypWebsite.launchURLTestypWebsites(Test_ypWebsite.java:80)
	at sun.reflect.NativeMethodAccessorImpl.invoke0(Native Method)
	at sun.reflect.NativeMethodAccessorImpl.invoke(NativeMethodAccessorImpl.java:57)
	at sun.reflect.DelegatingMethodAccessorImpl.invoke(DelegatingMethodAccessorImpl.java:43)
	at java.lang.reflect.Method.invoke(Method.java:606)
	at org.testng.internal.MethodInvocationHelper.invokeMethod(MethodInvocationHelper.java:85)
	at org.testng.internal.Invoker.invokeMethod(Invoker.java:659)
	at org.testng.internal.Invoker.invokeTestMethod(Invoker.java:845)
	at org.testng.internal.Invoker.invokeTestMethods(Invoker.java:1153)
	at org.testng.internal.TestMethodWorker.invokeTestMethods(TestMethodWorker.java:125)
	at org.testng.internal.TestMethodWorker.run(TestMethodWorker.java:108)
	at org.testng.TestRunner.privateRun(TestRunner.java:771)
	at org.testng.TestRunner.run(TestRunner.java:621)
	at org.testng.SuiteRunner.runTest(SuiteRunner.java:357)
	at org.testng.SuiteRunner.runSequentially(SuiteRunner.java:352)
	at org.testng.SuiteRunner.privateRun(SuiteRunner.java:310)
	at org.testng.SuiteRunner.run(SuiteRunner.java:259)
	at org.testng.SuiteRunnerWorker.runSuite(SuiteRunnerWorker.java:52)
	at org.testng.SuiteRunnerWorker.run(SuiteRunnerWorker.java:86)
	at org.testng.TestNG.runSuitesSequentially(TestNG.java:1199)
	at org.testng.TestNG.runSuitesSequentially(TestNG.java:1195)
	at org.testng.TestNG.runSuitesLocally(TestNG.java:1124)
	at org.testng.TestNG.run(TestNG.java:1032)
	at org.testng.remote.RemoteTestNG.run(RemoteTestNG.java:111)
	at org.testng.remote.RemoteTestNG.initAndRun(RemoteTestNG.java:204)
	at org.testng.remote.RemoteTestNG.main(RemoteTestNG.java:175)
]]>
            </full-stacktrace>
          </exception> <!-- java.lang.Throwable -->
          <reporter-output>
          </reporter-output>
        </test-method> <!-- launchURLTestypWebsites -->
        <test-method status="SKIP" signature="ypWebsitesOverviewTest()[pri:0, instance:report.test.Test_ypWebsite@17fa385b]" name="ypWebsitesOverviewTest" duration-ms="0" started-at="2015-09-03T20:46:11Z" depends-on-methods="report.test.Test_ypWebsite.launchURLTestypWebsites" finished-at="2015-09-03T20:46:11Z">
          <exception class="java.lang.Throwable">
            <message>
              <![CDATA[Method Test_ypWebsite.ypWebsitesOverviewTest()[pri:0, instance:report.test.Test_ypWebsite@17fa385b] depends on not successfully finished methods]]>
            </message>
            <full-stacktrace>
              <![CDATA[java.lang.Throwable: Method Test_ypWebsite.ypWebsitesOverviewTest()[pri:0, instance:report.test.Test_ypWebsite@17fa385b] depends on not successfully finished methods
	at org.testng.internal.Invoker.invokeTestMethods(Invoker.java:1063)
	at org.testng.internal.TestMethodWorker.invokeTestMethods(TestMethodWorker.java:125)
	at org.testng.internal.TestMethodWorker.run(TestMethodWorker.java:108)
	at org.testng.TestRunner.privateRun(TestRunner.java:771)
	at org.testng.TestRunner.run(TestRunner.java:621)
	at org.testng.SuiteRunner.runTest(SuiteRunner.java:357)
	at org.testng.SuiteRunner.runSequentially(SuiteRunner.java:352)
	at org.testng.SuiteRunner.privateRun(SuiteRunner.java:310)
	at org.testng.SuiteRunner.run(SuiteRunner.java:259)
	at org.testng.SuiteRunnerWorker.runSuite(SuiteRunnerWorker.java:52)
	at org.testng.SuiteRunnerWorker.run(SuiteRunnerWorker.java:86)
	at org.testng.TestNG.runSuitesSequentially(TestNG.java:1199)
	at org.testng.TestNG.runSuitesSequentially(TestNG.java:1195)
	at org.testng.TestNG.runSuitesLocally(TestNG.java:1124)
	at org.testng.TestNG.run(TestNG.java:1032)
	at org.testng.remote.RemoteTestNG.run(RemoteTestNG.java:111)
	at org.testng.remote.RemoteTestNG.initAndRun(RemoteTestNG.java:204)
	at org.testng.remote.RemoteTestNG.main(RemoteTestNG.java:175)
]]>
            </full-stacktrace>
          </exception> <!-- java.lang.Throwable -->
          <reporter-output>
          </reporter-output>
        </test-method> <!-- ypWebsitesOverviewTest -->
      </class> <!-- report.test.Test_ypWebsite -->
      <class name="report.test.Test_ypLocalAds">
        <test-method status="PASS" signature="launchURLTestypLocal()[pri:0, instance:report.test.Test_ypLocalAds@164cfb1d]" name="launchURLTestypLocal" duration-ms="12833" started-at="2015-09-03T20:44:33Z" finished-at="2015-09-03T20:44:46Z">
          <reporter-output>
          </reporter-output>
        </test-method> <!-- launchURLTestypLocal -->
        <test-method status="PASS" signature="ypLocalAdsOverviewTest()[pri:0, instance:report.test.Test_ypLocalAds@164cfb1d]" name="ypLocalAdsOverviewTest" duration-ms="6516" started-at="2015-09-03T20:44:46Z" depends-on-methods="report.test.Test_ypLocalAds.launchURLTestypLocal" finished-at="2015-09-03T20:44:52Z">
          <reporter-output>
          </reporter-output>
        </test-method> <!-- ypLocalAdsOverviewTest -->
      </class> <!-- report.test.Test_ypLocalAds -->
    </test> <!-- ASCP Reports Smoke Test -->
  </suite> <!-- ASCP Reports Smoke Suite -->
  <suite name="WebAutoForce" duration-ms="0" started-at="2015-09-04T04:48:46Z" finished-at="2015-09-04T04:48:46Z">
    <groups>
    </groups>
  </suite> <!-- WebAutoForce -->
</testng-results>
