<?xml version="1.0" encoding="UTF-8"?>
<testsuite name="TestSuite" time="422.049" tests="16" errors="0" skipped="3" failures="3">
  <properties>
    <property name="java.vendor" value="Sun Microsystems Inc."/>
    <property name="JOB_NAME" value="ASCP Reports"/>
    <property name="sun.java.launcher" value="SUN_STANDARD"/>
    <property name="windows_tracing_logfile" value="C:\BVTBin\Tests\installpackage\csilogfile.log"/>
    <property name="NUMBER_OF_PROCESSORS" value="4"/>
    <property name="sun.management.compiler" value="HotSpot 64-Bit Tiered Compilers"/>
    <property name="JENKINS_HOME" value="C:\Program Files (x86)\Jenkins"/>
    <property name="HUDSON_SERVER_COOKIE" value="d717882a70cc4981"/>
    <property name="POM_ARTIFACTID" value="ASCP-Reports"/>
    <property name="os.name" value="Windows 7"/>
    <property name="sun.boot.class.path" value="C:\Program Files\Java\jdk1.7.0_79\jre\lib\resources.jar;C:\Program Files\Java\jdk1.7.0_79\jre\lib\rt.jar;C:\Program Files\Java\jdk1.7.0_79\jre\lib\sunrsasign.jar;C:\Program Files\Java\jdk1.7.0_79\jre\lib\jsse.jar;C:\Program Files\Java\jdk1.7.0_79\jre\lib\jce.jar;C:\Program Files\Java\jdk1.7.0_79\jre\lib\charsets.jar;C:\Program Files\Java\jdk1.7.0_79\jre\lib\jfr.jar;C:\Program Files\Java\jdk1.7.0_79\jre\classes"/>
    <property name="EXECUTOR_NUMBER" value="0"/>
    <property name="sun.desktop" value="windows"/>
    <property name="PATHEXT" value=".COM;.EXE;.BAT;.CMD;.VBS;.VBE;.JS;.JSE;.WSF;.WSH;.MSC"/>
    <property name="java.vm.specification.vendor" value="Oracle Corporation"/>
    <property name="POM_DISPLAYNAME" value="ASCP-Automation"/>
    <property name="NODE_LABELS" value="master"/>
    <property name="TEMP" value="C:\Windows\TEMP"/>
    <property name="java.runtime.version" value="1.7.0_79-b15"/>
    <property name="user.name" value="CA04WLVA4652$"/>
    <property name="guice.disable.misplaced.annotation.check" value="true"/>
    <property name="CommonProgramW6432" value="C:\Program Files\Common Files"/>
    <property name="ProgramFiles" value="C:\Program Files (x86)"/>
    <property name="user.language" value="en"/>
    <property name="BUILD_DISPLAY_NAME" value="#65"/>
    <property name="sun.boot.library.path" value="C:\Program Files\Java\jdk1.7.0_79\jre\bin"/>
    <property name="LOCALAPPDATA" value="C:\Windows\system32\config\systemprofile\AppData\Local"/>
    <property name="java.version" value="1.7.0_79"/>
    <property name="JAVA_TOOL_OPTIONS" value="-Djava.vendor=&quot;Sun Microsystems Inc.&quot;"/>
    <property name="PROCESSOR_LEVEL" value="6"/>
    <property name="user.timezone" value="America/Los_Angeles"/>
    <property name="USERNAME" value="CA04WLVA4652$"/>
    <property name="sun.arch.data.model" value="64"/>
    <property name="NODE_NAME" value="master"/>
    <property name="COMMPath" value="C:\Program Files\Lenovo\Communications Utility"/>
    <property name="PROCESSOR_ARCHITEW6432" value="AMD64"/>
    <property name="java.endorsed.dirs" value="C:\Program Files\Java\jdk1.7.0_79\jre\lib\endorsed"/>
    <property name="BUILD_ID" value="65"/>
    <property name="sun.cpu.isalist" value="amd64"/>
    <property name="sun.jnu.encoding" value="Cp1252"/>
    <property name="file.encoding.pkg" value="sun.io"/>
    <property name="file.separator" value="\"/>
    <property name="java.specification.name" value="Java Platform API Specification"/>
    <property name="java.class.version" value="51.0"/>
    <property name="org.slf4j.simpleLogger.defaultLogLevel" value="info"/>
    <property name="user.country" value="US"/>
    <property name="ALLUSERSPROFILE" value="C:\ProgramData"/>
    <property name="java.home" value="C:\Program Files\Java\jdk1.7.0_79\jre"/>
    <property name="java.vm.info" value="mixed mode"/>
    <property name="os.version" value="6.1"/>
    <property name="POM_VERSION" value="1"/>
    <property name="TMP" value="C:\Windows\TEMP"/>
    <property name="path.separator" value=";"/>
    <property name="java.vm.version" value="24.79-b02"/>
    <property name="user.variant" value=""/>
    <property name="CommonProgramFiles(x86)" value="C:\Program Files (x86)\Common Files"/>
    <property name="java.awt.printerjob" value="sun.awt.windows.WPrinterJob"/>
    <property name="FP_NO_HOST_CHECK" value="NO"/>
    <property name="JAVA_HOME" value="C:\Program Files\Java\jdk1.7.0_79\"/>
    <property name="sun.io.unicode.encoding" value="UnicodeLittle"/>
    <property name="CommonProgramFiles" value="C:\Program Files (x86)\Common Files"/>
    <property name="ComSpec" value="C:\Windows\system32\cmd.exe"/>
    <property name="awt.toolkit" value="sun.awt.windows.WToolkit"/>
    <property name="POM_PACKAGING" value="jar"/>
    <property name="SERVICE_ID" value="jenkins"/>
    <property name="COMPUTERNAME" value="CA04WLVA4652"/>
    <property name="user.script" value=""/>
    <property name="asl.log" value="Destination=file"/>
    <property name="POM_GROUPID" value="ASCP-Automation"/>
    <property name="PUBLIC" value="C:\Users\Public"/>
    <property name="user.home" value="C:\"/>
    <property name="BUILD_TAG" value="jenkins-ASCP Reports-65"/>
    <property name="JENKINS_SERVER_COOKIE" value="d717882a70cc4981"/>
    <property name="HUDSON_URL" value="http://localhost:8080/"/>
    <property name="ProgramData" value="C:\ProgramData"/>
    <property name="java.specification.vendor" value="Oracle Corporation"/>
    <property name="USERPROFILE" value="C:\Windows\system32\config\systemprofile"/>
    <property name="CLASSPATH" value=""/>
    <property name="java.vendor.url" value="http://java.oracle.com/"/>
    <property name="java.library.path" value="C:\Program Files\Java\jdk1.7.0_79\bin;C:\Windows\Sun\Java\bin;C:\Windows\system32;C:\Windows;C:\Users\VA4652\workspace\apache-maven-3.3.3/bin;C:\Program Files\Java\jdk1.7.0_79\/bin;C:\Program Files\Java\jdk1.7.0_79\/bin;C:\Windows\system32;C:\Windows;C:\Windows\System32\Wbem;C:\Windows\System32\WindowsPowerShell\v1.0\;C:\Windows\System32\WindowsPowerShell\v1.0\;C:\Program Files\Lenovo\Fingerprint Manager Pro\;c:\Program Files (x86)\Microsoft SQL Server\100\Tools\Binn\VSShell\Common7\IDE\;c:\Program Files (x86)\Microsoft SQL Server\100\Tools\Binn\;c:\Program Files\Microsoft SQL Server\100\Tools\Binn\;c:\Program Files (x86)\Microsoft SQL Server\100\DTS\Binn\;C:\Program Files\Java\jdk1.7.0_79\bin;C:\Users\VA4652\workspace\apache-maven-3.3.3\bin;C:\Program Files (x86)\QuickTime\QTSystem\;C:\Program Files (x86)\YP\cTestManagement\;C:\Program Files (x86)\Skype\Phone\;;."/>
    <property name="java.vm.vendor" value="Oracle Corporation"/>
    <property name="APPDATA" value="C:\Windows\system32\config\systemprofile\AppData\Roaming"/>
    <property name="java.runtime.name" value="Java(TM) SE Runtime Environment"/>
    <property name="maven.home" value="C:\Users\VA4652\workspace\apache-maven-3.3.3"/>
    <property name="java.class.path" value="C:\Program Files (x86)\Jenkins\plugins\maven-plugin\WEB-INF\lib\maven31-agent-1.5.jar;C:\Users\VA4652\workspace\apache-maven-3.3.3\boot\plexus-classworlds-2.5.2.jar;C:\Users\VA4652\workspace\apache-maven-3.3.3/conf/logging"/>
    <property name="sun.java.command" value="jenkins.maven3.agent.Maven31Main C:\Users\VA4652\workspace\apache-maven-3.3.3 C:\Program Files (x86)\Jenkins\war\WEB-INF\lib\remoting-2.52.jar C:\Program Files (x86)\Jenkins\plugins\maven-plugin\WEB-INF\lib\maven31-interceptor-1.5.jar C:\Program Files (x86)\Jenkins\plugins\maven-plugin\WEB-INF\lib\maven3-interceptor-commons-1.5.jar 55529"/>
    <property name="Path" value="C:\Program Files\Java\jdk1.7.0_79\/bin;C:\Windows\system32;C:\Windows;C:\Windows\System32\Wbem;C:\Windows\System32\WindowsPowerShell\v1.0\;C:\Windows\System32\WindowsPowerShell\v1.0\;C:\Program Files\Lenovo\Fingerprint Manager Pro\;c:\Program Files (x86)\Microsoft SQL Server\100\Tools\Binn\VSShell\Common7\IDE\;c:\Program Files (x86)\Microsoft SQL Server\100\Tools\Binn\;c:\Program Files\Microsoft SQL Server\100\Tools\Binn\;c:\Program Files (x86)\Microsoft SQL Server\100\DTS\Binn\;C:\Program Files\Java\jdk1.7.0_79\bin;C:\Users\VA4652\workspace\apache-maven-3.3.3\bin;C:\Program Files (x86)\QuickTime\QTSystem\;C:\Program Files (x86)\YP\cTestManagement\;C:\Program Files (x86)\Skype\Phone\;"/>
    <property name="java.vm.specification.name" value="Java Virtual Machine Specification"/>
    <property name="PROCESSOR_ARCHITECTURE" value="x86"/>
    <property name="PATH+JDK" value="C:\Program Files\Java\jdk1.7.0_79\/bin"/>
    <property name="PROCESSOR_IDENTIFIER" value="Intel64 Family 6 Model 69 Stepping 1, GenuineIntel"/>
    <property name="java.vm.specification.version" value="1.7"/>
    <property name="sun.os.patch.level" value="Service Pack 1"/>
    <property name="sun.cpu.endian" value="little"/>
    <property name="M2_HOME" value="C:\Users\VA4652\workspace\apache-maven-3.3.3"/>
    <property name="java.io.tmpdir" value="C:\Windows\TEMP\"/>
    <property name="OS" value="Windows_NT"/>
    <property name="HUDSON_HOME" value="C:\Program Files (x86)\Jenkins"/>
    <property name="PATH+MAVEN" value="C:\Users\VA4652\workspace\apache-maven-3.3.3/bin"/>
    <property name="ProgramFiles(x86)" value="C:\Program Files (x86)"/>
    <property name="BUILD_URL" value="http://localhost:8080/job/ASCP%20Reports/65/"/>
    <property name="java.vendor.url.bug" value="http://bugreport.sun.com/bugreport/"/>
    <property name="deployment.expiration.check.enabled" value="False"/>
    <property name="java.awt.graphicsenv" value="sun.awt.Win32GraphicsEnvironment"/>
    <property name="os.arch" value="amd64"/>
    <property name="SystemRoot" value="C:\Windows"/>
    <property name="windows_tracing_flags" value="3"/>
    <property name="java.ext.dirs" value="C:\Program Files\Java\jdk1.7.0_79\jre\lib\ext;C:\Windows\Sun\Java\lib\ext"/>
    <property name="user.dir" value="C:\Users\VA4652\Automation\ascp-reports"/>
    <property name="JOB_URL" value="http://localhost:8080/job/ASCP%20Reports/"/>
    <property name="USERDOMAIN" value="CORP"/>
    <property name="line.separator" value="&#10;"/>
    <property name="MAVEN_HOME" value="C:\Users\VA4652\workspace\apache-maven-3.3.3"/>
    <property name="java.vm.name" value="Java HotSpot(TM) 64-Bit Server VM"/>
    <property name="BUILD_NUMBER" value="65"/>
    <property name="BASE" value="C:\Program Files (x86)\Jenkins"/>
    <property name="JENKINS_URL" value="http://localhost:8080/"/>
    <property name="PROCESSOR_REVISION" value="4501"/>
    <property name="UATDATA" value="C:\Windows\CCM\UATData\D9F8C395-CAB8-491d-B8AC-179A1FE1BE77"/>
    <property name="ProgramW6432" value="C:\Program Files"/>
    <property name="windir" value="C:\Windows"/>
    <property name="file.encoding" value="Cp1252"/>
    <property name="SystemDrive" value="C:"/>
    <property name="maven3.interceptor" value="C:\Program Files (x86)\Jenkins\plugins\maven-plugin\WEB-INF\lib\maven31-interceptor-1.5.jar"/>
    <property name="WORKSPACE" value="C:\Users\VA4652\Automation\ascp-reports\target\surefire-reports"/>
    <property name="maven3.interceptor.common" value="C:\Program Files (x86)\Jenkins\plugins\maven-plugin\WEB-INF\lib\maven3-interceptor-commons-1.5.jar"/>
    <property name="WINSW_EXECUTABLE" value="C:\Program Files (x86)\Jenkins\jenkins.exe"/>
    <property name="java.specification.version" value="1.7"/>
    <property name="PSModulePath" value="C:\Windows\system32\WindowsPowerShell\v1.0\Modules\"/>
  </properties>
  <testcase name="launchURLTestypLocal" classname="report.test.Test_ypLocalAds" time="125.411"/>
  <testcase name="launchURLTestypLocal" classname="report.test.Test_ypLocalAds" time="71.724"/>
  <testcase name="ypLocalAdsOverviewTest" classname="report.test.Test_ypLocalAds" time="10.678">
    <failure message="Unable to locate element: {&quot;method&quot;:&quot;xpath&quot;,&quot;selector&quot;:&quot;//*[@id=&apos;selectedListing&apos;]/span&quot;}&#10;Command duration or timeout: 10.23 seconds&#10;For documentation on this error, please visit: http://seleniumhq.org/exceptions/no_such_element.html&#10;Build info: version: &apos;2.45.0&apos;, revision: &apos;5017cb8e7ca8e37638dc3091b2440b90a1d8686f&apos;, time: &apos;2015-02-27 09:10:26&apos;&#10;System info: host: &apos;CA04WLVA4652&apos;, ip: &apos;10.65.172.205&apos;, os.name: &apos;Windows 7&apos;, os.arch: &apos;amd64&apos;, os.version: &apos;6.1&apos;, java.version: &apos;1.7.0_79&apos;&#10;*** Element info: {Using=xpath, value=//*[@id=&apos;selectedListing&apos;]/span}&#10;Session ID: 19162545-954f-40bb-bdb2-ee631fe1374e&#10;Driver info: org.openqa.selenium.firefox.FirefoxDriver&#10;Capabilities [{platform=WINDOWS, acceptSslCerts=true, javascriptEnabled=true, cssSelectorsEnabled=true, databaseEnabled=true, browserName=firefox, handlesAlerts=true, nativeEvents=false, webStorageEnabled=true, rotatable=false, locationContextEnabled=true, applicationCacheEnabled=true, takesScreenshot=true, version=40.0.3}]" type="org.openqa.selenium.NoSuchElementException"><![CDATA[org.openqa.selenium.NoSuchElementException: Unable to locate element: {"method":"xpath","selector":"//*[@id='selectedListing']/span"}
Command duration or timeout: 10.23 seconds
For documentation on this error, please visit: http://seleniumhq.org/exceptions/no_such_element.html
Build info: version: '2.45.0', revision: '5017cb8e7ca8e37638dc3091b2440b90a1d8686f', time: '2015-02-27 09:10:26'
System info: host: 'CA04WLVA4652', ip: '10.65.172.205', os.name: 'Windows 7', os.arch: 'amd64', os.version: '6.1', java.version: '1.7.0_79'
*** Element info: {Using=xpath, value=//*[@id='selectedListing']/span}
Session ID: 19162545-954f-40bb-bdb2-ee631fe1374e
Driver info: org.openqa.selenium.firefox.FirefoxDriver
Capabilities [{platform=WINDOWS, acceptSslCerts=true, javascriptEnabled=true, cssSelectorsEnabled=true, databaseEnabled=true, browserName=firefox, handlesAlerts=true, nativeEvents=false, webStorageEnabled=true, rotatable=false, locationContextEnabled=true, applicationCacheEnabled=true, takesScreenshot=true, version=40.0.3}]
	at sun.reflect.NativeConstructorAccessorImpl.newInstance0(Native Method)
	at sun.reflect.NativeConstructorAccessorImpl.newInstance(NativeConstructorAccessorImpl.java:57)
	at sun.reflect.DelegatingConstructorAccessorImpl.newInstance(DelegatingConstructorAccessorImpl.java:45)
	at java.lang.reflect.Constructor.newInstance(Constructor.java:526)
	at org.openqa.selenium.remote.ErrorHandler.createThrowable(ErrorHandler.java:204)
	at org.openqa.selenium.remote.ErrorHandler.throwIfResponseFailed(ErrorHandler.java:156)
	at org.openqa.selenium.remote.RemoteWebDriver.execute(RemoteWebDriver.java:599)
	at org.openqa.selenium.remote.RemoteWebDriver.findElement(RemoteWebDriver.java:352)
	at org.openqa.selenium.remote.RemoteWebDriver.findElementByXPath(RemoteWebDriver.java:449)
	at org.openqa.selenium.By$ByXPath.findElement(By.java:357)
	at org.openqa.selenium.remote.RemoteWebDriver.findElement(RemoteWebDriver.java:344)
	at report.pages.ypLocalAds.ypLocalAdsOverview(ypLocalAds.java:133)
	at report.test.Test_ypLocalAds.ypLocalAdsOverviewTest(Test_ypLocalAds.java:120)
Caused by: org.openqa.selenium.NoSuchElementException: Unable to locate element: {"method":"xpath","selector":"//*[@id='selectedListing']/span"}
For documentation on this error, please visit: http://seleniumhq.org/exceptions/no_such_element.html
Build info: version: '2.45.0', revision: '5017cb8e7ca8e37638dc3091b2440b90a1d8686f', time: '2015-02-27 09:10:26'
System info: host: 'CA04WLVA4652', ip: '10.65.172.205', os.name: 'Windows 7', os.arch: 'amd64', os.version: '6.1', java.version: '1.7.0_79'
Driver info: driver.version: unknown
	at <anonymous class>.FirefoxDriver.prototype.findElementInternal_(file:///C:/Windows/TEMP/anonymous45200382108589651webdriver-profile/extensions/fxdriver@googlecode.com/components/driver-component.js:10271)
	at <anonymous class>.fxdriver.Timer.prototype.setTimeout/<.notify(file:///C:/Windows/TEMP/anonymous45200382108589651webdriver-profile/extensions/fxdriver@googlecode.com/components/driver-component.js:603)
]]></failure>
    <system-out><![CDATA[Success - launchURLTestypLocal
overview is clicked
GuestMode is true
]]></system-out>
  </testcase>
  <testcase name="ypLocalAdsOverviewTest" classname="report.test.Test_ypLocalAds" time="5.403"/>
  <testcase name="ypLocalAdsTopSectionTest" classname="report.test.Test_ypLocalAds" time="0">
    <skipped/>
    <system-out><![CDATA[Success - ypLocalAdsOverviewTest
]]></system-out>
  </testcase>
  <testcase name="ypLocalAdsTopSectionTest" classname="report.test.Test_ypLocalAds" time="0.937"/>
  <testcase name="launchURLTestypReal" classname="report.test.Test_ypRealYellowPages" time="77.239"/>
  <testcase name="ypRealYellowPagesOverviewTest" classname="report.test.Test_ypRealYellowPages" time="4.437"/>
  <testcase name="launchURLTestypDisplay" classname="report.test.Test_ypDisplay" time="25.425"/>
  <testcase name="ypDispalyOverviewTest" classname="report.test.Test_ypDisplay" time="14.252"/>
  <testcase name="ypDisplayBottomSectionTest" classname="report.test.Test_ypDisplay" time="71.832">
    <failure message="Multiple failures (15):nnFailure 1 of 15:norg.openqa.selenium.NoSuchElementException: Unable to locate element: {&quot;method&quot;:&quot;xpath&quot;,&quot;selector&quot;:&quot;//*[@id=&apos;ibar&apos;]/div[5]/div[3]/table/tbody/tr[4]/td/h3&quot;}&#10;Command duration or timeout: 10.19 seconds&#10;For documentation on this error, please visit: http://seleniumhq.org/exceptions/no_such_element.html&#10;Build info: version: &apos;2.45.0&apos;, revision: &apos;5017cb8e7ca8e37638dc3091b2440b90a1d8686f&apos;, time: &apos;2015-02-27 09:10:26&apos;&#10;System info: host: &apos;CA04WLVA4652&apos;, ip: &apos;10.65.172.205&apos;, os.name: &apos;Windows 7&apos;, os.arch: &apos;amd64&apos;, os.version: &apos;6.1&apos;, java.version: &apos;1.7.0_79&apos;&#10;*** Element info: {Using=xpath, value=//*[@id=&apos;ibar&apos;]/div[5]/div[3]/table/tbody/tr[4]/td/h3}&#10;Session ID: 19162545-954f-40bb-bdb2-ee631fe1374e&#10;Driver info: org.openqa.selenium.firefox.FirefoxDriver&#10;Capabilities [{platform=WINDOWS, acceptSslCerts=true, javascriptEnabled=true, cssSelectorsEnabled=true, databaseEnabled=true, browserName=firefox, handlesAlerts=true, nativeEvents=false, webStorageEnabled=true, rotatable=false, locationContextEnabled=true, applicationCacheEnabled=true, takesScreenshot=true, version=40.0.3}]&#10;	at sun.reflect.NativeConstructorAccessorImpl.newInstance0(Native Method)&#10;	at sun.reflect.NativeConstructorAccessorImpl.newInstance(NativeConstructorAccessorImpl.java:57)&#10;	at sun.reflect.DelegatingConstructorAccessorImpl.newInstance(DelegatingConstructorAccessorImpl.java:45)&#10;	at java.lang.reflect.Constructor.newInstance(Constructor.java:526)&#10;	at org.openqa.selenium.remote.ErrorHandler.createThrowable(ErrorHandler.java:204)&#10;	at org.openqa.selenium.remote.ErrorHandler.throwIfResponseFailed(ErrorHandler.java:156)&#10;	at org.openqa.selenium.remote.RemoteWebDriver.execute(RemoteWebDriver.java:599)&#10;	at org.openqa.selenium.remote.RemoteWebDriver.findElement(RemoteWebDriver.java:352)&#10;	at org.openqa.selenium.remote.RemoteWebDriver.findElementByXPath(RemoteWebDriver.java:449)&#10;	at org.openqa.selenium.By$ByXPath.findElement(By.java:357)&#10;	at org.openqa.selenium.remote.RemoteWebDriver.findElement(RemoteWebDriver.java:344)&#10;	at report.test.TestBase.isElementPresentWithWait(TestBase.java:136)&#10;	at report.pages.ypDisplay.ypDisplayBottomSection(ypDisplay.java:166)&#10;	at report.test.Test_ypDisplay.ypDisplayBottomSectionTest(Test_ypDisplay.java:148)&#10;	at sun.reflect.NativeMethodAccessorImpl.invoke0(Native Method)&#10;	at sun.reflect.NativeMethodAccessorImpl.invoke(NativeMethodAccessorImpl.java:57)&#10;	at sun.reflect.DelegatingMethodAccessorImpl.invoke(DelegatingMethodAccessorImpl.java:43)&#10;	at java.lang.reflect.Method.invoke(Method.java:606)&#10;	at org.testng.internal.MethodInvocationHelper.invokeMethod(MethodInvocationHelper.java:85)&#10;	at org.testng.internal.Invoker.invokeMethod(Invoker.java:659)&#10;	at org.testng.internal.Invoker.invokeTestMethod(Invoker.java:845)&#10;	at org.testng.internal.Invoker.invokeTestMethods(Invoker.java:1153)&#10;	at org.testng.internal.TestMethodWorker.invokeTestMethods(TestMethodWorker.java:125)&#10;	at org.testng.internal.TestMethodWorker.run(TestMethodWorker.java:108)&#10;	at org.testng.TestRunner.privateRun(TestRunner.java:771)&#10;	at org.testng.TestRunner.run(TestRunner.java:621)&#10;	at org.testng.SuiteRunner.runTest(SuiteRunner.java:357)&#10;	at org.testng.SuiteRunner.runSequentially(SuiteRunner.java:352)&#10;	at org.testng.SuiteRunner.privateRun(SuiteRunner.java:310)&#10;	at org.testng.SuiteRunner.run(SuiteRunner.java:259)&#10;	at org.testng.SuiteRunnerWorker.runSuite(SuiteRunnerWorker.java:52)&#10;	at org.testng.SuiteRunnerWorker.run(SuiteRunnerWorker.java:86)&#10;	at org.testng.TestNG.runSuitesSequentially(TestNG.java:1199)&#10;	at org.testng.TestNG.runSuitesSequentially(TestNG.java:1195)&#10;	at org.testng.TestNG.runSuitesLocally(TestNG.java:1124)&#10;	at org.testng.TestNG.run(TestNG.java:1032)&#10;	at org.apache.maven.surefire.testng.TestNGExecutor.run(TestNGExecutor.java:295)&#10;	at org.apache.maven.surefire.testng.TestNGXmlTestSuite.execute(TestNGXmlTestSuite.java:84)&#10;	at org.apache.maven.surefire.testng.TestNGProvider.invoke(TestNGProvider.java:90)&#10;	at org.apache.maven.surefire.booter.ForkedBooter.invokeProviderInSameClassLoader(ForkedBooter.java:203)&#10;	at org.apache.maven.surefire.booter.ForkedBooter.runSuitesInProcess(ForkedBooter.java:155)&#10;	at org.apache.maven.surefire.booter.ForkedBooter.main(ForkedBooter.java:103)&#10;Caused by: org.openqa.selenium.NoSuchElementException: Unable to locate element: {&quot;method&quot;:&quot;xpath&quot;,&quot;selector&quot;:&quot;//*[@id=&apos;ibar&apos;]/div[5]/div[3]/table/tbody/tr[4]/td/h3&quot;}&#10;For documentation on this error, please visit: http://seleniumhq.org/exceptions/no_such_element.html&#10;Build info: version: &apos;2.45.0&apos;, revision: &apos;5017cb8e7ca8e37638dc3091b2440b90a1d8686f&apos;, time: &apos;2015-02-27 09:10:26&apos;&#10;System info: host: &apos;CA04WLVA4652&apos;, ip: &apos;10.65.172.205&apos;, os.name: &apos;Windows 7&apos;, os.arch: &apos;amd64&apos;, os.version: &apos;6.1&apos;, java.version: &apos;1.7.0_79&apos;&#10;Driver info: driver.version: unknown&#10;	at &lt;anonymous class&gt;.FirefoxDriver.prototype.findElementInternal_(file:///C:/Windows/TEMP/anonymous45200382108589651webdriver-profile/extensions/fxdriver@googlecode.com/components/driver-component.js:10271)&#10;	at &lt;anonymous class&gt;.fxdriver.Timer.prototype.setTimeout/&lt;.notify(file:///C:/Windows/TEMP/anonymous45200382108589651webdriver-profile/extensions/fxdriver@googlecode.com/components/driver-component.js:603)&#10;nnFailure 2 of 15:njava.lang.AssertionError: expected [true] but found [false]&#10;	at org.testng.Assert.fail(Assert.java:94)&#10;	at org.testng.Assert.failNotEquals(Assert.java:496)&#10;	at org.testng.Assert.assertTrue(Assert.java:42)&#10;	at org.testng.Assert.assertTrue(Assert.java:52)&#10;	at report.pages.ypDisplay.ypDisplayBottomSection(ypDisplay.java:166)&#10;	at report.test.Test_ypDisplay.ypDisplayBottomSectionTest(Test_ypDisplay.java:148)&#10;	at sun.reflect.NativeMethodAccessorImpl.invoke0(Native Method)&#10;	at sun.reflect.NativeMethodAccessorImpl.invoke(NativeMethodAccessorImpl.java:57)&#10;	at sun.reflect.DelegatingMethodAccessorImpl.invoke(DelegatingMethodAccessorImpl.java:43)&#10;	at java.lang.reflect.Method.invoke(Method.java:606)&#10;	at org.testng.internal.MethodInvocationHelper.invokeMethod(MethodInvocationHelper.java:85)&#10;	at org.testng.internal.Invoker.invokeMethod(Invoker.java:659)&#10;	at org.testng.internal.Invoker.invokeTestMethod(Invoker.java:845)&#10;	at org.testng.internal.Invoker.invokeTestMethods(Invoker.java:1153)&#10;	at org.testng.internal.TestMethodWorker.invokeTestMethods(TestMethodWorker.java:125)&#10;	at org.testng.internal.TestMethodWorker.run(TestMethodWorker.java:108)&#10;	at org.testng.TestRunner.privateRun(TestRunner.java:771)&#10;	at org.testng.TestRunner.run(TestRunner.java:621)&#10;	at org.testng.SuiteRunner.runTest(SuiteRunner.java:357)&#10;	at org.testng.SuiteRunner.runSequentially(SuiteRunner.java:352)&#10;	at org.testng.SuiteRunner.privateRun(SuiteRunner.java:310)&#10;	at org.testng.SuiteRunner.run(SuiteRunner.java:259)&#10;	at org.testng.SuiteRunnerWorker.runSuite(SuiteRunnerWorker.java:52)&#10;	at org.testng.SuiteRunnerWorker.run(SuiteRunnerWorker.java:86)&#10;	at org.testng.TestNG.runSuitesSequentially(TestNG.java:1199)&#10;	at org.testng.TestNG.runSuitesSequentially(TestNG.java:1195)&#10;	at org.testng.TestNG.runSuitesLocally(TestNG.java:1124)&#10;	at org.testng.TestNG.run(TestNG.java:1032)&#10;	at org.apache.maven.surefire.testng.TestNGExecutor.run(TestNGExecutor.java:295)&#10;	at org.apache.maven.surefire.testng.TestNGXmlTestSuite.execute(TestNGXmlTestSuite.java:84)&#10;	at org.apache.maven.surefire.testng.TestNGProvider.invoke(TestNGProvider.java:90)&#10;	at org.apache.maven.surefire.booter.ForkedBooter.invokeProviderInSameClassLoader(ForkedBooter.java:203)&#10;	at org.apache.maven.surefire.booter.ForkedBooter.runSuitesInProcess(ForkedBooter.java:155)&#10;	at org.apache.maven.surefire.booter.ForkedBooter.main(ForkedBooter.java:103)&#10;nnFailure 3 of 15:norg.openqa.selenium.NoSuchElementException: Unable to locate element: {&quot;method&quot;:&quot;xpath&quot;,&quot;selector&quot;:&quot;//*[@id=&apos;ibar&apos;]/div[5]/div[3]/table/tbody/tr[5]/td[2]/div/div[2]&quot;}&#10;Command duration or timeout: 10.18 seconds&#10;For documentation on this error, please visit: http://seleniumhq.org/exceptions/no_such_element.html&#10;Build info: version: &apos;2.45.0&apos;, revision: &apos;5017cb8e7ca8e37638dc3091b2440b90a1d8686f&apos;, time: &apos;2015-02-27 09:10:26&apos;&#10;System info: host: &apos;CA04WLVA4652&apos;, ip: &apos;10.65.172.205&apos;, os.name: &apos;Windows 7&apos;, os.arch: &apos;amd64&apos;, os.version: &apos;6.1&apos;, java.version: &apos;1.7.0_79&apos;&#10;*** Element info: {Using=xpath, value=//*[@id=&apos;ibar&apos;]/div[5]/div[3]/table/tbody/tr[5]/td[2]/div/div[2]}&#10;Session ID: 19162545-954f-40bb-bdb2-ee631fe1374e&#10;Driver info: org.openqa.selenium.firefox.FirefoxDriver&#10;Capabilities [{platform=WINDOWS, acceptSslCerts=true, javascriptEnabled=true, cssSelectorsEnabled=true, databaseEnabled=true, browserName=firefox, handlesAlerts=true, nativeEvents=false, webStorageEnabled=true, rotatable=false, locationContextEnabled=true, applicationCacheEnabled=true, takesScreenshot=true, version=40.0.3}]&#10;	at sun.reflect.NativeConstructorAccessorImpl.newInstance0(Native Method)&#10;	at sun.reflect.NativeConstructorAccessorImpl.newInstance(NativeConstructorAccessorImpl.java:57)&#10;	at sun.reflect.DelegatingConstructorAccessorImpl.newInstance(DelegatingConstructorAccessorImpl.java:45)&#10;	at java.lang.reflect.Constructor.newInstance(Constructor.java:526)&#10;	at org.openqa.selenium.remote.ErrorHandler.createThrowable(ErrorHandler.java:204)&#10;	at org.openqa.selenium.remote.ErrorHandler.throwIfResponseFailed(ErrorHandler.java:156)&#10;	at org.openqa.selenium.remote.RemoteWebDriver.execute(RemoteWebDriver.java:599)&#10;	at org.openqa.selenium.remote.RemoteWebDriver.findElement(RemoteWebDriver.java:352)&#10;	at org.openqa.selenium.remote.RemoteWebDriver.findElementByXPath(RemoteWebDriver.java:449)&#10;	at org.openqa.selenium.By$ByXPath.findElement(By.java:357)&#10;	at org.openqa.selenium.remote.RemoteWebDriver.findElement(RemoteWebDriver.java:344)&#10;	at report.test.TestBase.isElementPresentWithWait(TestBase.java:136)&#10;	at report.pages.ypDisplay.ypDisplayBottomSection(ypDisplay.java:166)&#10;	at report.test.Test_ypDisplay.ypDisplayBottomSectionTest(Test_ypDisplay.java:148)&#10;	at sun.reflect.NativeMethodAccessorImpl.invoke0(Native Method)&#10;	at sun.reflect.NativeMethodAccessorImpl.invoke(NativeMethodAccessorImpl.java:57)&#10;	at sun.reflect.DelegatingMethodAccessorImpl.invoke(DelegatingMethodAccessorImpl.java:43)&#10;	at java.lang.reflect.Method.invoke(Method.java:606)&#10;	at org.testng.internal.MethodInvocationHelper.invokeMethod(MethodInvocationHelper.java:85)&#10;	at org.testng.internal.Invoker.invokeMethod(Invoker.java:659)&#10;	at org.testng.internal.Invoker.invokeTestMethod(Invoker.java:845)&#10;	at org.testng.internal.Invoker.invokeTestMethods(Invoker.java:1153)&#10;	at org.testng.internal.TestMethodWorker.invokeTestMethods(TestMethodWorker.java:125)&#10;	at org.testng.internal.TestMethodWorker.run(TestMethodWorker.java:108)&#10;	at org.testng.TestRunner.privateRun(TestRunner.java:771)&#10;	at org.testng.TestRunner.run(TestRunner.java:621)&#10;	at org.testng.SuiteRunner.runTest(SuiteRunner.java:357)&#10;	at org.testng.SuiteRunner.runSequentially(SuiteRunner.java:352)&#10;	at org.testng.SuiteRunner.privateRun(SuiteRunner.java:310)&#10;	at org.testng.SuiteRunner.run(SuiteRunner.java:259)&#10;	at org.testng.SuiteRunnerWorker.runSuite(SuiteRunnerWorker.java:52)&#10;	at org.testng.SuiteRunnerWorker.run(SuiteRunnerWorker.java:86)&#10;	at org.testng.TestNG.runSuitesSequentially(TestNG.java:1199)&#10;	at org.testng.TestNG.runSuitesSequentially(TestNG.java:1195)&#10;	at org.testng.TestNG.runSuitesLocally(TestNG.java:1124)&#10;	at org.testng.TestNG.run(TestNG.java:1032)&#10;	at org.apache.maven.surefire.testng.TestNGExecutor.run(TestNGExecutor.java:295)&#10;	at org.apache.maven.surefire.testng.TestNGXmlTestSuite.execute(TestNGXmlTestSuite.java:84)&#10;	at org.apache.maven.surefire.testng.TestNGProvider.invoke(TestNGProvider.java:90)&#10;	at org.apache.maven.surefire.booter.ForkedBooter.invokeProviderInSameClassLoader(ForkedBooter.java:203)&#10;	at org.apache.maven.surefire.booter.ForkedBooter.runSuitesInProcess(ForkedBooter.java:155)&#10;	at org.apache.maven.surefire.booter.ForkedBooter.main(ForkedBooter.java:103)&#10;Caused by: org.openqa.selenium.NoSuchElementException: Unable to locate element: {&quot;method&quot;:&quot;xpath&quot;,&quot;selector&quot;:&quot;//*[@id=&apos;ibar&apos;]/div[5]/div[3]/table/tbody/tr[5]/td[2]/div/div[2]&quot;}&#10;For documentation on this error, please visit: http://seleniumhq.org/exceptions/no_such_element.html&#10;Build info: version: &apos;2.45.0&apos;, revision: &apos;5017cb8e7ca8e37638dc3091b2440b90a1d8686f&apos;, time: &apos;2015-02-27 09:10:26&apos;&#10;System info: host: &apos;CA04WLVA4652&apos;, ip: &apos;10.65.172.205&apos;, os.name: &apos;Windows 7&apos;, os.arch: &apos;amd64&apos;, os.version: &apos;6.1&apos;, java.version: &apos;1.7.0_79&apos;&#10;Driver info: driver.version: unknown&#10;	at &lt;anonymous class&gt;.FirefoxDriver.prototype.findElementInternal_(file:///C:/Windows/TEMP/anonymous45200382108589651webdriver-profile/extensions/fxdriver@googlecode.com/components/driver-component.js:10271)&#10;	at &lt;anonymous class&gt;.fxdriver.Timer.prototype.setTimeout/&lt;.notify(file:///C:/Windows/TEMP/anonymous45200382108589651webdriver-profile/extensions/fxdriver@googlecode.com/components/driver-component.js:603)&#10;nnFailure 4 of 15:njava.lang.AssertionError: expected [true] but found [false]&#10;	at org.testng.Assert.fail(Assert.java:94)&#10;	at org.testng.Assert.failNotEquals(Assert.java:496)&#10;	at org.testng.Assert.assertTrue(Assert.java:42)&#10;	at org.testng.Assert.assertTrue(Assert.java:52)&#10;	at report.pages.ypDisplay.ypDisplayBottomSection(ypDisplay.java:166)&#10;	at report.test.Test_ypDisplay.ypDisplayBottomSectionTest(Test_ypDisplay.java:148)&#10;	at sun.reflect.NativeMethodAccessorImpl.invoke0(Native Method)&#10;	at sun.reflect.NativeMethodAccessorImpl.invoke(NativeMethodAccessorImpl.java:57)&#10;	at sun.reflect.DelegatingMethodAccessorImpl.invoke(DelegatingMethodAccessorImpl.java:43)&#10;	at java.lang.reflect.Method.invoke(Method.java:606)&#10;	at org.testng.internal.MethodInvocationHelper.invokeMethod(MethodInvocationHelper.java:85)&#10;	at org.testng.internal.Invoker.invokeMethod(Invoker.java:659)&#10;	at org.testng.internal.Invoker.invokeTestMethod(Invoker.java:845)&#10;	at org.testng.internal.Invoker.invokeTestMethods(Invoker.java:1153)&#10;	at org.testng.internal.TestMethodWorker.invokeTestMethods(TestMethodWorker.java:125)&#10;	at org.testng.internal.TestMethodWorker.run(TestMethodWorker.java:108)&#10;	at org.testng.TestRunner.privateRun(TestRunner.java:771)&#10;	at org.testng.TestRunner.run(TestRunner.java:621)&#10;	at org.testng.SuiteRunner.runTest(SuiteRunner.java:357)&#10;	at org.testng.SuiteRunner.runSequentially(SuiteRunner.java:352)&#10;	at org.testng.SuiteRunner.privateRun(SuiteRunner.java:310)&#10;	at org.testng.SuiteRunner.run(SuiteRunner.java:259)&#10;	at org.testng.SuiteRunnerWorker.runSuite(SuiteRunnerWorker.java:52)&#10;	at org.testng.SuiteRunnerWorker.run(SuiteRunnerWorker.java:86)&#10;	at org.testng.TestNG.runSuitesSequentially(TestNG.java:1199)&#10;	at org.testng.TestNG.runSuitesSequentially(TestNG.java:1195)&#10;	at org.testng.TestNG.runSuitesLocally(TestNG.java:1124)&#10;	at org.testng.TestNG.run(TestNG.java:1032)&#10;	at org.apache.maven.surefire.testng.TestNGExecutor.run(TestNGExecutor.java:295)&#10;	at org.apache.maven.surefire.testng.TestNGXmlTestSuite.execute(TestNGXmlTestSuite.java:84)&#10;	at org.apache.maven.surefire.testng.TestNGProvider.invoke(TestNGProvider.java:90)&#10;	at org.apache.maven.surefire.booter.ForkedBooter.invokeProviderInSameClassLoader(ForkedBooter.java:203)&#10;	at org.apache.maven.surefire.booter.ForkedBooter.runSuitesInProcess(ForkedBooter.java:155)&#10;	at org.apache.maven.surefire.booter.ForkedBooter.main(ForkedBooter.java:103)&#10;nnFailure 5 of 15:norg.openqa.selenium.NoSuchElementException: Unable to locate element: {&quot;method&quot;:&quot;xpath&quot;,&quot;selector&quot;:&quot;//*[@id=&apos;ibar&apos;]/div[5]/div[3]/table/tbody/tr[2]/td[1]/div/div[2]&quot;}&#10;Command duration or timeout: 10.14 seconds&#10;For documentation on this error, please visit: http://seleniumhq.org/exceptions/no_such_element.html&#10;Build info: version: &apos;2.45.0&apos;, revision: &apos;5017cb8e7ca8e37638dc3091b2440b90a1d8686f&apos;, time: &apos;2015-02-27 09:10:26&apos;&#10;System info: host: &apos;CA04WLVA4652&apos;, ip: &apos;10.65.172.205&apos;, os.name: &apos;Windows 7&apos;, os.arch: &apos;amd64&apos;, os.version: &apos;6.1&apos;, java.version: &apos;1.7.0_79&apos;&#10;*** Element info: {Using=xpath, value=//*[@id=&apos;ibar&apos;]/div[5]/div[3]/table/tbody/tr[2]/td[1]/div/div[2]}&#10;Session ID: 19162545-954f-40bb-bdb2-ee631fe1374e&#10;Driver info: org.openqa.selenium.firefox.FirefoxDriver&#10;Capabilities [{platform=WINDOWS, acceptSslCerts=true, javascriptEnabled=true, cssSelectorsEnabled=true, databaseEnabled=true, browserName=firefox, handlesAlerts=true, nativeEvents=false, webStorageEnabled=true, rotatable=false, locationContextEnabled=true, applicationCacheEnabled=true, takesScreenshot=true, version=40.0.3}]&#10;	at sun.reflect.NativeConstructorAccessorImpl.newInstance0(Native Method)&#10;	at sun.reflect.NativeConstructorAccessorImpl.newInstance(NativeConstructorAccessorImpl.java:57)&#10;	at sun.reflect.DelegatingConstructorAccessorImpl.newInstance(DelegatingConstructorAccessorImpl.java:45)&#10;	at java.lang.reflect.Constructor.newInstance(Constructor.java:526)&#10;	at org.openqa.selenium.remote.ErrorHandler.createThrowable(ErrorHandler.java:204)&#10;	at org.openqa.selenium.remote.ErrorHandler.throwIfResponseFailed(ErrorHandler.java:156)&#10;	at org.openqa.selenium.remote.RemoteWebDriver.execute(RemoteWebDriver.java:599)&#10;	at org.openqa.selenium.remote.RemoteWebDriver.findElement(RemoteWebDriver.java:352)&#10;	at org.openqa.selenium.remote.RemoteWebDriver.findElementByXPath(RemoteWebDriver.java:449)&#10;	at org.openqa.selenium.By$ByXPath.findElement(By.java:357)&#10;	at org.openqa.selenium.remote.RemoteWebDriver.findElement(RemoteWebDriver.java:344)&#10;	at report.test.TestBase.isElementPresentWithWait(TestBase.java:136)&#10;	at report.pages.ypDisplay.ypDisplayBottomSection(ypDisplay.java:166)&#10;	at report.test.Test_ypDisplay.ypDisplayBottomSectionTest(Test_ypDisplay.java:148)&#10;	at sun.reflect.NativeMethodAccessorImpl.invoke0(Native Method)&#10;	at sun.reflect.NativeMethodAccessorImpl.invoke(NativeMethodAccessorImpl.java:57)&#10;	at sun.reflect.DelegatingMethodAccessorImpl.invoke(DelegatingMethodAccessorImpl.java:43)&#10;	at java.lang.reflect.Method.invoke(Method.java:606)&#10;	at org.testng.internal.MethodInvocationHelper.invokeMethod(MethodInvocationHelper.java:85)&#10;	at org.testng.internal.Invoker.invokeMethod(Invoker.java:659)&#10;	at org.testng.internal.Invoker.invokeTestMethod(Invoker.java:845)&#10;	at org.testng.internal.Invoker.invokeTestMethods(Invoker.java:1153)&#10;	at org.testng.internal.TestMethodWorker.invokeTestMethods(TestMethodWorker.java:125)&#10;	at org.testng.internal.TestMethodWorker.run(TestMethodWorker.java:108)&#10;	at org.testng.TestRunner.privateRun(TestRunner.java:771)&#10;	at org.testng.TestRunner.run(TestRunner.java:621)&#10;	at org.testng.SuiteRunner.runTest(SuiteRunner.java:357)&#10;	at org.testng.SuiteRunner.runSequentially(SuiteRunner.java:352)&#10;	at org.testng.SuiteRunner.privateRun(SuiteRunner.java:310)&#10;	at org.testng.SuiteRunner.run(SuiteRunner.java:259)&#10;	at org.testng.SuiteRunnerWorker.runSuite(SuiteRunnerWorker.java:52)&#10;	at org.testng.SuiteRunnerWorker.run(SuiteRunnerWorker.java:86)&#10;	at org.testng.TestNG.runSuitesSequentially(TestNG.java:1199)&#10;	at org.testng.TestNG.runSuitesSequentially(TestNG.java:1195)&#10;	at org.testng.TestNG.runSuitesLocally(TestNG.java:1124)&#10;	at org.testng.TestNG.run(TestNG.java:1032)&#10;	at org.apache.maven.surefire.testng.TestNGExecutor.run(TestNGExecutor.java:295)&#10;	at org.apache.maven.surefire.testng.TestNGXmlTestSuite.execute(TestNGXmlTestSuite.java:84)&#10;	at org.apache.maven.surefire.testng.TestNGProvider.invoke(TestNGProvider.java:90)&#10;	at org.apache.maven.surefire.booter.ForkedBooter.invokeProviderInSameClassLoader(ForkedBooter.java:203)&#10;	at org.apache.maven.surefire.booter.ForkedBooter.runSuitesInProcess(ForkedBooter.java:155)&#10;	at org.apache.maven.surefire.booter.ForkedBooter.main(ForkedBooter.java:103)&#10;Caused by: org.openqa.selenium.NoSuchElementException: Unable to locate element: {&quot;method&quot;:&quot;xpath&quot;,&quot;selector&quot;:&quot;//*[@id=&apos;ibar&apos;]/div[5]/div[3]/table/tbody/tr[2]/td[1]/div/div[2]&quot;}&#10;For documentation on this error, please visit: http://seleniumhq.org/exceptions/no_such_element.html&#10;Build info: version: &apos;2.45.0&apos;, revision: &apos;5017cb8e7ca8e37638dc3091b2440b90a1d8686f&apos;, time: &apos;2015-02-27 09:10:26&apos;&#10;System info: host: &apos;CA04WLVA4652&apos;, ip: &apos;10.65.172.205&apos;, os.name: &apos;Windows 7&apos;, os.arch: &apos;amd64&apos;, os.version: &apos;6.1&apos;, java.version: &apos;1.7.0_79&apos;&#10;Driver info: driver.version: unknown&#10;	at &lt;anonymous class&gt;.FirefoxDriver.prototype.findElementInternal_(file:///C:/Windows/TEMP/anonymous45200382108589651webdriver-profile/extensions/fxdriver@googlecode.com/components/driver-component.js:10271)&#10;	at &lt;anonymous class&gt;.fxdriver.Timer.prototype.setTimeout/&lt;.notify(file:///C:/Windows/TEMP/anonymous45200382108589651webdriver-profile/extensions/fxdriver@googlecode.com/components/driver-component.js:603)&#10;nnFailure 6 of 15:njava.lang.AssertionError: expected [true] but found [false]&#10;	at org.testng.Assert.fail(Assert.java:94)&#10;	at org.testng.Assert.failNotEquals(Assert.java:496)&#10;	at org.testng.Assert.assertTrue(Assert.java:42)&#10;	at org.testng.Assert.assertTrue(Assert.java:52)&#10;	at report.pages.ypDisplay.ypDisplayBottomSection(ypDisplay.java:166)&#10;	at report.test.Test_ypDisplay.ypDisplayBottomSectionTest(Test_ypDisplay.java:148)&#10;	at sun.reflect.NativeMethodAccessorImpl.invoke0(Native Method)&#10;	at sun.reflect.NativeMethodAccessorImpl.invoke(NativeMethodAccessorImpl.java:57)&#10;	at sun.reflect.DelegatingMethodAccessorImpl.invoke(DelegatingMethodAccessorImpl.java:43)&#10;	at java.lang.reflect.Method.invoke(Method.java:606)&#10;	at org.testng.internal.MethodInvocationHelper.invokeMethod(MethodInvocationHelper.java:85)&#10;	at org.testng.internal.Invoker.invokeMethod(Invoker.java:659)&#10;	at org.testng.internal.Invoker.invokeTestMethod(Invoker.java:845)&#10;	at org.testng.internal.Invoker.invokeTestMethods(Invoker.java:1153)&#10;	at org.testng.internal.TestMethodWorker.invokeTestMethods(TestMethodWorker.java:125)&#10;	at org.testng.internal.TestMethodWorker.run(TestMethodWorker.java:108)&#10;	at org.testng.TestRunner.privateRun(TestRunner.java:771)&#10;	at org.testng.TestRunner.run(TestRunner.java:621)&#10;	at org.testng.SuiteRunner.runTest(SuiteRunner.java:357)&#10;	at org.testng.SuiteRunner.runSequentially(SuiteRunner.java:352)&#10;	at org.testng.SuiteRunner.privateRun(SuiteRunner.java:310)&#10;	at org.testng.SuiteRunner.run(SuiteRunner.java:259)&#10;	at org.testng.SuiteRunnerWorker.runSuite(SuiteRunnerWorker.java:52)&#10;	at org.testng.SuiteRunnerWorker.run(SuiteRunnerWorker.java:86)&#10;	at org.testng.TestNG.runSuitesSequentially(TestNG.java:1199)&#10;	at org.testng.TestNG.runSuitesSequentially(TestNG.java:1195)&#10;	at org.testng.TestNG.runSuitesLocally(TestNG.java:1124)&#10;	at org.testng.TestNG.run(TestNG.java:1032)&#10;	at org.apache.maven.surefire.testng.TestNGExecutor.run(TestNGExecutor.java:295)&#10;	at org.apache.maven.surefire.testng.TestNGXmlTestSuite.execute(TestNGXmlTestSuite.java:84)&#10;	at org.apache.maven.surefire.testng.TestNGProvider.invoke(TestNGProvider.java:90)&#10;	at org.apache.maven.surefire.booter.ForkedBooter.invokeProviderInSameClassLoader(ForkedBooter.java:203)&#10;	at org.apache.maven.surefire.booter.ForkedBooter.runSuitesInProcess(ForkedBooter.java:155)&#10;	at org.apache.maven.surefire.booter.ForkedBooter.main(ForkedBooter.java:103)&#10;nnFailure 7 of 15:norg.openqa.selenium.NoSuchElementException: Unable to locate element: {&quot;method&quot;:&quot;xpath&quot;,&quot;selector&quot;:&quot;//*[@id=&apos;ibar&apos;]/div[5]/div[3]/table/tbody/tr[2]/td[2]/div/div[2]&quot;}&#10;Command duration or timeout: 10.21 seconds&#10;For documentation on this error, please visit: http://seleniumhq.org/exceptions/no_such_element.html&#10;Build info: version: &apos;2.45.0&apos;, revision: &apos;5017cb8e7ca8e37638dc3091b2440b90a1d8686f&apos;, time: &apos;2015-02-27 09:10:26&apos;&#10;System info: host: &apos;CA04WLVA4652&apos;, ip: &apos;10.65.172.205&apos;, os.name: &apos;Windows 7&apos;, os.arch: &apos;amd64&apos;, os.version: &apos;6.1&apos;, java.version: &apos;1.7.0_79&apos;&#10;*** Element info: {Using=xpath, value=//*[@id=&apos;ibar&apos;]/div[5]/div[3]/table/tbody/tr[2]/td[2]/div/div[2]}&#10;Session ID: 19162545-954f-40bb-bdb2-ee631fe1374e&#10;Driver info: org.openqa.selenium.firefox.FirefoxDriver&#10;Capabilities [{platform=WINDOWS, acceptSslCerts=true, javascriptEnabled=true, cssSelectorsEnabled=true, databaseEnabled=true, browserName=firefox, handlesAlerts=true, nativeEvents=false, webStorageEnabled=true, rotatable=false, locationContextEnabled=true, applicationCacheEnabled=true, takesScreenshot=true, version=40.0.3}]&#10;	at sun.reflect.NativeConstructorAccessorImpl.newInstance0(Native Method)&#10;	at sun.reflect.NativeConstructorAccessorImpl.newInstance(NativeConstructorAccessorImpl.java:57)&#10;	at sun.reflect.DelegatingConstructorAccessorImpl.newInstance(DelegatingConstructorAccessorImpl.java:45)&#10;	at java.lang.reflect.Constructor.newInstance(Constructor.java:526)&#10;	at org.openqa.selenium.remote.ErrorHandler.createThrowable(ErrorHandler.java:204)&#10;	at org.openqa.selenium.remote.ErrorHandler.throwIfResponseFailed(ErrorHandler.java:156)&#10;	at org.openqa.selenium.remote.RemoteWebDriver.execute(RemoteWebDriver.java:599)&#10;	at org.openqa.selenium.remote.RemoteWebDriver.findElement(RemoteWebDriver.java:352)&#10;	at org.openqa.selenium.remote.RemoteWebDriver.findElementByXPath(RemoteWebDriver.java:449)&#10;	at org.openqa.selenium.By$ByXPath.findElement(By.java:357)&#10;	at org.openqa.selenium.remote.RemoteWebDriver.findElement(RemoteWebDriver.java:344)&#10;	at report.test.TestBase.isElementPresentWithWait(TestBase.java:136)&#10;	at report.pages.ypDisplay.ypDisplayBottomSection(ypDisplay.java:166)&#10;	at report.test.Test_ypDisplay.ypDisplayBottomSectionTest(Test_ypDisplay.java:148)&#10;	at sun.reflect.NativeMethodAccessorImpl.invoke0(Native Method)&#10;	at sun.reflect.NativeMethodAccessorImpl.invoke(NativeMethodAccessorImpl.java:57)&#10;	at sun.reflect.DelegatingMethodAccessorImpl.invoke(DelegatingMethodAccessorImpl.java:43)&#10;	at java.lang.reflect.Method.invoke(Method.java:606)&#10;	at org.testng.internal.MethodInvocationHelper.invokeMethod(MethodInvocationHelper.java:85)&#10;	at org.testng.internal.Invoker.invokeMethod(Invoker.java:659)&#10;	at org.testng.internal.Invoker.invokeTestMethod(Invoker.java:845)&#10;	at org.testng.internal.Invoker.invokeTestMethods(Invoker.java:1153)&#10;	at org.testng.internal.TestMethodWorker.invokeTestMethods(TestMethodWorker.java:125)&#10;	at org.testng.internal.TestMethodWorker.run(TestMethodWorker.java:108)&#10;	at org.testng.TestRunner.privateRun(TestRunner.java:771)&#10;	at org.testng.TestRunner.run(TestRunner.java:621)&#10;	at org.testng.SuiteRunner.runTest(SuiteRunner.java:357)&#10;	at org.testng.SuiteRunner.runSequentially(SuiteRunner.java:352)&#10;	at org.testng.SuiteRunner.privateRun(SuiteRunner.java:310)&#10;	at org.testng.SuiteRunner.run(SuiteRunner.java:259)&#10;	at org.testng.SuiteRunnerWorker.runSuite(SuiteRunnerWorker.java:52)&#10;	at org.testng.SuiteRunnerWorker.run(SuiteRunnerWorker.java:86)&#10;	at org.testng.TestNG.runSuitesSequentially(TestNG.java:1199)&#10;	at org.testng.TestNG.runSuitesSequentially(TestNG.java:1195)&#10;	at org.testng.TestNG.runSuitesLocally(TestNG.java:1124)&#10;	at org.testng.TestNG.run(TestNG.java:1032)&#10;	at org.apache.maven.surefire.testng.TestNGExecutor.run(TestNGExecutor.java:295)&#10;	at org.apache.maven.surefire.testng.TestNGXmlTestSuite.execute(TestNGXmlTestSuite.java:84)&#10;	at org.apache.maven.surefire.testng.TestNGProvider.invoke(TestNGProvider.java:90)&#10;	at org.apache.maven.surefire.booter.ForkedBooter.invokeProviderInSameClassLoader(ForkedBooter.java:203)&#10;	at org.apache.maven.surefire.booter.ForkedBooter.runSuitesInProcess(ForkedBooter.java:155)&#10;	at org.apache.maven.surefire.booter.ForkedBooter.main(ForkedBooter.java:103)&#10;Caused by: org.openqa.selenium.NoSuchElementException: Unable to locate element: {&quot;method&quot;:&quot;xpath&quot;,&quot;selector&quot;:&quot;//*[@id=&apos;ibar&apos;]/div[5]/div[3]/table/tbody/tr[2]/td[2]/div/div[2]&quot;}&#10;For documentation on this error, please visit: http://seleniumhq.org/exceptions/no_such_element.html&#10;Build info: version: &apos;2.45.0&apos;, revision: &apos;5017cb8e7ca8e37638dc3091b2440b90a1d8686f&apos;, time: &apos;2015-02-27 09:10:26&apos;&#10;System info: host: &apos;CA04WLVA4652&apos;, ip: &apos;10.65.172.205&apos;, os.name: &apos;Windows 7&apos;, os.arch: &apos;amd64&apos;, os.version: &apos;6.1&apos;, java.version: &apos;1.7.0_79&apos;&#10;Driver info: driver.version: unknown&#10;	at &lt;anonymous class&gt;.FirefoxDriver.prototype.findElementInternal_(file:///C:/Windows/TEMP/anonymous45200382108589651webdriver-profile/extensions/fxdriver@googlecode.com/components/driver-component.js:10271)&#10;	at &lt;anonymous class&gt;.fxdriver.Timer.prototype.setTimeout/&lt;.notify(file:///C:/Windows/TEMP/anonymous45200382108589651webdriver-profile/extensions/fxdriver@googlecode.com/components/driver-component.js:603)&#10;nnFailure 8 of 15:njava.lang.AssertionError: expected [true] but found [false]&#10;	at org.testng.Assert.fail(Assert.java:94)&#10;	at org.testng.Assert.failNotEquals(Assert.java:496)&#10;	at org.testng.Assert.assertTrue(Assert.java:42)&#10;	at org.testng.Assert.assertTrue(Assert.java:52)&#10;	at report.pages.ypDisplay.ypDisplayBottomSection(ypDisplay.java:166)&#10;	at report.test.Test_ypDisplay.ypDisplayBottomSectionTest(Test_ypDisplay.java:148)&#10;	at sun.reflect.NativeMethodAccessorImpl.invoke0(Native Method)&#10;	at sun.reflect.NativeMethodAccessorImpl.invoke(NativeMethodAccessorImpl.java:57)&#10;	at sun.reflect.DelegatingMethodAccessorImpl.invoke(DelegatingMethodAccessorImpl.java:43)&#10;	at java.lang.reflect.Method.invoke(Method.java:606)&#10;	at org.testng.internal.MethodInvocationHelper.invokeMethod(MethodInvocationHelper.java:85)&#10;	at org.testng.internal.Invoker.invokeMethod(Invoker.java:659)&#10;	at org.testng.internal.Invoker.invokeTestMethod(Invoker.java:845)&#10;	at org.testng.internal.Invoker.invokeTestMethods(Invoker.java:1153)&#10;	at org.testng.internal.TestMethodWorker.invokeTestMethods(TestMethodWorker.java:125)&#10;	at org.testng.internal.TestMethodWorker.run(TestMethodWorker.java:108)&#10;	at org.testng.TestRunner.privateRun(TestRunner.java:771)&#10;	at org.testng.TestRunner.run(TestRunner.java:621)&#10;	at org.testng.SuiteRunner.runTest(SuiteRunner.java:357)&#10;	at org.testng.SuiteRunner.runSequentially(SuiteRunner.java:352)&#10;	at org.testng.SuiteRunner.privateRun(SuiteRunner.java:310)&#10;	at org.testng.SuiteRunner.run(SuiteRunner.java:259)&#10;	at org.testng.SuiteRunnerWorker.runSuite(SuiteRunnerWorker.java:52)&#10;	at org.testng.SuiteRunnerWorker.run(SuiteRunnerWorker.java:86)&#10;	at org.testng.TestNG.runSuitesSequentially(TestNG.java:1199)&#10;	at org.testng.TestNG.runSuitesSequentially(TestNG.java:1195)&#10;	at org.testng.TestNG.runSuitesLocally(TestNG.java:1124)&#10;	at org.testng.TestNG.run(TestNG.java:1032)&#10;	at org.apache.maven.surefire.testng.TestNGExecutor.run(TestNGExecutor.java:295)&#10;	at org.apache.maven.surefire.testng.TestNGXmlTestSuite.execute(TestNGXmlTestSuite.java:84)&#10;	at org.apache.maven.surefire.testng.TestNGProvider.invoke(TestNGProvider.java:90)&#10;	at org.apache.maven.surefire.booter.ForkedBooter.invokeProviderInSameClassLoader(ForkedBooter.java:203)&#10;	at org.apache.maven.surefire.booter.ForkedBooter.runSuitesInProcess(ForkedBooter.java:155)&#10;	at org.apache.maven.surefire.booter.ForkedBooter.main(ForkedBooter.java:103)&#10;nnFailure 9 of 15:norg.openqa.selenium.NoSuchElementException: Unable to locate element: {&quot;method&quot;:&quot;xpath&quot;,&quot;selector&quot;:&quot;//*[@id=&apos;ibar&apos;]/div[5]/div[3]/table/tbody/tr[5]/td[1]/div/div[2]&quot;}&#10;Command duration or timeout: 10.10 seconds&#10;For documentation on this error, please visit: http://seleniumhq.org/exceptions/no_such_element.html&#10;Build info: version: &apos;2.45.0&apos;, revision: &apos;5017cb8e7ca8e37638dc3091b2440b90a1d8686f&apos;, time: &apos;2015-02-27 09:10:26&apos;&#10;System info: host: &apos;CA04WLVA4652&apos;, ip: &apos;10.65.172.205&apos;, os.name: &apos;Windows 7&apos;, os.arch: &apos;amd64&apos;, os.version: &apos;6.1&apos;, java.version: &apos;1.7.0_79&apos;&#10;*** Element info: {Using=xpath, value=//*[@id=&apos;ibar&apos;]/div[5]/div[3]/table/tbody/tr[5]/td[1]/div/div[2]}&#10;Session ID: 19162545-954f-40bb-bdb2-ee631fe1374e&#10;Driver info: org.openqa.selenium.firefox.FirefoxDriver&#10;Capabilities [{platform=WINDOWS, acceptSslCerts=true, javascriptEnabled=true, cssSelectorsEnabled=true, databaseEnabled=true, browserName=firefox, handlesAlerts=true, nativeEvents=false, webStorageEnabled=true, rotatable=false, locationContextEnabled=true, applicationCacheEnabled=true, takesScreenshot=true, version=40.0.3}]&#10;	at sun.reflect.NativeConstructorAccessorImpl.newInstance0(Native Method)&#10;	at sun.reflect.NativeConstructorAccessorImpl.newInstance(NativeConstructorAccessorImpl.java:57)&#10;	at sun.reflect.DelegatingConstructorAccessorImpl.newInstance(DelegatingConstructorAccessorImpl.java:45)&#10;	at java.lang.reflect.Constructor.newInstance(Constructor.java:526)&#10;	at org.openqa.selenium.remote.ErrorHandler.createThrowable(ErrorHandler.java:204)&#10;	at org.openqa.selenium.remote.ErrorHandler.throwIfResponseFailed(ErrorHandler.java:156)&#10;	at org.openqa.selenium.remote.RemoteWebDriver.execute(RemoteWebDriver.java:599)&#10;	at org.openqa.selenium.remote.RemoteWebDriver.findElement(RemoteWebDriver.java:352)&#10;	at org.openqa.selenium.remote.RemoteWebDriver.findElementByXPath(RemoteWebDriver.java:449)&#10;	at org.openqa.selenium.By$ByXPath.findElement(By.java:357)&#10;	at org.openqa.selenium.remote.RemoteWebDriver.findElement(RemoteWebDriver.java:344)&#10;	at report.test.TestBase.isElementPresentWithWait(TestBase.java:136)&#10;	at report.pages.ypDisplay.ypDisplayBottomSection(ypDisplay.java:166)&#10;	at report.test.Test_ypDisplay.ypDisplayBottomSectionTest(Test_ypDisplay.java:148)&#10;	at sun.reflect.NativeMethodAccessorImpl.invoke0(Native Method)&#10;	at sun.reflect.NativeMethodAccessorImpl.invoke(NativeMethodAccessorImpl.java:57)&#10;	at sun.reflect.DelegatingMethodAccessorImpl.invoke(DelegatingMethodAccessorImpl.java:43)&#10;	at java.lang.reflect.Method.invoke(Method.java:606)&#10;	at org.testng.internal.MethodInvocationHelper.invokeMethod(MethodInvocationHelper.java:85)&#10;	at org.testng.internal.Invoker.invokeMethod(Invoker.java:659)&#10;	at org.testng.internal.Invoker.invokeTestMethod(Invoker.java:845)&#10;	at org.testng.internal.Invoker.invokeTestMethods(Invoker.java:1153)&#10;	at org.testng.internal.TestMethodWorker.invokeTestMethods(TestMethodWorker.java:125)&#10;	at org.testng.internal.TestMethodWorker.run(TestMethodWorker.java:108)&#10;	at org.testng.TestRunner.privateRun(TestRunner.java:771)&#10;	at org.testng.TestRunner.run(TestRunner.java:621)&#10;	at org.testng.SuiteRunner.runTest(SuiteRunner.java:357)&#10;	at org.testng.SuiteRunner.runSequentially(SuiteRunner.java:352)&#10;	at org.testng.SuiteRunner.privateRun(SuiteRunner.java:310)&#10;	at org.testng.SuiteRunner.run(SuiteRunner.java:259)&#10;	at org.testng.SuiteRunnerWorker.runSuite(SuiteRunnerWorker.java:52)&#10;	at org.testng.SuiteRunnerWorker.run(SuiteRunnerWorker.java:86)&#10;	at org.testng.TestNG.runSuitesSequentially(TestNG.java:1199)&#10;	at org.testng.TestNG.runSuitesSequentially(TestNG.java:1195)&#10;	at org.testng.TestNG.runSuitesLocally(TestNG.java:1124)&#10;	at org.testng.TestNG.run(TestNG.java:1032)&#10;	at org.apache.maven.surefire.testng.TestNGExecutor.run(TestNGExecutor.java:295)&#10;	at org.apache.maven.surefire.testng.TestNGXmlTestSuite.execute(TestNGXmlTestSuite.java:84)&#10;	at org.apache.maven.surefire.testng.TestNGProvider.invoke(TestNGProvider.java:90)&#10;	at org.apache.maven.surefire.booter.ForkedBooter.invokeProviderInSameClassLoader(ForkedBooter.java:203)&#10;	at org.apache.maven.surefire.booter.ForkedBooter.runSuitesInProcess(ForkedBooter.java:155)&#10;	at org.apache.maven.surefire.booter.ForkedBooter.main(ForkedBooter.java:103)&#10;Caused by: org.openqa.selenium.NoSuchElementException: Unable to locate element: {&quot;method&quot;:&quot;xpath&quot;,&quot;selector&quot;:&quot;//*[@id=&apos;ibar&apos;]/div[5]/div[3]/table/tbody/tr[5]/td[1]/div/div[2]&quot;}&#10;For documentation on this error, please visit: http://seleniumhq.org/exceptions/no_such_element.html&#10;Build info: version: &apos;2.45.0&apos;, revision: &apos;5017cb8e7ca8e37638dc3091b2440b90a1d8686f&apos;, time: &apos;2015-02-27 09:10:26&apos;&#10;System info: host: &apos;CA04WLVA4652&apos;, ip: &apos;10.65.172.205&apos;, os.name: &apos;Windows 7&apos;, os.arch: &apos;amd64&apos;, os.version: &apos;6.1&apos;, java.version: &apos;1.7.0_79&apos;&#10;Driver info: driver.version: unknown&#10;	at &lt;anonymous class&gt;.FirefoxDriver.prototype.findElementInternal_(file:///C:/Windows/TEMP/anonymous45200382108589651webdriver-profile/extensions/fxdriver@googlecode.com/components/driver-component.js:10271)&#10;	at &lt;anonymous class&gt;.fxdriver.Timer.prototype.setTimeout/&lt;.notify(file:///C:/Windows/TEMP/anonymous45200382108589651webdriver-profile/extensions/fxdriver@googlecode.com/components/driver-component.js:603)&#10;nnFailure 10 of 15:njava.lang.AssertionError: expected [true] but found [false]&#10;	at org.testng.Assert.fail(Assert.java:94)&#10;	at org.testng.Assert.failNotEquals(Assert.java:496)&#10;	at org.testng.Assert.assertTrue(Assert.java:42)&#10;	at org.testng.Assert.assertTrue(Assert.java:52)&#10;	at report.pages.ypDisplay.ypDisplayBottomSection(ypDisplay.java:166)&#10;	at report.test.Test_ypDisplay.ypDisplayBottomSectionTest(Test_ypDisplay.java:148)&#10;	at sun.reflect.NativeMethodAccessorImpl.invoke0(Native Method)&#10;	at sun.reflect.NativeMethodAccessorImpl.invoke(NativeMethodAccessorImpl.java:57)&#10;	at sun.reflect.DelegatingMethodAccessorImpl.invoke(DelegatingMethodAccessorImpl.java:43)&#10;	at java.lang.reflect.Method.invoke(Method.java:606)&#10;	at org.testng.internal.MethodInvocationHelper.invokeMethod(MethodInvocationHelper.java:85)&#10;	at org.testng.internal.Invoker.invokeMethod(Invoker.java:659)&#10;	at org.testng.internal.Invoker.invokeTestMethod(Invoker.java:845)&#10;	at org.testng.internal.Invoker.invokeTestMethods(Invoker.java:1153)&#10;	at org.testng.internal.TestMethodWorker.invokeTestMethods(TestMethodWorker.java:125)&#10;	at org.testng.internal.TestMethodWorker.run(TestMethodWorker.java:108)&#10;	at org.testng.TestRunner.privateRun(TestRunner.java:771)&#10;	at org.testng.TestRunner.run(TestRunner.java:621)&#10;	at org.testng.SuiteRunner.runTest(SuiteRunner.java:357)&#10;	at org.testng.SuiteRunner.runSequentially(SuiteRunner.java:352)&#10;	at org.testng.SuiteRunner.privateRun(SuiteRunner.java:310)&#10;	at org.testng.SuiteRunner.run(SuiteRunner.java:259)&#10;	at org.testng.SuiteRunnerWorker.runSuite(SuiteRunnerWorker.java:52)&#10;	at org.testng.SuiteRunnerWorker.run(SuiteRunnerWorker.java:86)&#10;	at org.testng.TestNG.runSuitesSequentially(TestNG.java:1199)&#10;	at org.testng.TestNG.runSuitesSequentially(TestNG.java:1195)&#10;	at org.testng.TestNG.runSuitesLocally(TestNG.java:1124)&#10;	at org.testng.TestNG.run(TestNG.java:1032)&#10;	at org.apache.maven.surefire.testng.TestNGExecutor.run(TestNGExecutor.java:295)&#10;	at org.apache.maven.surefire.testng.TestNGXmlTestSuite.execute(TestNGXmlTestSuite.java:84)&#10;	at org.apache.maven.surefire.testng.TestNGProvider.invoke(TestNGProvider.java:90)&#10;	at org.apache.maven.surefire.booter.ForkedBooter.invokeProviderInSameClassLoader(ForkedBooter.java:203)&#10;	at org.apache.maven.surefire.booter.ForkedBooter.runSuitesInProcess(ForkedBooter.java:155)&#10;	at org.apache.maven.surefire.booter.ForkedBooter.main(ForkedBooter.java:103)&#10;nnFailure 11 of 15:norg.openqa.selenium.NoSuchElementException: Unable to locate element: {&quot;method&quot;:&quot;xpath&quot;,&quot;selector&quot;:&quot;//*[@id=&apos;ibar&apos;]/div[5]/div[3]/table/tbody/tr[2]/td[2]/div/div[2]&quot;}&#10;Command duration or timeout: 10.25 seconds&#10;For documentation on this error, please visit: http://seleniumhq.org/exceptions/no_such_element.html&#10;Build info: version: &apos;2.45.0&apos;, revision: &apos;5017cb8e7ca8e37638dc3091b2440b90a1d8686f&apos;, time: &apos;2015-02-27 09:10:26&apos;&#10;System info: host: &apos;CA04WLVA4652&apos;, ip: &apos;10.65.172.205&apos;, os.name: &apos;Windows 7&apos;, os.arch: &apos;amd64&apos;, os.version: &apos;6.1&apos;, java.version: &apos;1.7.0_79&apos;&#10;*** Element info: {Using=xpath, value=//*[@id=&apos;ibar&apos;]/div[5]/div[3]/table/tbody/tr[2]/td[2]/div/div[2]}&#10;Session ID: 19162545-954f-40bb-bdb2-ee631fe1374e&#10;Driver info: org.openqa.selenium.firefox.FirefoxDriver&#10;Capabilities [{platform=WINDOWS, acceptSslCerts=true, javascriptEnabled=true, cssSelectorsEnabled=true, databaseEnabled=true, browserName=firefox, handlesAlerts=true, nativeEvents=false, webStorageEnabled=true, rotatable=false, locationContextEnabled=true, applicationCacheEnabled=true, takesScreenshot=true, version=40.0.3}]&#10;	at sun.reflect.NativeConstructorAccessorImpl.newInstance0(Native Method)&#10;	at sun.reflect.NativeConstructorAccessorImpl.newInstance(NativeConstructorAccessorImpl.java:57)&#10;	at sun.reflect.DelegatingConstructorAccessorImpl.newInstance(DelegatingConstructorAccessorImpl.java:45)&#10;	at java.lang.reflect.Constructor.newInstance(Constructor.java:526)&#10;	at org.openqa.selenium.remote.ErrorHandler.createThrowable(ErrorHandler.java:204)&#10;	at org.openqa.selenium.remote.ErrorHandler.throwIfResponseFailed(ErrorHandler.java:156)&#10;	at org.openqa.selenium.remote.RemoteWebDriver.execute(RemoteWebDriver.java:599)&#10;	at org.openqa.selenium.remote.RemoteWebDriver.findElement(RemoteWebDriver.java:352)&#10;	at org.openqa.selenium.remote.RemoteWebDriver.findElementByXPath(RemoteWebDriver.java:449)&#10;	at org.openqa.selenium.By$ByXPath.findElement(By.java:357)&#10;	at org.openqa.selenium.remote.RemoteWebDriver.findElement(RemoteWebDriver.java:344)&#10;	at report.test.TestBase.isElementPresentWithWait(TestBase.java:136)&#10;	at report.pages.ypDisplay.ypDisplayBottomSection(ypDisplay.java:166)&#10;	at report.test.Test_ypDisplay.ypDisplayBottomSectionTest(Test_ypDisplay.java:148)&#10;	at sun.reflect.NativeMethodAccessorImpl.invoke0(Native Method)&#10;	at sun.reflect.NativeMethodAccessorImpl.invoke(NativeMethodAccessorImpl.java:57)&#10;	at sun.reflect.DelegatingMethodAccessorImpl.invoke(DelegatingMethodAccessorImpl.java:43)&#10;	at java.lang.reflect.Method.invoke(Method.java:606)&#10;	at org.testng.internal.MethodInvocationHelper.invokeMethod(MethodInvocationHelper.java:85)&#10;	at org.testng.internal.Invoker.invokeMethod(Invoker.java:659)&#10;	at org.testng.internal.Invoker.invokeTestMethod(Invoker.java:845)&#10;	at org.testng.internal.Invoker.invokeTestMethods(Invoker.java:1153)&#10;	at org.testng.internal.TestMethodWorker.invokeTestMethods(TestMethodWorker.java:125)&#10;	at org.testng.internal.TestMethodWorker.run(TestMethodWorker.java:108)&#10;	at org.testng.TestRunner.privateRun(TestRunner.java:771)&#10;	at org.testng.TestRunner.run(TestRunner.java:621)&#10;	at org.testng.SuiteRunner.runTest(SuiteRunner.java:357)&#10;	at org.testng.SuiteRunner.runSequentially(SuiteRunner.java:352)&#10;	at org.testng.SuiteRunner.privateRun(SuiteRunner.java:310)&#10;	at org.testng.SuiteRunner.run(SuiteRunner.java:259)&#10;	at org.testng.SuiteRunnerWorker.runSuite(SuiteRunnerWorker.java:52)&#10;	at org.testng.SuiteRunnerWorker.run(SuiteRunnerWorker.java:86)&#10;	at org.testng.TestNG.runSuitesSequentially(TestNG.java:1199)&#10;	at org.testng.TestNG.runSuitesSequentially(TestNG.java:1195)&#10;	at org.testng.TestNG.runSuitesLocally(TestNG.java:1124)&#10;	at org.testng.TestNG.run(TestNG.java:1032)&#10;	at org.apache.maven.surefire.testng.TestNGExecutor.run(TestNGExecutor.java:295)&#10;	at org.apache.maven.surefire.testng.TestNGXmlTestSuite.execute(TestNGXmlTestSuite.java:84)&#10;	at org.apache.maven.surefire.testng.TestNGProvider.invoke(TestNGProvider.java:90)&#10;	at org.apache.maven.surefire.booter.ForkedBooter.invokeProviderInSameClassLoader(ForkedBooter.java:203)&#10;	at org.apache.maven.surefire.booter.ForkedBooter.runSuitesInProcess(ForkedBooter.java:155)&#10;	at org.apache.maven.surefire.booter.ForkedBooter.main(ForkedBooter.java:103)&#10;Caused by: org.openqa.selenium.NoSuchElementException: Unable to locate element: {&quot;method&quot;:&quot;xpath&quot;,&quot;selector&quot;:&quot;//*[@id=&apos;ibar&apos;]/div[5]/div[3]/table/tbody/tr[2]/td[2]/div/div[2]&quot;}&#10;For documentation on this error, please visit: http://seleniumhq.org/exceptions/no_such_element.html&#10;Build info: version: &apos;2.45.0&apos;, revision: &apos;5017cb8e7ca8e37638dc3091b2440b90a1d8686f&apos;, time: &apos;2015-02-27 09:10:26&apos;&#10;System info: host: &apos;CA04WLVA4652&apos;, ip: &apos;10.65.172.205&apos;, os.name: &apos;Windows 7&apos;, os.arch: &apos;amd64&apos;, os.version: &apos;6.1&apos;, java.version: &apos;1.7.0_79&apos;&#10;Driver info: driver.version: unknown&#10;	at &lt;anonymous class&gt;.FirefoxDriver.prototype.findElementInternal_(file:///C:/Windows/TEMP/anonymous45200382108589651webdriver-profile/extensions/fxdriver@googlecode.com/components/driver-component.js:10271)&#10;	at &lt;anonymous class&gt;.fxdriver.Timer.prototype.setTimeout/&lt;.notify(file:///C:/Windows/TEMP/anonymous45200382108589651webdriver-profile/extensions/fxdriver@googlecode.com/components/driver-component.js:603)&#10;nnFailure 12 of 15:njava.lang.AssertionError: expected [true] but found [false]&#10;	at org.testng.Assert.fail(Assert.java:94)&#10;	at org.testng.Assert.failNotEquals(Assert.java:496)&#10;	at org.testng.Assert.assertTrue(Assert.java:42)&#10;	at org.testng.Assert.assertTrue(Assert.java:52)&#10;	at report.pages.ypDisplay.ypDisplayBottomSection(ypDisplay.java:166)&#10;	at report.test.Test_ypDisplay.ypDisplayBottomSectionTest(Test_ypDisplay.java:148)&#10;	at sun.reflect.NativeMethodAccessorImpl.invoke0(Native Method)&#10;	at sun.reflect.NativeMethodAccessorImpl.invoke(NativeMethodAccessorImpl.java:57)&#10;	at sun.reflect.DelegatingMethodAccessorImpl.invoke(DelegatingMethodAccessorImpl.java:43)&#10;	at java.lang.reflect.Method.invoke(Method.java:606)&#10;	at org.testng.internal.MethodInvocationHelper.invokeMethod(MethodInvocationHelper.java:85)&#10;	at org.testng.internal.Invoker.invokeMethod(Invoker.java:659)&#10;	at org.testng.internal.Invoker.invokeTestMethod(Invoker.java:845)&#10;	at org.testng.internal.Invoker.invokeTestMethods(Invoker.java:1153)&#10;	at org.testng.internal.TestMethodWorker.invokeTestMethods(TestMethodWorker.java:125)&#10;	at org.testng.internal.TestMethodWorker.run(TestMethodWorker.java:108)&#10;	at org.testng.TestRunner.privateRun(TestRunner.java:771)&#10;	at org.testng.TestRunner.run(TestRunner.java:621)&#10;	at org.testng.SuiteRunner.runTest(SuiteRunner.java:357)&#10;	at org.testng.SuiteRunner.runSequentially(SuiteRunner.java:352)&#10;	at org.testng.SuiteRunner.privateRun(SuiteRunner.java:310)&#10;	at org.testng.SuiteRunner.run(SuiteRunner.java:259)&#10;	at org.testng.SuiteRunnerWorker.runSuite(SuiteRunnerWorker.java:52)&#10;	at org.testng.SuiteRunnerWorker.run(SuiteRunnerWorker.java:86)&#10;	at org.testng.TestNG.runSuitesSequentially(TestNG.java:1199)&#10;	at org.testng.TestNG.runSuitesSequentially(TestNG.java:1195)&#10;	at org.testng.TestNG.runSuitesLocally(TestNG.java:1124)&#10;	at org.testng.TestNG.run(TestNG.java:1032)&#10;	at org.apache.maven.surefire.testng.TestNGExecutor.run(TestNGExecutor.java:295)&#10;	at org.apache.maven.surefire.testng.TestNGXmlTestSuite.execute(TestNGXmlTestSuite.java:84)&#10;	at org.apache.maven.surefire.testng.TestNGProvider.invoke(TestNGProvider.java:90)&#10;	at org.apache.maven.surefire.booter.ForkedBooter.invokeProviderInSameClassLoader(ForkedBooter.java:203)&#10;	at org.apache.maven.surefire.booter.ForkedBooter.runSuitesInProcess(ForkedBooter.java:155)&#10;	at org.apache.maven.surefire.booter.ForkedBooter.main(ForkedBooter.java:103)&#10;nnFailure 13 of 15:norg.openqa.selenium.NoSuchElementException: Unable to locate element: {&quot;method&quot;:&quot;xpath&quot;,&quot;selector&quot;:&quot;//*[@id=&apos;ibar&apos;]/div[5]/div[3]/table/tbody/tr[1]/td/h3&quot;}&#10;Command duration or timeout: 10.16 seconds&#10;For documentation on this error, please visit: http://seleniumhq.org/exceptions/no_such_element.html&#10;Build info: version: &apos;2.45.0&apos;, revision: &apos;5017cb8e7ca8e37638dc3091b2440b90a1d8686f&apos;, time: &apos;2015-02-27 09:10:26&apos;&#10;System info: host: &apos;CA04WLVA4652&apos;, ip: &apos;10.65.172.205&apos;, os.name: &apos;Windows 7&apos;, os.arch: &apos;amd64&apos;, os.version: &apos;6.1&apos;, java.version: &apos;1.7.0_79&apos;&#10;*** Element info: {Using=xpath, value=//*[@id=&apos;ibar&apos;]/div[5]/div[3]/table/tbody/tr[1]/td/h3}&#10;Session ID: 19162545-954f-40bb-bdb2-ee631fe1374e&#10;Driver info: org.openqa.selenium.firefox.FirefoxDriver&#10;Capabilities [{platform=WINDOWS, acceptSslCerts=true, javascriptEnabled=true, cssSelectorsEnabled=true, databaseEnabled=true, browserName=firefox, handlesAlerts=true, nativeEvents=false, webStorageEnabled=true, rotatable=false, locationContextEnabled=true, applicationCacheEnabled=true, takesScreenshot=true, version=40.0.3}]&#10;	at sun.reflect.NativeConstructorAccessorImpl.newInstance0(Native Method)&#10;	at sun.reflect.NativeConstructorAccessorImpl.newInstance(NativeConstructorAccessorImpl.java:57)&#10;	at sun.reflect.DelegatingConstructorAccessorImpl.newInstance(DelegatingConstructorAccessorImpl.java:45)&#10;	at java.lang.reflect.Constructor.newInstance(Constructor.java:526)&#10;	at org.openqa.selenium.remote.ErrorHandler.createThrowable(ErrorHandler.java:204)&#10;	at org.openqa.selenium.remote.ErrorHandler.throwIfResponseFailed(ErrorHandler.java:156)&#10;	at org.openqa.selenium.remote.RemoteWebDriver.execute(RemoteWebDriver.java:599)&#10;	at org.openqa.selenium.remote.RemoteWebDriver.findElement(RemoteWebDriver.java:352)&#10;	at org.openqa.selenium.remote.RemoteWebDriver.findElementByXPath(RemoteWebDriver.java:449)&#10;	at org.openqa.selenium.By$ByXPath.findElement(By.java:357)&#10;	at org.openqa.selenium.remote.RemoteWebDriver.findElement(RemoteWebDriver.java:344)&#10;	at report.test.TestBase.isElementPresentWithWait(TestBase.java:136)&#10;	at report.pages.ypDisplay.ypDisplayBottomSection(ypDisplay.java:166)&#10;	at report.test.Test_ypDisplay.ypDisplayBottomSectionTest(Test_ypDisplay.java:148)&#10;	at sun.reflect.NativeMethodAccessorImpl.invoke0(Native Method)&#10;	at sun.reflect.NativeMethodAccessorImpl.invoke(NativeMethodAccessorImpl.java:57)&#10;	at sun.reflect.DelegatingMethodAccessorImpl.invoke(DelegatingMethodAccessorImpl.java:43)&#10;	at java.lang.reflect.Method.invoke(Method.java:606)&#10;	at org.testng.internal.MethodInvocationHelper.invokeMethod(MethodInvocationHelper.java:85)&#10;	at org.testng.internal.Invoker.invokeMethod(Invoker.java:659)&#10;	at org.testng.internal.Invoker.invokeTestMethod(Invoker.java:845)&#10;	at org.testng.internal.Invoker.invokeTestMethods(Invoker.java:1153)&#10;	at org.testng.internal.TestMethodWorker.invokeTestMethods(TestMethodWorker.java:125)&#10;	at org.testng.internal.TestMethodWorker.run(TestMethodWorker.java:108)&#10;	at org.testng.TestRunner.privateRun(TestRunner.java:771)&#10;	at org.testng.TestRunner.run(TestRunner.java:621)&#10;	at org.testng.SuiteRunner.runTest(SuiteRunner.java:357)&#10;	at org.testng.SuiteRunner.runSequentially(SuiteRunner.java:352)&#10;	at org.testng.SuiteRunner.privateRun(SuiteRunner.java:310)&#10;	at org.testng.SuiteRunner.run(SuiteRunner.java:259)&#10;	at org.testng.SuiteRunnerWorker.runSuite(SuiteRunnerWorker.java:52)&#10;	at org.testng.SuiteRunnerWorker.run(SuiteRunnerWorker.java:86)&#10;	at org.testng.TestNG.runSuitesSequentially(TestNG.java:1199)&#10;	at org.testng.TestNG.runSuitesSequentially(TestNG.java:1195)&#10;	at org.testng.TestNG.runSuitesLocally(TestNG.java:1124)&#10;	at org.testng.TestNG.run(TestNG.java:1032)&#10;	at org.apache.maven.surefire.testng.TestNGExecutor.run(TestNGExecutor.java:295)&#10;	at org.apache.maven.surefire.testng.TestNGXmlTestSuite.execute(TestNGXmlTestSuite.java:84)&#10;	at org.apache.maven.surefire.testng.TestNGProvider.invoke(TestNGProvider.java:90)&#10;	at org.apache.maven.surefire.booter.ForkedBooter.invokeProviderInSameClassLoader(ForkedBooter.java:203)&#10;	at org.apache.maven.surefire.booter.ForkedBooter.runSuitesInProcess(ForkedBooter.java:155)&#10;	at org.apache.maven.surefire.booter.ForkedBooter.main(ForkedBooter.java:103)&#10;Caused by: org.openqa.selenium.NoSuchElementException: Unable to locate element: {&quot;method&quot;:&quot;xpath&quot;,&quot;selector&quot;:&quot;//*[@id=&apos;ibar&apos;]/div[5]/div[3]/table/tbody/tr[1]/td/h3&quot;}&#10;For documentation on this error, please visit: http://seleniumhq.org/exceptions/no_such_element.html&#10;Build info: version: &apos;2.45.0&apos;, revision: &apos;5017cb8e7ca8e37638dc3091b2440b90a1d8686f&apos;, time: &apos;2015-02-27 09:10:26&apos;&#10;System info: host: &apos;CA04WLVA4652&apos;, ip: &apos;10.65.172.205&apos;, os.name: &apos;Windows 7&apos;, os.arch: &apos;amd64&apos;, os.version: &apos;6.1&apos;, java.version: &apos;1.7.0_79&apos;&#10;Driver info: driver.version: unknown&#10;	at &lt;anonymous class&gt;.FirefoxDriver.prototype.findElementInternal_(file:///C:/Windows/TEMP/anonymous45200382108589651webdriver-profile/extensions/fxdriver@googlecode.com/components/driver-component.js:10271)&#10;	at &lt;anonymous class&gt;.fxdriver.Timer.prototype.setTimeout/&lt;.notify(file:///C:/Windows/TEMP/anonymous45200382108589651webdriver-profile/extensions/fxdriver@googlecode.com/components/driver-component.js:603)&#10;nnFailure 14 of 15:njava.lang.AssertionError: expected [true] but found [false]&#10;	at org.testng.Assert.fail(Assert.java:94)&#10;	at org.testng.Assert.failNotEquals(Assert.java:496)&#10;	at org.testng.Assert.assertTrue(Assert.java:42)&#10;	at org.testng.Assert.assertTrue(Assert.java:52)&#10;	at report.pages.ypDisplay.ypDisplayBottomSection(ypDisplay.java:166)&#10;	at report.test.Test_ypDisplay.ypDisplayBottomSectionTest(Test_ypDisplay.java:148)&#10;	at sun.reflect.NativeMethodAccessorImpl.invoke0(Native Method)&#10;	at sun.reflect.NativeMethodAccessorImpl.invoke(NativeMethodAccessorImpl.java:57)&#10;	at sun.reflect.DelegatingMethodAccessorImpl.invoke(DelegatingMethodAccessorImpl.java:43)&#10;	at java.lang.reflect.Method.invoke(Method.java:606)&#10;	at org.testng.internal.MethodInvocationHelper.invokeMethod(MethodInvocationHelper.java:85)&#10;	at org.testng.internal.Invoker.invokeMethod(Invoker.java:659)&#10;	at org.testng.internal.Invoker.invokeTestMethod(Invoker.java:845)&#10;	at org.testng.internal.Invoker.invokeTestMethods(Invoker.java:1153)&#10;	at org.testng.internal.TestMethodWorker.invokeTestMethods(TestMethodWorker.java:125)&#10;	at org.testng.internal.TestMethodWorker.run(TestMethodWorker.java:108)&#10;	at org.testng.TestRunner.privateRun(TestRunner.java:771)&#10;	at org.testng.TestRunner.run(TestRunner.java:621)&#10;	at org.testng.SuiteRunner.runTest(SuiteRunner.java:357)&#10;	at org.testng.SuiteRunner.runSequentially(SuiteRunner.java:352)&#10;	at org.testng.SuiteRunner.privateRun(SuiteRunner.java:310)&#10;	at org.testng.SuiteRunner.run(SuiteRunner.java:259)&#10;	at org.testng.SuiteRunnerWorker.runSuite(SuiteRunnerWorker.java:52)&#10;	at org.testng.SuiteRunnerWorker.run(SuiteRunnerWorker.java:86)&#10;	at org.testng.TestNG.runSuitesSequentially(TestNG.java:1199)&#10;	at org.testng.TestNG.runSuitesSequentially(TestNG.java:1195)&#10;	at org.testng.TestNG.runSuitesLocally(TestNG.java:1124)&#10;	at org.testng.TestNG.run(TestNG.java:1032)&#10;	at org.apache.maven.surefire.testng.TestNGExecutor.run(TestNGExecutor.java:295)&#10;	at org.apache.maven.surefire.testng.TestNGXmlTestSuite.execute(TestNGXmlTestSuite.java:84)&#10;	at org.apache.maven.surefire.testng.TestNGProvider.invoke(TestNGProvider.java:90)&#10;	at org.apache.maven.surefire.booter.ForkedBooter.invokeProviderInSameClassLoader(ForkedBooter.java:203)&#10;	at org.apache.maven.surefire.booter.ForkedBooter.runSuitesInProcess(ForkedBooter.java:155)&#10;	at org.apache.maven.surefire.booter.ForkedBooter.main(ForkedBooter.java:103)&#10;nnFailure 15 of 15:njava.lang.AssertionError: All Assertions are met and elements are displayed expected [11] but found [4]" type="java.lang.Throwable"><![CDATA[java.lang.Throwable: Multiple failures (15):nnFailure 1 of 15:norg.openqa.selenium.NoSuchElementException: Unable to locate element: {"method":"xpath","selector":"//*[@id='ibar']/div[5]/div[3]/table/tbody/tr[4]/td/h3"}
Command duration or timeout: 10.19 seconds
For documentation on this error, please visit: http://seleniumhq.org/exceptions/no_such_element.html
Build info: version: '2.45.0', revision: '5017cb8e7ca8e37638dc3091b2440b90a1d8686f', time: '2015-02-27 09:10:26'
System info: host: 'CA04WLVA4652', ip: '10.65.172.205', os.name: 'Windows 7', os.arch: 'amd64', os.version: '6.1', java.version: '1.7.0_79'
*** Element info: {Using=xpath, value=//*[@id='ibar']/div[5]/div[3]/table/tbody/tr[4]/td/h3}
Session ID: 19162545-954f-40bb-bdb2-ee631fe1374e
Driver info: org.openqa.selenium.firefox.FirefoxDriver
Capabilities [{platform=WINDOWS, acceptSslCerts=true, javascriptEnabled=true, cssSelectorsEnabled=true, databaseEnabled=true, browserName=firefox, handlesAlerts=true, nativeEvents=false, webStorageEnabled=true, rotatable=false, locationContextEnabled=true, applicationCacheEnabled=true, takesScreenshot=true, version=40.0.3}]
	at sun.reflect.NativeConstructorAccessorImpl.newInstance0(Native Method)
	at sun.reflect.NativeConstructorAccessorImpl.newInstance(NativeConstructorAccessorImpl.java:57)
	at sun.reflect.DelegatingConstructorAccessorImpl.newInstance(DelegatingConstructorAccessorImpl.java:45)
	at java.lang.reflect.Constructor.newInstance(Constructor.java:526)
	at org.openqa.selenium.remote.ErrorHandler.createThrowable(ErrorHandler.java:204)
	at org.openqa.selenium.remote.ErrorHandler.throwIfResponseFailed(ErrorHandler.java:156)
	at org.openqa.selenium.remote.RemoteWebDriver.execute(RemoteWebDriver.java:599)
	at org.openqa.selenium.remote.RemoteWebDriver.findElement(RemoteWebDriver.java:352)
	at org.openqa.selenium.remote.RemoteWebDriver.findElementByXPath(RemoteWebDriver.java:449)
	at org.openqa.selenium.By$ByXPath.findElement(By.java:357)
	at org.openqa.selenium.remote.RemoteWebDriver.findElement(RemoteWebDriver.java:344)
	at report.test.TestBase.isElementPresentWithWait(TestBase.java:136)
	at report.pages.ypDisplay.ypDisplayBottomSection(ypDisplay.java:166)
	at report.test.Test_ypDisplay.ypDisplayBottomSectionTest(Test_ypDisplay.java:148)
	at sun.reflect.NativeMethodAccessorImpl.invoke0(Native Method)
	at sun.reflect.NativeMethodAccessorImpl.invoke(NativeMethodAccessorImpl.java:57)
	at sun.reflect.DelegatingMethodAccessorImpl.invoke(DelegatingMethodAccessorImpl.java:43)
	at java.lang.reflect.Method.invoke(Method.java:606)
	at org.testng.internal.MethodInvocationHelper.invokeMethod(MethodInvocationHelper.java:85)
	at org.testng.internal.Invoker.invokeMethod(Invoker.java:659)
	at org.testng.internal.Invoker.invokeTestMethod(Invoker.java:845)
	at org.testng.internal.Invoker.invokeTestMethods(Invoker.java:1153)
	at org.testng.internal.TestMethodWorker.invokeTestMethods(TestMethodWorker.java:125)
	at org.testng.internal.TestMethodWorker.run(TestMethodWorker.java:108)
	at org.testng.TestRunner.privateRun(TestRunner.java:771)
	at org.testng.TestRunner.run(TestRunner.java:621)
	at org.testng.SuiteRunner.runTest(SuiteRunner.java:357)
	at org.testng.SuiteRunner.runSequentially(SuiteRunner.java:352)
	at org.testng.SuiteRunner.privateRun(SuiteRunner.java:310)
	at org.testng.SuiteRunner.run(SuiteRunner.java:259)
	at org.testng.SuiteRunnerWorker.runSuite(SuiteRunnerWorker.java:52)
	at org.testng.SuiteRunnerWorker.run(SuiteRunnerWorker.java:86)
	at org.testng.TestNG.runSuitesSequentially(TestNG.java:1199)
	at org.testng.TestNG.runSuitesSequentially(TestNG.java:1195)
	at org.testng.TestNG.runSuitesLocally(TestNG.java:1124)
	at org.testng.TestNG.run(TestNG.java:1032)
	at org.apache.maven.surefire.testng.TestNGExecutor.run(TestNGExecutor.java:295)
	at org.apache.maven.surefire.testng.TestNGXmlTestSuite.execute(TestNGXmlTestSuite.java:84)
	at org.apache.maven.surefire.testng.TestNGProvider.invoke(TestNGProvider.java:90)
	at org.apache.maven.surefire.booter.ForkedBooter.invokeProviderInSameClassLoader(ForkedBooter.java:203)
	at org.apache.maven.surefire.booter.ForkedBooter.runSuitesInProcess(ForkedBooter.java:155)
	at org.apache.maven.surefire.booter.ForkedBooter.main(ForkedBooter.java:103)
Caused by: org.openqa.selenium.NoSuchElementException: Unable to locate element: {"method":"xpath","selector":"//*[@id='ibar']/div[5]/div[3]/table/tbody/tr[4]/td/h3"}
For documentation on this error, please visit: http://seleniumhq.org/exceptions/no_such_element.html
Build info: version: '2.45.0', revision: '5017cb8e7ca8e37638dc3091b2440b90a1d8686f', time: '2015-02-27 09:10:26'
System info: host: 'CA04WLVA4652', ip: '10.65.172.205', os.name: 'Windows 7', os.arch: 'amd64', os.version: '6.1', java.version: '1.7.0_79'
Driver info: driver.version: unknown
	at <anonymous class>.FirefoxDriver.prototype.findElementInternal_(file:///C:/Windows/TEMP/anonymous45200382108589651webdriver-profile/extensions/fxdriver@googlecode.com/components/driver-component.js:10271)
	at <anonymous class>.fxdriver.Timer.prototype.setTimeout/<.notify(file:///C:/Windows/TEMP/anonymous45200382108589651webdriver-profile/extensions/fxdriver@googlecode.com/components/driver-component.js:603)
nnFailure 2 of 15:njava.lang.AssertionError: expected [true] but found [false]
	at org.testng.Assert.fail(Assert.java:94)
	at org.testng.Assert.failNotEquals(Assert.java:496)
	at org.testng.Assert.assertTrue(Assert.java:42)
	at org.testng.Assert.assertTrue(Assert.java:52)
	at report.pages.ypDisplay.ypDisplayBottomSection(ypDisplay.java:166)
	at report.test.Test_ypDisplay.ypDisplayBottomSectionTest(Test_ypDisplay.java:148)
	at sun.reflect.NativeMethodAccessorImpl.invoke0(Native Method)
	at sun.reflect.NativeMethodAccessorImpl.invoke(NativeMethodAccessorImpl.java:57)
	at sun.reflect.DelegatingMethodAccessorImpl.invoke(DelegatingMethodAccessorImpl.java:43)
	at java.lang.reflect.Method.invoke(Method.java:606)
	at org.testng.internal.MethodInvocationHelper.invokeMethod(MethodInvocationHelper.java:85)
	at org.testng.internal.Invoker.invokeMethod(Invoker.java:659)
	at org.testng.internal.Invoker.invokeTestMethod(Invoker.java:845)
	at org.testng.internal.Invoker.invokeTestMethods(Invoker.java:1153)
	at org.testng.internal.TestMethodWorker.invokeTestMethods(TestMethodWorker.java:125)
	at org.testng.internal.TestMethodWorker.run(TestMethodWorker.java:108)
	at org.testng.TestRunner.privateRun(TestRunner.java:771)
	at org.testng.TestRunner.run(TestRunner.java:621)
	at org.testng.SuiteRunner.runTest(SuiteRunner.java:357)
	at org.testng.SuiteRunner.runSequentially(SuiteRunner.java:352)
	at org.testng.SuiteRunner.privateRun(SuiteRunner.java:310)
	at org.testng.SuiteRunner.run(SuiteRunner.java:259)
	at org.testng.SuiteRunnerWorker.runSuite(SuiteRunnerWorker.java:52)
	at org.testng.SuiteRunnerWorker.run(SuiteRunnerWorker.java:86)
	at org.testng.TestNG.runSuitesSequentially(TestNG.java:1199)
	at org.testng.TestNG.runSuitesSequentially(TestNG.java:1195)
	at org.testng.TestNG.runSuitesLocally(TestNG.java:1124)
	at org.testng.TestNG.run(TestNG.java:1032)
	at org.apache.maven.surefire.testng.TestNGExecutor.run(TestNGExecutor.java:295)
	at org.apache.maven.surefire.testng.TestNGXmlTestSuite.execute(TestNGXmlTestSuite.java:84)
	at org.apache.maven.surefire.testng.TestNGProvider.invoke(TestNGProvider.java:90)
	at org.apache.maven.surefire.booter.ForkedBooter.invokeProviderInSameClassLoader(ForkedBooter.java:203)
	at org.apache.maven.surefire.booter.ForkedBooter.runSuitesInProcess(ForkedBooter.java:155)
	at org.apache.maven.surefire.booter.ForkedBooter.main(ForkedBooter.java:103)
nnFailure 3 of 15:norg.openqa.selenium.NoSuchElementException: Unable to locate element: {"method":"xpath","selector":"//*[@id='ibar']/div[5]/div[3]/table/tbody/tr[5]/td[2]/div/div[2]"}
Command duration or timeout: 10.18 seconds
For documentation on this error, please visit: http://seleniumhq.org/exceptions/no_such_element.html
Build info: version: '2.45.0', revision: '5017cb8e7ca8e37638dc3091b2440b90a1d8686f', time: '2015-02-27 09:10:26'
System info: host: 'CA04WLVA4652', ip: '10.65.172.205', os.name: 'Windows 7', os.arch: 'amd64', os.version: '6.1', java.version: '1.7.0_79'
*** Element info: {Using=xpath, value=//*[@id='ibar']/div[5]/div[3]/table/tbody/tr[5]/td[2]/div/div[2]}
Session ID: 19162545-954f-40bb-bdb2-ee631fe1374e
Driver info: org.openqa.selenium.firefox.FirefoxDriver
Capabilities [{platform=WINDOWS, acceptSslCerts=true, javascriptEnabled=true, cssSelectorsEnabled=true, databaseEnabled=true, browserName=firefox, handlesAlerts=true, nativeEvents=false, webStorageEnabled=true, rotatable=false, locationContextEnabled=true, applicationCacheEnabled=true, takesScreenshot=true, version=40.0.3}]
	at sun.reflect.NativeConstructorAccessorImpl.newInstance0(Native Method)
	at sun.reflect.NativeConstructorAccessorImpl.newInstance(NativeConstructorAccessorImpl.java:57)
	at sun.reflect.DelegatingConstructorAccessorImpl.newInstance(DelegatingConstructorAccessorImpl.java:45)
	at java.lang.reflect.Constructor.newInstance(Constructor.java:526)
	at org.openqa.selenium.remote.ErrorHandler.createThrowable(ErrorHandler.java:204)
	at org.openqa.selenium.remote.ErrorHandler.throwIfResponseFailed(ErrorHandler.java:156)
	at org.openqa.selenium.remote.RemoteWebDriver.execute(RemoteWebDriver.java:599)
	at org.openqa.selenium.remote.RemoteWebDriver.findElement(RemoteWebDriver.java:352)
	at org.openqa.selenium.remote.RemoteWebDriver.findElementByXPath(RemoteWebDriver.java:449)
	at org.openqa.selenium.By$ByXPath.findElement(By.java:357)
	at org.openqa.selenium.remote.RemoteWebDriver.findElement(RemoteWebDriver.java:344)
	at report.test.TestBase.isElementPresentWithWait(TestBase.java:136)
	at report.pages.ypDisplay.ypDisplayBottomSection(ypDisplay.java:166)
	at report.test.Test_ypDisplay.ypDisplayBottomSectionTest(Test_ypDisplay.java:148)
	at sun.reflect.NativeMethodAccessorImpl.invoke0(Native Method)
	at sun.reflect.NativeMethodAccessorImpl.invoke(NativeMethodAccessorImpl.java:57)
	at sun.reflect.DelegatingMethodAccessorImpl.invoke(DelegatingMethodAccessorImpl.java:43)
	at java.lang.reflect.Method.invoke(Method.java:606)
	at org.testng.internal.MethodInvocationHelper.invokeMethod(MethodInvocationHelper.java:85)
	at org.testng.internal.Invoker.invokeMethod(Invoker.java:659)
	at org.testng.internal.Invoker.invokeTestMethod(Invoker.java:845)
	at org.testng.internal.Invoker.invokeTestMethods(Invoker.java:1153)
	at org.testng.internal.TestMethodWorker.invokeTestMethods(TestMethodWorker.java:125)
	at org.testng.internal.TestMethodWorker.run(TestMethodWorker.java:108)
	at org.testng.TestRunner.privateRun(TestRunner.java:771)
	at org.testng.TestRunner.run(TestRunner.java:621)
	at org.testng.SuiteRunner.runTest(SuiteRunner.java:357)
	at org.testng.SuiteRunner.runSequentially(SuiteRunner.java:352)
	at org.testng.SuiteRunner.privateRun(SuiteRunner.java:310)
	at org.testng.SuiteRunner.run(SuiteRunner.java:259)
	at org.testng.SuiteRunnerWorker.runSuite(SuiteRunnerWorker.java:52)
	at org.testng.SuiteRunnerWorker.run(SuiteRunnerWorker.java:86)
	at org.testng.TestNG.runSuitesSequentially(TestNG.java:1199)
	at org.testng.TestNG.runSuitesSequentially(TestNG.java:1195)
	at org.testng.TestNG.runSuitesLocally(TestNG.java:1124)
	at org.testng.TestNG.run(TestNG.java:1032)
	at org.apache.maven.surefire.testng.TestNGExecutor.run(TestNGExecutor.java:295)
	at org.apache.maven.surefire.testng.TestNGXmlTestSuite.execute(TestNGXmlTestSuite.java:84)
	at org.apache.maven.surefire.testng.TestNGProvider.invoke(TestNGProvider.java:90)
	at org.apache.maven.surefire.booter.ForkedBooter.invokeProviderInSameClassLoader(ForkedBooter.java:203)
	at org.apache.maven.surefire.booter.ForkedBooter.runSuitesInProcess(ForkedBooter.java:155)
	at org.apache.maven.surefire.booter.ForkedBooter.main(ForkedBooter.java:103)
Caused by: org.openqa.selenium.NoSuchElementException: Unable to locate element: {"method":"xpath","selector":"//*[@id='ibar']/div[5]/div[3]/table/tbody/tr[5]/td[2]/div/div[2]"}
For documentation on this error, please visit: http://seleniumhq.org/exceptions/no_such_element.html
Build info: version: '2.45.0', revision: '5017cb8e7ca8e37638dc3091b2440b90a1d8686f', time: '2015-02-27 09:10:26'
System info: host: 'CA04WLVA4652', ip: '10.65.172.205', os.name: 'Windows 7', os.arch: 'amd64', os.version: '6.1', java.version: '1.7.0_79'
Driver info: driver.version: unknown
	at <anonymous class>.FirefoxDriver.prototype.findElementInternal_(file:///C:/Windows/TEMP/anonymous45200382108589651webdriver-profile/extensions/fxdriver@googlecode.com/components/driver-component.js:10271)
	at <anonymous class>.fxdriver.Timer.prototype.setTimeout/<.notify(file:///C:/Windows/TEMP/anonymous45200382108589651webdriver-profile/extensions/fxdriver@googlecode.com/components/driver-component.js:603)
nnFailure 4 of 15:njava.lang.AssertionError: expected [true] but found [false]
	at org.testng.Assert.fail(Assert.java:94)
	at org.testng.Assert.failNotEquals(Assert.java:496)
	at org.testng.Assert.assertTrue(Assert.java:42)
	at org.testng.Assert.assertTrue(Assert.java:52)
	at report.pages.ypDisplay.ypDisplayBottomSection(ypDisplay.java:166)
	at report.test.Test_ypDisplay.ypDisplayBottomSectionTest(Test_ypDisplay.java:148)
	at sun.reflect.NativeMethodAccessorImpl.invoke0(Native Method)
	at sun.reflect.NativeMethodAccessorImpl.invoke(NativeMethodAccessorImpl.java:57)
	at sun.reflect.DelegatingMethodAccessorImpl.invoke(DelegatingMethodAccessorImpl.java:43)
	at java.lang.reflect.Method.invoke(Method.java:606)
	at org.testng.internal.MethodInvocationHelper.invokeMethod(MethodInvocationHelper.java:85)
	at org.testng.internal.Invoker.invokeMethod(Invoker.java:659)
	at org.testng.internal.Invoker.invokeTestMethod(Invoker.java:845)
	at org.testng.internal.Invoker.invokeTestMethods(Invoker.java:1153)
	at org.testng.internal.TestMethodWorker.invokeTestMethods(TestMethodWorker.java:125)
	at org.testng.internal.TestMethodWorker.run(TestMethodWorker.java:108)
	at org.testng.TestRunner.privateRun(TestRunner.java:771)
	at org.testng.TestRunner.run(TestRunner.java:621)
	at org.testng.SuiteRunner.runTest(SuiteRunner.java:357)
	at org.testng.SuiteRunner.runSequentially(SuiteRunner.java:352)
	at org.testng.SuiteRunner.privateRun(SuiteRunner.java:310)
	at org.testng.SuiteRunner.run(SuiteRunner.java:259)
	at org.testng.SuiteRunnerWorker.runSuite(SuiteRunnerWorker.java:52)
	at org.testng.SuiteRunnerWorker.run(SuiteRunnerWorker.java:86)
	at org.testng.TestNG.runSuitesSequentially(TestNG.java:1199)
	at org.testng.TestNG.runSuitesSequentially(TestNG.java:1195)
	at org.testng.TestNG.runSuitesLocally(TestNG.java:1124)
	at org.testng.TestNG.run(TestNG.java:1032)
	at org.apache.maven.surefire.testng.TestNGExecutor.run(TestNGExecutor.java:295)
	at org.apache.maven.surefire.testng.TestNGXmlTestSuite.execute(TestNGXmlTestSuite.java:84)
	at org.apache.maven.surefire.testng.TestNGProvider.invoke(TestNGProvider.java:90)
	at org.apache.maven.surefire.booter.ForkedBooter.invokeProviderInSameClassLoader(ForkedBooter.java:203)
	at org.apache.maven.surefire.booter.ForkedBooter.runSuitesInProcess(ForkedBooter.java:155)
	at org.apache.maven.surefire.booter.ForkedBooter.main(ForkedBooter.java:103)
nnFailure 5 of 15:norg.openqa.selenium.NoSuchElementException: Unable to locate element: {"method":"xpath","selector":"//*[@id='ibar']/div[5]/div[3]/table/tbody/tr[2]/td[1]/div/div[2]"}
Command duration or timeout: 10.14 seconds
For documentation on this error, please visit: http://seleniumhq.org/exceptions/no_such_element.html
Build info: version: '2.45.0', revision: '5017cb8e7ca8e37638dc3091b2440b90a1d8686f', time: '2015-02-27 09:10:26'
System info: host: 'CA04WLVA4652', ip: '10.65.172.205', os.name: 'Windows 7', os.arch: 'amd64', os.version: '6.1', java.version: '1.7.0_79'
*** Element info: {Using=xpath, value=//*[@id='ibar']/div[5]/div[3]/table/tbody/tr[2]/td[1]/div/div[2]}
Session ID: 19162545-954f-40bb-bdb2-ee631fe1374e
Driver info: org.openqa.selenium.firefox.FirefoxDriver
Capabilities [{platform=WINDOWS, acceptSslCerts=true, javascriptEnabled=true, cssSelectorsEnabled=true, databaseEnabled=true, browserName=firefox, handlesAlerts=true, nativeEvents=false, webStorageEnabled=true, rotatable=false, locationContextEnabled=true, applicationCacheEnabled=true, takesScreenshot=true, version=40.0.3}]
	at sun.reflect.NativeConstructorAccessorImpl.newInstance0(Native Method)
	at sun.reflect.NativeConstructorAccessorImpl.newInstance(NativeConstructorAccessorImpl.java:57)
	at sun.reflect.DelegatingConstructorAccessorImpl.newInstance(DelegatingConstructorAccessorImpl.java:45)
	at java.lang.reflect.Constructor.newInstance(Constructor.java:526)
	at org.openqa.selenium.remote.ErrorHandler.createThrowable(ErrorHandler.java:204)
	at org.openqa.selenium.remote.ErrorHandler.throwIfResponseFailed(ErrorHandler.java:156)
	at org.openqa.selenium.remote.RemoteWebDriver.execute(RemoteWebDriver.java:599)
	at org.openqa.selenium.remote.RemoteWebDriver.findElement(RemoteWebDriver.java:352)
	at org.openqa.selenium.remote.RemoteWebDriver.findElementByXPath(RemoteWebDriver.java:449)
	at org.openqa.selenium.By$ByXPath.findElement(By.java:357)
	at org.openqa.selenium.remote.RemoteWebDriver.findElement(RemoteWebDriver.java:344)
	at report.test.TestBase.isElementPresentWithWait(TestBase.java:136)
	at report.pages.ypDisplay.ypDisplayBottomSection(ypDisplay.java:166)
	at report.test.Test_ypDisplay.ypDisplayBottomSectionTest(Test_ypDisplay.java:148)
	at sun.reflect.NativeMethodAccessorImpl.invoke0(Native Method)
	at sun.reflect.NativeMethodAccessorImpl.invoke(NativeMethodAccessorImpl.java:57)
	at sun.reflect.DelegatingMethodAccessorImpl.invoke(DelegatingMethodAccessorImpl.java:43)
	at java.lang.reflect.Method.invoke(Method.java:606)
	at org.testng.internal.MethodInvocationHelper.invokeMethod(MethodInvocationHelper.java:85)
	at org.testng.internal.Invoker.invokeMethod(Invoker.java:659)
	at org.testng.internal.Invoker.invokeTestMethod(Invoker.java:845)
	at org.testng.internal.Invoker.invokeTestMethods(Invoker.java:1153)
	at org.testng.internal.TestMethodWorker.invokeTestMethods(TestMethodWorker.java:125)
	at org.testng.internal.TestMethodWorker.run(TestMethodWorker.java:108)
	at org.testng.TestRunner.privateRun(TestRunner.java:771)
	at org.testng.TestRunner.run(TestRunner.java:621)
	at org.testng.SuiteRunner.runTest(SuiteRunner.java:357)
	at org.testng.SuiteRunner.runSequentially(SuiteRunner.java:352)
	at org.testng.SuiteRunner.privateRun(SuiteRunner.java:310)
	at org.testng.SuiteRunner.run(SuiteRunner.java:259)
	at org.testng.SuiteRunnerWorker.runSuite(SuiteRunnerWorker.java:52)
	at org.testng.SuiteRunnerWorker.run(SuiteRunnerWorker.java:86)
	at org.testng.TestNG.runSuitesSequentially(TestNG.java:1199)
	at org.testng.TestNG.runSuitesSequentially(TestNG.java:1195)
	at org.testng.TestNG.runSuitesLocally(TestNG.java:1124)
	at org.testng.TestNG.run(TestNG.java:1032)
	at org.apache.maven.surefire.testng.TestNGExecutor.run(TestNGExecutor.java:295)
	at org.apache.maven.surefire.testng.TestNGXmlTestSuite.execute(TestNGXmlTestSuite.java:84)
	at org.apache.maven.surefire.testng.TestNGProvider.invoke(TestNGProvider.java:90)
	at org.apache.maven.surefire.booter.ForkedBooter.invokeProviderInSameClassLoader(ForkedBooter.java:203)
	at org.apache.maven.surefire.booter.ForkedBooter.runSuitesInProcess(ForkedBooter.java:155)
	at org.apache.maven.surefire.booter.ForkedBooter.main(ForkedBooter.java:103)
Caused by: org.openqa.selenium.NoSuchElementException: Unable to locate element: {"method":"xpath","selector":"//*[@id='ibar']/div[5]/div[3]/table/tbody/tr[2]/td[1]/div/div[2]"}
For documentation on this error, please visit: http://seleniumhq.org/exceptions/no_such_element.html
Build info: version: '2.45.0', revision: '5017cb8e7ca8e37638dc3091b2440b90a1d8686f', time: '2015-02-27 09:10:26'
System info: host: 'CA04WLVA4652', ip: '10.65.172.205', os.name: 'Windows 7', os.arch: 'amd64', os.version: '6.1', java.version: '1.7.0_79'
Driver info: driver.version: unknown
	at <anonymous class>.FirefoxDriver.prototype.findElementInternal_(file:///C:/Windows/TEMP/anonymous45200382108589651webdriver-profile/extensions/fxdriver@googlecode.com/components/driver-component.js:10271)
	at <anonymous class>.fxdriver.Timer.prototype.setTimeout/<.notify(file:///C:/Windows/TEMP/anonymous45200382108589651webdriver-profile/extensions/fxdriver@googlecode.com/components/driver-component.js:603)
nnFailure 6 of 15:njava.lang.AssertionError: expected [true] but found [false]
	at org.testng.Assert.fail(Assert.java:94)
	at org.testng.Assert.failNotEquals(Assert.java:496)
	at org.testng.Assert.assertTrue(Assert.java:42)
	at org.testng.Assert.assertTrue(Assert.java:52)
	at report.pages.ypDisplay.ypDisplayBottomSection(ypDisplay.java:166)
	at report.test.Test_ypDisplay.ypDisplayBottomSectionTest(Test_ypDisplay.java:148)
	at sun.reflect.NativeMethodAccessorImpl.invoke0(Native Method)
	at sun.reflect.NativeMethodAccessorImpl.invoke(NativeMethodAccessorImpl.java:57)
	at sun.reflect.DelegatingMethodAccessorImpl.invoke(DelegatingMethodAccessorImpl.java:43)
	at java.lang.reflect.Method.invoke(Method.java:606)
	at org.testng.internal.MethodInvocationHelper.invokeMethod(MethodInvocationHelper.java:85)
	at org.testng.internal.Invoker.invokeMethod(Invoker.java:659)
	at org.testng.internal.Invoker.invokeTestMethod(Invoker.java:845)
	at org.testng.internal.Invoker.invokeTestMethods(Invoker.java:1153)
	at org.testng.internal.TestMethodWorker.invokeTestMethods(TestMethodWorker.java:125)
	at org.testng.internal.TestMethodWorker.run(TestMethodWorker.java:108)
	at org.testng.TestRunner.privateRun(TestRunner.java:771)
	at org.testng.TestRunner.run(TestRunner.java:621)
	at org.testng.SuiteRunner.runTest(SuiteRunner.java:357)
	at org.testng.SuiteRunner.runSequentially(SuiteRunner.java:352)
	at org.testng.SuiteRunner.privateRun(SuiteRunner.java:310)
	at org.testng.SuiteRunner.run(SuiteRunner.java:259)
	at org.testng.SuiteRunnerWorker.runSuite(SuiteRunnerWorker.java:52)
	at org.testng.SuiteRunnerWorker.run(SuiteRunnerWorker.java:86)
	at org.testng.TestNG.runSuitesSequentially(TestNG.java:1199)
	at org.testng.TestNG.runSuitesSequentially(TestNG.java:1195)
	at org.testng.TestNG.runSuitesLocally(TestNG.java:1124)
	at org.testng.TestNG.run(TestNG.java:1032)
	at org.apache.maven.surefire.testng.TestNGExecutor.run(TestNGExecutor.java:295)
	at org.apache.maven.surefire.testng.TestNGXmlTestSuite.execute(TestNGXmlTestSuite.java:84)
	at org.apache.maven.surefire.testng.TestNGProvider.invoke(TestNGProvider.java:90)
	at org.apache.maven.surefire.booter.ForkedBooter.invokeProviderInSameClassLoader(ForkedBooter.java:203)
	at org.apache.maven.surefire.booter.ForkedBooter.runSuitesInProcess(ForkedBooter.java:155)
	at org.apache.maven.surefire.booter.ForkedBooter.main(ForkedBooter.java:103)
nnFailure 7 of 15:norg.openqa.selenium.NoSuchElementException: Unable to locate element: {"method":"xpath","selector":"//*[@id='ibar']/div[5]/div[3]/table/tbody/tr[2]/td[2]/div/div[2]"}
Command duration or timeout: 10.21 seconds
For documentation on this error, please visit: http://seleniumhq.org/exceptions/no_such_element.html
Build info: version: '2.45.0', revision: '5017cb8e7ca8e37638dc3091b2440b90a1d8686f', time: '2015-02-27 09:10:26'
System info: host: 'CA04WLVA4652', ip: '10.65.172.205', os.name: 'Windows 7', os.arch: 'amd64', os.version: '6.1', java.version: '1.7.0_79'
*** Element info: {Using=xpath, value=//*[@id='ibar']/div[5]/div[3]/table/tbody/tr[2]/td[2]/div/div[2]}
Session ID: 19162545-954f-40bb-bdb2-ee631fe1374e
Driver info: org.openqa.selenium.firefox.FirefoxDriver
Capabilities [{platform=WINDOWS, acceptSslCerts=true, javascriptEnabled=true, cssSelectorsEnabled=true, databaseEnabled=true, browserName=firefox, handlesAlerts=true, nativeEvents=false, webStorageEnabled=true, rotatable=false, locationContextEnabled=true, applicationCacheEnabled=true, takesScreenshot=true, version=40.0.3}]
	at sun.reflect.NativeConstructorAccessorImpl.newInstance0(Native Method)
	at sun.reflect.NativeConstructorAccessorImpl.newInstance(NativeConstructorAccessorImpl.java:57)
	at sun.reflect.DelegatingConstructorAccessorImpl.newInstance(DelegatingConstructorAccessorImpl.java:45)
	at java.lang.reflect.Constructor.newInstance(Constructor.java:526)
	at org.openqa.selenium.remote.ErrorHandler.createThrowable(ErrorHandler.java:204)
	at org.openqa.selenium.remote.ErrorHandler.throwIfResponseFailed(ErrorHandler.java:156)
	at org.openqa.selenium.remote.RemoteWebDriver.execute(RemoteWebDriver.java:599)
	at org.openqa.selenium.remote.RemoteWebDriver.findElement(RemoteWebDriver.java:352)
	at org.openqa.selenium.remote.RemoteWebDriver.findElementByXPath(RemoteWebDriver.java:449)
	at org.openqa.selenium.By$ByXPath.findElement(By.java:357)
	at org.openqa.selenium.remote.RemoteWebDriver.findElement(RemoteWebDriver.java:344)
	at report.test.TestBase.isElementPresentWithWait(TestBase.java:136)
	at report.pages.ypDisplay.ypDisplayBottomSection(ypDisplay.java:166)
	at report.test.Test_ypDisplay.ypDisplayBottomSectionTest(Test_ypDisplay.java:148)
	at sun.reflect.NativeMethodAccessorImpl.invoke0(Native Method)
	at sun.reflect.NativeMethodAccessorImpl.invoke(NativeMethodAccessorImpl.java:57)
	at sun.reflect.DelegatingMethodAccessorImpl.invoke(DelegatingMethodAccessorImpl.java:43)
	at java.lang.reflect.Method.invoke(Method.java:606)
	at org.testng.internal.MethodInvocationHelper.invokeMethod(MethodInvocationHelper.java:85)
	at org.testng.internal.Invoker.invokeMethod(Invoker.java:659)
	at org.testng.internal.Invoker.invokeTestMethod(Invoker.java:845)
	at org.testng.internal.Invoker.invokeTestMethods(Invoker.java:1153)
	at org.testng.internal.TestMethodWorker.invokeTestMethods(TestMethodWorker.java:125)
	at org.testng.internal.TestMethodWorker.run(TestMethodWorker.java:108)
	at org.testng.TestRunner.privateRun(TestRunner.java:771)
	at org.testng.TestRunner.run(TestRunner.java:621)
	at org.testng.SuiteRunner.runTest(SuiteRunner.java:357)
	at org.testng.SuiteRunner.runSequentially(SuiteRunner.java:352)
	at org.testng.SuiteRunner.privateRun(SuiteRunner.java:310)
	at org.testng.SuiteRunner.run(SuiteRunner.java:259)
	at org.testng.SuiteRunnerWorker.runSuite(SuiteRunnerWorker.java:52)
	at org.testng.SuiteRunnerWorker.run(SuiteRunnerWorker.java:86)
	at org.testng.TestNG.runSuitesSequentially(TestNG.java:1199)
	at org.testng.TestNG.runSuitesSequentially(TestNG.java:1195)
	at org.testng.TestNG.runSuitesLocally(TestNG.java:1124)
	at org.testng.TestNG.run(TestNG.java:1032)
	at org.apache.maven.surefire.testng.TestNGExecutor.run(TestNGExecutor.java:295)
	at org.apache.maven.surefire.testng.TestNGXmlTestSuite.execute(TestNGXmlTestSuite.java:84)
	at org.apache.maven.surefire.testng.TestNGProvider.invoke(TestNGProvider.java:90)
	at org.apache.maven.surefire.booter.ForkedBooter.invokeProviderInSameClassLoader(ForkedBooter.java:203)
	at org.apache.maven.surefire.booter.ForkedBooter.runSuitesInProcess(ForkedBooter.java:155)
	at org.apache.maven.surefire.booter.ForkedBooter.main(ForkedBooter.java:103)
Caused by: org.openqa.selenium.NoSuchElementException: Unable to locate element: {"method":"xpath","selector":"//*[@id='ibar']/div[5]/div[3]/table/tbody/tr[2]/td[2]/div/div[2]"}
For documentation on this error, please visit: http://seleniumhq.org/exceptions/no_such_element.html
Build info: version: '2.45.0', revision: '5017cb8e7ca8e37638dc3091b2440b90a1d8686f', time: '2015-02-27 09:10:26'
System info: host: 'CA04WLVA4652', ip: '10.65.172.205', os.name: 'Windows 7', os.arch: 'amd64', os.version: '6.1', java.version: '1.7.0_79'
Driver info: driver.version: unknown
	at <anonymous class>.FirefoxDriver.prototype.findElementInternal_(file:///C:/Windows/TEMP/anonymous45200382108589651webdriver-profile/extensions/fxdriver@googlecode.com/components/driver-component.js:10271)
	at <anonymous class>.fxdriver.Timer.prototype.setTimeout/<.notify(file:///C:/Windows/TEMP/anonymous45200382108589651webdriver-profile/extensions/fxdriver@googlecode.com/components/driver-component.js:603)
nnFailure 8 of 15:njava.lang.AssertionError: expected [true] but found [false]
	at org.testng.Assert.fail(Assert.java:94)
	at org.testng.Assert.failNotEquals(Assert.java:496)
	at org.testng.Assert.assertTrue(Assert.java:42)
	at org.testng.Assert.assertTrue(Assert.java:52)
	at report.pages.ypDisplay.ypDisplayBottomSection(ypDisplay.java:166)
	at report.test.Test_ypDisplay.ypDisplayBottomSectionTest(Test_ypDisplay.java:148)
	at sun.reflect.NativeMethodAccessorImpl.invoke0(Native Method)
	at sun.reflect.NativeMethodAccessorImpl.invoke(NativeMethodAccessorImpl.java:57)
	at sun.reflect.DelegatingMethodAccessorImpl.invoke(DelegatingMethodAccessorImpl.java:43)
	at java.lang.reflect.Method.invoke(Method.java:606)
	at org.testng.internal.MethodInvocationHelper.invokeMethod(MethodInvocationHelper.java:85)
	at org.testng.internal.Invoker.invokeMethod(Invoker.java:659)
	at org.testng.internal.Invoker.invokeTestMethod(Invoker.java:845)
	at org.testng.internal.Invoker.invokeTestMethods(Invoker.java:1153)
	at org.testng.internal.TestMethodWorker.invokeTestMethods(TestMethodWorker.java:125)
	at org.testng.internal.TestMethodWorker.run(TestMethodWorker.java:108)
	at org.testng.TestRunner.privateRun(TestRunner.java:771)
	at org.testng.TestRunner.run(TestRunner.java:621)
	at org.testng.SuiteRunner.runTest(SuiteRunner.java:357)
	at org.testng.SuiteRunner.runSequentially(SuiteRunner.java:352)
	at org.testng.SuiteRunner.privateRun(SuiteRunner.java:310)
	at org.testng.SuiteRunner.run(SuiteRunner.java:259)
	at org.testng.SuiteRunnerWorker.runSuite(SuiteRunnerWorker.java:52)
	at org.testng.SuiteRunnerWorker.run(SuiteRunnerWorker.java:86)
	at org.testng.TestNG.runSuitesSequentially(TestNG.java:1199)
	at org.testng.TestNG.runSuitesSequentially(TestNG.java:1195)
	at org.testng.TestNG.runSuitesLocally(TestNG.java:1124)
	at org.testng.TestNG.run(TestNG.java:1032)
	at org.apache.maven.surefire.testng.TestNGExecutor.run(TestNGExecutor.java:295)
	at org.apache.maven.surefire.testng.TestNGXmlTestSuite.execute(TestNGXmlTestSuite.java:84)
	at org.apache.maven.surefire.testng.TestNGProvider.invoke(TestNGProvider.java:90)
	at org.apache.maven.surefire.booter.ForkedBooter.invokeProviderInSameClassLoader(ForkedBooter.java:203)
	at org.apache.maven.surefire.booter.ForkedBooter.runSuitesInProcess(ForkedBooter.java:155)
	at org.apache.maven.surefire.booter.ForkedBooter.main(ForkedBooter.java:103)
nnFailure 9 of 15:norg.openqa.selenium.NoSuchElementException: Unable to locate element: {"method":"xpath","selector":"//*[@id='ibar']/div[5]/div[3]/table/tbody/tr[5]/td[1]/div/div[2]"}
Command duration or timeout: 10.10 seconds
For documentation on this error, please visit: http://seleniumhq.org/exceptions/no_such_element.html
Build info: version: '2.45.0', revision: '5017cb8e7ca8e37638dc3091b2440b90a1d8686f', time: '2015-02-27 09:10:26'
System info: host: 'CA04WLVA4652', ip: '10.65.172.205', os.name: 'Windows 7', os.arch: 'amd64', os.version: '6.1', java.version: '1.7.0_79'
*** Element info: {Using=xpath, value=//*[@id='ibar']/div[5]/div[3]/table/tbody/tr[5]/td[1]/div/div[2]}
Session ID: 19162545-954f-40bb-bdb2-ee631fe1374e
Driver info: org.openqa.selenium.firefox.FirefoxDriver
Capabilities [{platform=WINDOWS, acceptSslCerts=true, javascriptEnabled=true, cssSelectorsEnabled=true, databaseEnabled=true, browserName=firefox, handlesAlerts=true, nativeEvents=false, webStorageEnabled=true, rotatable=false, locationContextEnabled=true, applicationCacheEnabled=true, takesScreenshot=true, version=40.0.3}]
	at sun.reflect.NativeConstructorAccessorImpl.newInstance0(Native Method)
	at sun.reflect.NativeConstructorAccessorImpl.newInstance(NativeConstructorAccessorImpl.java:57)
	at sun.reflect.DelegatingConstructorAccessorImpl.newInstance(DelegatingConstructorAccessorImpl.java:45)
	at java.lang.reflect.Constructor.newInstance(Constructor.java:526)
	at org.openqa.selenium.remote.ErrorHandler.createThrowable(ErrorHandler.java:204)
	at org.openqa.selenium.remote.ErrorHandler.throwIfResponseFailed(ErrorHandler.java:156)
	at org.openqa.selenium.remote.RemoteWebDriver.execute(RemoteWebDriver.java:599)
	at org.openqa.selenium.remote.RemoteWebDriver.findElement(RemoteWebDriver.java:352)
	at org.openqa.selenium.remote.RemoteWebDriver.findElementByXPath(RemoteWebDriver.java:449)
	at org.openqa.selenium.By$ByXPath.findElement(By.java:357)
	at org.openqa.selenium.remote.RemoteWebDriver.findElement(RemoteWebDriver.java:344)
	at report.test.TestBase.isElementPresentWithWait(TestBase.java:136)
	at report.pages.ypDisplay.ypDisplayBottomSection(ypDisplay.java:166)
	at report.test.Test_ypDisplay.ypDisplayBottomSectionTest(Test_ypDisplay.java:148)
	at sun.reflect.NativeMethodAccessorImpl.invoke0(Native Method)
	at sun.reflect.NativeMethodAccessorImpl.invoke(NativeMethodAccessorImpl.java:57)
	at sun.reflect.DelegatingMethodAccessorImpl.invoke(DelegatingMethodAccessorImpl.java:43)
	at java.lang.reflect.Method.invoke(Method.java:606)
	at org.testng.internal.MethodInvocationHelper.invokeMethod(MethodInvocationHelper.java:85)
	at org.testng.internal.Invoker.invokeMethod(Invoker.java:659)
	at org.testng.internal.Invoker.invokeTestMethod(Invoker.java:845)
	at org.testng.internal.Invoker.invokeTestMethods(Invoker.java:1153)
	at org.testng.internal.TestMethodWorker.invokeTestMethods(TestMethodWorker.java:125)
	at org.testng.internal.TestMethodWorker.run(TestMethodWorker.java:108)
	at org.testng.TestRunner.privateRun(TestRunner.java:771)
	at org.testng.TestRunner.run(TestRunner.java:621)
	at org.testng.SuiteRunner.runTest(SuiteRunner.java:357)
	at org.testng.SuiteRunner.runSequentially(SuiteRunner.java:352)
	at org.testng.SuiteRunner.privateRun(SuiteRunner.java:310)
	at org.testng.SuiteRunner.run(SuiteRunner.java:259)
	at org.testng.SuiteRunnerWorker.runSuite(SuiteRunnerWorker.java:52)
	at org.testng.SuiteRunnerWorker.run(SuiteRunnerWorker.java:86)
	at org.testng.TestNG.runSuitesSequentially(TestNG.java:1199)
	at org.testng.TestNG.runSuitesSequentially(TestNG.java:1195)
	at org.testng.TestNG.runSuitesLocally(TestNG.java:1124)
	at org.testng.TestNG.run(TestNG.java:1032)
	at org.apache.maven.surefire.testng.TestNGExecutor.run(TestNGExecutor.java:295)
	at org.apache.maven.surefire.testng.TestNGXmlTestSuite.execute(TestNGXmlTestSuite.java:84)
	at org.apache.maven.surefire.testng.TestNGProvider.invoke(TestNGProvider.java:90)
	at org.apache.maven.surefire.booter.ForkedBooter.invokeProviderInSameClassLoader(ForkedBooter.java:203)
	at org.apache.maven.surefire.booter.ForkedBooter.runSuitesInProcess(ForkedBooter.java:155)
	at org.apache.maven.surefire.booter.ForkedBooter.main(ForkedBooter.java:103)
Caused by: org.openqa.selenium.NoSuchElementException: Unable to locate element: {"method":"xpath","selector":"//*[@id='ibar']/div[5]/div[3]/table/tbody/tr[5]/td[1]/div/div[2]"}
For documentation on this error, please visit: http://seleniumhq.org/exceptions/no_such_element.html
Build info: version: '2.45.0', revision: '5017cb8e7ca8e37638dc3091b2440b90a1d8686f', time: '2015-02-27 09:10:26'
System info: host: 'CA04WLVA4652', ip: '10.65.172.205', os.name: 'Windows 7', os.arch: 'amd64', os.version: '6.1', java.version: '1.7.0_79'
Driver info: driver.version: unknown
	at <anonymous class>.FirefoxDriver.prototype.findElementInternal_(file:///C:/Windows/TEMP/anonymous45200382108589651webdriver-profile/extensions/fxdriver@googlecode.com/components/driver-component.js:10271)
	at <anonymous class>.fxdriver.Timer.prototype.setTimeout/<.notify(file:///C:/Windows/TEMP/anonymous45200382108589651webdriver-profile/extensions/fxdriver@googlecode.com/components/driver-component.js:603)
nnFailure 10 of 15:njava.lang.AssertionError: expected [true] but found [false]
	at org.testng.Assert.fail(Assert.java:94)
	at org.testng.Assert.failNotEquals(Assert.java:496)
	at org.testng.Assert.assertTrue(Assert.java:42)
	at org.testng.Assert.assertTrue(Assert.java:52)
	at report.pages.ypDisplay.ypDisplayBottomSection(ypDisplay.java:166)
	at report.test.Test_ypDisplay.ypDisplayBottomSectionTest(Test_ypDisplay.java:148)
	at sun.reflect.NativeMethodAccessorImpl.invoke0(Native Method)
	at sun.reflect.NativeMethodAccessorImpl.invoke(NativeMethodAccessorImpl.java:57)
	at sun.reflect.DelegatingMethodAccessorImpl.invoke(DelegatingMethodAccessorImpl.java:43)
	at java.lang.reflect.Method.invoke(Method.java:606)
	at org.testng.internal.MethodInvocationHelper.invokeMethod(MethodInvocationHelper.java:85)
	at org.testng.internal.Invoker.invokeMethod(Invoker.java:659)
	at org.testng.internal.Invoker.invokeTestMethod(Invoker.java:845)
	at org.testng.internal.Invoker.invokeTestMethods(Invoker.java:1153)
	at org.testng.internal.TestMethodWorker.invokeTestMethods(TestMethodWorker.java:125)
	at org.testng.internal.TestMethodWorker.run(TestMethodWorker.java:108)
	at org.testng.TestRunner.privateRun(TestRunner.java:771)
	at org.testng.TestRunner.run(TestRunner.java:621)
	at org.testng.SuiteRunner.runTest(SuiteRunner.java:357)
	at org.testng.SuiteRunner.runSequentially(SuiteRunner.java:352)
	at org.testng.SuiteRunner.privateRun(SuiteRunner.java:310)
	at org.testng.SuiteRunner.run(SuiteRunner.java:259)
	at org.testng.SuiteRunnerWorker.runSuite(SuiteRunnerWorker.java:52)
	at org.testng.SuiteRunnerWorker.run(SuiteRunnerWorker.java:86)
	at org.testng.TestNG.runSuitesSequentially(TestNG.java:1199)
	at org.testng.TestNG.runSuitesSequentially(TestNG.java:1195)
	at org.testng.TestNG.runSuitesLocally(TestNG.java:1124)
	at org.testng.TestNG.run(TestNG.java:1032)
	at org.apache.maven.surefire.testng.TestNGExecutor.run(TestNGExecutor.java:295)
	at org.apache.maven.surefire.testng.TestNGXmlTestSuite.execute(TestNGXmlTestSuite.java:84)
	at org.apache.maven.surefire.testng.TestNGProvider.invoke(TestNGProvider.java:90)
	at org.apache.maven.surefire.booter.ForkedBooter.invokeProviderInSameClassLoader(ForkedBooter.java:203)
	at org.apache.maven.surefire.booter.ForkedBooter.runSuitesInProcess(ForkedBooter.java:155)
	at org.apache.maven.surefire.booter.ForkedBooter.main(ForkedBooter.java:103)
nnFailure 11 of 15:norg.openqa.selenium.NoSuchElementException: Unable to locate element: {"method":"xpath","selector":"//*[@id='ibar']/div[5]/div[3]/table/tbody/tr[2]/td[2]/div/div[2]"}
Command duration or timeout: 10.25 seconds
For documentation on this error, please visit: http://seleniumhq.org/exceptions/no_such_element.html
Build info: version: '2.45.0', revision: '5017cb8e7ca8e37638dc3091b2440b90a1d8686f', time: '2015-02-27 09:10:26'
System info: host: 'CA04WLVA4652', ip: '10.65.172.205', os.name: 'Windows 7', os.arch: 'amd64', os.version: '6.1', java.version: '1.7.0_79'
*** Element info: {Using=xpath, value=//*[@id='ibar']/div[5]/div[3]/table/tbody/tr[2]/td[2]/div/div[2]}
Session ID: 19162545-954f-40bb-bdb2-ee631fe1374e
Driver info: org.openqa.selenium.firefox.FirefoxDriver
Capabilities [{platform=WINDOWS, acceptSslCerts=true, javascriptEnabled=true, cssSelectorsEnabled=true, databaseEnabled=true, browserName=firefox, handlesAlerts=true, nativeEvents=false, webStorageEnabled=true, rotatable=false, locationContextEnabled=true, applicationCacheEnabled=true, takesScreenshot=true, version=40.0.3}]
	at sun.reflect.NativeConstructorAccessorImpl.newInstance0(Native Method)
	at sun.reflect.NativeConstructorAccessorImpl.newInstance(NativeConstructorAccessorImpl.java:57)
	at sun.reflect.DelegatingConstructorAccessorImpl.newInstance(DelegatingConstructorAccessorImpl.java:45)
	at java.lang.reflect.Constructor.newInstance(Constructor.java:526)
	at org.openqa.selenium.remote.ErrorHandler.createThrowable(ErrorHandler.java:204)
	at org.openqa.selenium.remote.ErrorHandler.throwIfResponseFailed(ErrorHandler.java:156)
	at org.openqa.selenium.remote.RemoteWebDriver.execute(RemoteWebDriver.java:599)
	at org.openqa.selenium.remote.RemoteWebDriver.findElement(RemoteWebDriver.java:352)
	at org.openqa.selenium.remote.RemoteWebDriver.findElementByXPath(RemoteWebDriver.java:449)
	at org.openqa.selenium.By$ByXPath.findElement(By.java:357)
	at org.openqa.selenium.remote.RemoteWebDriver.findElement(RemoteWebDriver.java:344)
	at report.test.TestBase.isElementPresentWithWait(TestBase.java:136)
	at report.pages.ypDisplay.ypDisplayBottomSection(ypDisplay.java:166)
	at report.test.Test_ypDisplay.ypDisplayBottomSectionTest(Test_ypDisplay.java:148)
	at sun.reflect.NativeMethodAccessorImpl.invoke0(Native Method)
	at sun.reflect.NativeMethodAccessorImpl.invoke(NativeMethodAccessorImpl.java:57)
	at sun.reflect.DelegatingMethodAccessorImpl.invoke(DelegatingMethodAccessorImpl.java:43)
	at java.lang.reflect.Method.invoke(Method.java:606)
	at org.testng.internal.MethodInvocationHelper.invokeMethod(MethodInvocationHelper.java:85)
	at org.testng.internal.Invoker.invokeMethod(Invoker.java:659)
	at org.testng.internal.Invoker.invokeTestMethod(Invoker.java:845)
	at org.testng.internal.Invoker.invokeTestMethods(Invoker.java:1153)
	at org.testng.internal.TestMethodWorker.invokeTestMethods(TestMethodWorker.java:125)
	at org.testng.internal.TestMethodWorker.run(TestMethodWorker.java:108)
	at org.testng.TestRunner.privateRun(TestRunner.java:771)
	at org.testng.TestRunner.run(TestRunner.java:621)
	at org.testng.SuiteRunner.runTest(SuiteRunner.java:357)
	at org.testng.SuiteRunner.runSequentially(SuiteRunner.java:352)
	at org.testng.SuiteRunner.privateRun(SuiteRunner.java:310)
	at org.testng.SuiteRunner.run(SuiteRunner.java:259)
	at org.testng.SuiteRunnerWorker.runSuite(SuiteRunnerWorker.java:52)
	at org.testng.SuiteRunnerWorker.run(SuiteRunnerWorker.java:86)
	at org.testng.TestNG.runSuitesSequentially(TestNG.java:1199)
	at org.testng.TestNG.runSuitesSequentially(TestNG.java:1195)
	at org.testng.TestNG.runSuitesLocally(TestNG.java:1124)
	at org.testng.TestNG.run(TestNG.java:1032)
	at org.apache.maven.surefire.testng.TestNGExecutor.run(TestNGExecutor.java:295)
	at org.apache.maven.surefire.testng.TestNGXmlTestSuite.execute(TestNGXmlTestSuite.java:84)
	at org.apache.maven.surefire.testng.TestNGProvider.invoke(TestNGProvider.java:90)
	at org.apache.maven.surefire.booter.ForkedBooter.invokeProviderInSameClassLoader(ForkedBooter.java:203)
	at org.apache.maven.surefire.booter.ForkedBooter.runSuitesInProcess(ForkedBooter.java:155)
	at org.apache.maven.surefire.booter.ForkedBooter.main(ForkedBooter.java:103)
Caused by: org.openqa.selenium.NoSuchElementException: Unable to locate element: {"method":"xpath","selector":"//*[@id='ibar']/div[5]/div[3]/table/tbody/tr[2]/td[2]/div/div[2]"}
For documentation on this error, please visit: http://seleniumhq.org/exceptions/no_such_element.html
Build info: version: '2.45.0', revision: '5017cb8e7ca8e37638dc3091b2440b90a1d8686f', time: '2015-02-27 09:10:26'
System info: host: 'CA04WLVA4652', ip: '10.65.172.205', os.name: 'Windows 7', os.arch: 'amd64', os.version: '6.1', java.version: '1.7.0_79'
Driver info: driver.version: unknown
	at <anonymous class>.FirefoxDriver.prototype.findElementInternal_(file:///C:/Windows/TEMP/anonymous45200382108589651webdriver-profile/extensions/fxdriver@googlecode.com/components/driver-component.js:10271)
	at <anonymous class>.fxdriver.Timer.prototype.setTimeout/<.notify(file:///C:/Windows/TEMP/anonymous45200382108589651webdriver-profile/extensions/fxdriver@googlecode.com/components/driver-component.js:603)
nnFailure 12 of 15:njava.lang.AssertionError: expected [true] but found [false]
	at org.testng.Assert.fail(Assert.java:94)
	at org.testng.Assert.failNotEquals(Assert.java:496)
	at org.testng.Assert.assertTrue(Assert.java:42)
	at org.testng.Assert.assertTrue(Assert.java:52)
	at report.pages.ypDisplay.ypDisplayBottomSection(ypDisplay.java:166)
	at report.test.Test_ypDisplay.ypDisplayBottomSectionTest(Test_ypDisplay.java:148)
	at sun.reflect.NativeMethodAccessorImpl.invoke0(Native Method)
	at sun.reflect.NativeMethodAccessorImpl.invoke(NativeMethodAccessorImpl.java:57)
	at sun.reflect.DelegatingMethodAccessorImpl.invoke(DelegatingMethodAccessorImpl.java:43)
	at java.lang.reflect.Method.invoke(Method.java:606)
	at org.testng.internal.MethodInvocationHelper.invokeMethod(MethodInvocationHelper.java:85)
	at org.testng.internal.Invoker.invokeMethod(Invoker.java:659)
	at org.testng.internal.Invoker.invokeTestMethod(Invoker.java:845)
	at org.testng.internal.Invoker.invokeTestMethods(Invoker.java:1153)
	at org.testng.internal.TestMethodWorker.invokeTestMethods(TestMethodWorker.java:125)
	at org.testng.internal.TestMethodWorker.run(TestMethodWorker.java:108)
	at org.testng.TestRunner.privateRun(TestRunner.java:771)
	at org.testng.TestRunner.run(TestRunner.java:621)
	at org.testng.SuiteRunner.runTest(SuiteRunner.java:357)
	at org.testng.SuiteRunner.runSequentially(SuiteRunner.java:352)
	at org.testng.SuiteRunner.privateRun(SuiteRunner.java:310)
	at org.testng.SuiteRunner.run(SuiteRunner.java:259)
	at org.testng.SuiteRunnerWorker.runSuite(SuiteRunnerWorker.java:52)
	at org.testng.SuiteRunnerWorker.run(SuiteRunnerWorker.java:86)
	at org.testng.TestNG.runSuitesSequentially(TestNG.java:1199)
	at org.testng.TestNG.runSuitesSequentially(TestNG.java:1195)
	at org.testng.TestNG.runSuitesLocally(TestNG.java:1124)
	at org.testng.TestNG.run(TestNG.java:1032)
	at org.apache.maven.surefire.testng.TestNGExecutor.run(TestNGExecutor.java:295)
	at org.apache.maven.surefire.testng.TestNGXmlTestSuite.execute(TestNGXmlTestSuite.java:84)
	at org.apache.maven.surefire.testng.TestNGProvider.invoke(TestNGProvider.java:90)
	at org.apache.maven.surefire.booter.ForkedBooter.invokeProviderInSameClassLoader(ForkedBooter.java:203)
	at org.apache.maven.surefire.booter.ForkedBooter.runSuitesInProcess(ForkedBooter.java:155)
	at org.apache.maven.surefire.booter.ForkedBooter.main(ForkedBooter.java:103)
nnFailure 13 of 15:norg.openqa.selenium.NoSuchElementException: Unable to locate element: {"method":"xpath","selector":"//*[@id='ibar']/div[5]/div[3]/table/tbody/tr[1]/td/h3"}
Command duration or timeout: 10.16 seconds
For documentation on this error, please visit: http://seleniumhq.org/exceptions/no_such_element.html
Build info: version: '2.45.0', revision: '5017cb8e7ca8e37638dc3091b2440b90a1d8686f', time: '2015-02-27 09:10:26'
System info: host: 'CA04WLVA4652', ip: '10.65.172.205', os.name: 'Windows 7', os.arch: 'amd64', os.version: '6.1', java.version: '1.7.0_79'
*** Element info: {Using=xpath, value=//*[@id='ibar']/div[5]/div[3]/table/tbody/tr[1]/td/h3}
Session ID: 19162545-954f-40bb-bdb2-ee631fe1374e
Driver info: org.openqa.selenium.firefox.FirefoxDriver
Capabilities [{platform=WINDOWS, acceptSslCerts=true, javascriptEnabled=true, cssSelectorsEnabled=true, databaseEnabled=true, browserName=firefox, handlesAlerts=true, nativeEvents=false, webStorageEnabled=true, rotatable=false, locationContextEnabled=true, applicationCacheEnabled=true, takesScreenshot=true, version=40.0.3}]
	at sun.reflect.NativeConstructorAccessorImpl.newInstance0(Native Method)
	at sun.reflect.NativeConstructorAccessorImpl.newInstance(NativeConstructorAccessorImpl.java:57)
	at sun.reflect.DelegatingConstructorAccessorImpl.newInstance(DelegatingConstructorAccessorImpl.java:45)
	at java.lang.reflect.Constructor.newInstance(Constructor.java:526)
	at org.openqa.selenium.remote.ErrorHandler.createThrowable(ErrorHandler.java:204)
	at org.openqa.selenium.remote.ErrorHandler.throwIfResponseFailed(ErrorHandler.java:156)
	at org.openqa.selenium.remote.RemoteWebDriver.execute(RemoteWebDriver.java:599)
	at org.openqa.selenium.remote.RemoteWebDriver.findElement(RemoteWebDriver.java:352)
	at org.openqa.selenium.remote.RemoteWebDriver.findElementByXPath(RemoteWebDriver.java:449)
	at org.openqa.selenium.By$ByXPath.findElement(By.java:357)
	at org.openqa.selenium.remote.RemoteWebDriver.findElement(RemoteWebDriver.java:344)
	at report.test.TestBase.isElementPresentWithWait(TestBase.java:136)
	at report.pages.ypDisplay.ypDisplayBottomSection(ypDisplay.java:166)
	at report.test.Test_ypDisplay.ypDisplayBottomSectionTest(Test_ypDisplay.java:148)
	at sun.reflect.NativeMethodAccessorImpl.invoke0(Native Method)
	at sun.reflect.NativeMethodAccessorImpl.invoke(NativeMethodAccessorImpl.java:57)
	at sun.reflect.DelegatingMethodAccessorImpl.invoke(DelegatingMethodAccessorImpl.java:43)
	at java.lang.reflect.Method.invoke(Method.java:606)
	at org.testng.internal.MethodInvocationHelper.invokeMethod(MethodInvocationHelper.java:85)
	at org.testng.internal.Invoker.invokeMethod(Invoker.java:659)
	at org.testng.internal.Invoker.invokeTestMethod(Invoker.java:845)
	at org.testng.internal.Invoker.invokeTestMethods(Invoker.java:1153)
	at org.testng.internal.TestMethodWorker.invokeTestMethods(TestMethodWorker.java:125)
	at org.testng.internal.TestMethodWorker.run(TestMethodWorker.java:108)
	at org.testng.TestRunner.privateRun(TestRunner.java:771)
	at org.testng.TestRunner.run(TestRunner.java:621)
	at org.testng.SuiteRunner.runTest(SuiteRunner.java:357)
	at org.testng.SuiteRunner.runSequentially(SuiteRunner.java:352)
	at org.testng.SuiteRunner.privateRun(SuiteRunner.java:310)
	at org.testng.SuiteRunner.run(SuiteRunner.java:259)
	at org.testng.SuiteRunnerWorker.runSuite(SuiteRunnerWorker.java:52)
	at org.testng.SuiteRunnerWorker.run(SuiteRunnerWorker.java:86)
	at org.testng.TestNG.runSuitesSequentially(TestNG.java:1199)
	at org.testng.TestNG.runSuitesSequentially(TestNG.java:1195)
	at org.testng.TestNG.runSuitesLocally(TestNG.java:1124)
	at org.testng.TestNG.run(TestNG.java:1032)
	at org.apache.maven.surefire.testng.TestNGExecutor.run(TestNGExecutor.java:295)
	at org.apache.maven.surefire.testng.TestNGXmlTestSuite.execute(TestNGXmlTestSuite.java:84)
	at org.apache.maven.surefire.testng.TestNGProvider.invoke(TestNGProvider.java:90)
	at org.apache.maven.surefire.booter.ForkedBooter.invokeProviderInSameClassLoader(ForkedBooter.java:203)
	at org.apache.maven.surefire.booter.ForkedBooter.runSuitesInProcess(ForkedBooter.java:155)
	at org.apache.maven.surefire.booter.ForkedBooter.main(ForkedBooter.java:103)
Caused by: org.openqa.selenium.NoSuchElementException: Unable to locate element: {"method":"xpath","selector":"//*[@id='ibar']/div[5]/div[3]/table/tbody/tr[1]/td/h3"}
For documentation on this error, please visit: http://seleniumhq.org/exceptions/no_such_element.html
Build info: version: '2.45.0', revision: '5017cb8e7ca8e37638dc3091b2440b90a1d8686f', time: '2015-02-27 09:10:26'
System info: host: 'CA04WLVA4652', ip: '10.65.172.205', os.name: 'Windows 7', os.arch: 'amd64', os.version: '6.1', java.version: '1.7.0_79'
Driver info: driver.version: unknown
	at <anonymous class>.FirefoxDriver.prototype.findElementInternal_(file:///C:/Windows/TEMP/anonymous45200382108589651webdriver-profile/extensions/fxdriver@googlecode.com/components/driver-component.js:10271)
	at <anonymous class>.fxdriver.Timer.prototype.setTimeout/<.notify(file:///C:/Windows/TEMP/anonymous45200382108589651webdriver-profile/extensions/fxdriver@googlecode.com/components/driver-component.js:603)
nnFailure 14 of 15:njava.lang.AssertionError: expected [true] but found [false]
	at org.testng.Assert.fail(Assert.java:94)
	at org.testng.Assert.failNotEquals(Assert.java:496)
	at org.testng.Assert.assertTrue(Assert.java:42)
	at org.testng.Assert.assertTrue(Assert.java:52)
	at report.pages.ypDisplay.ypDisplayBottomSection(ypDisplay.java:166)
	at report.test.Test_ypDisplay.ypDisplayBottomSectionTest(Test_ypDisplay.java:148)
	at sun.reflect.NativeMethodAccessorImpl.invoke0(Native Method)
	at sun.reflect.NativeMethodAccessorImpl.invoke(NativeMethodAccessorImpl.java:57)
	at sun.reflect.DelegatingMethodAccessorImpl.invoke(DelegatingMethodAccessorImpl.java:43)
	at java.lang.reflect.Method.invoke(Method.java:606)
	at org.testng.internal.MethodInvocationHelper.invokeMethod(MethodInvocationHelper.java:85)
	at org.testng.internal.Invoker.invokeMethod(Invoker.java:659)
	at org.testng.internal.Invoker.invokeTestMethod(Invoker.java:845)
	at org.testng.internal.Invoker.invokeTestMethods(Invoker.java:1153)
	at org.testng.internal.TestMethodWorker.invokeTestMethods(TestMethodWorker.java:125)
	at org.testng.internal.TestMethodWorker.run(TestMethodWorker.java:108)
	at org.testng.TestRunner.privateRun(TestRunner.java:771)
	at org.testng.TestRunner.run(TestRunner.java:621)
	at org.testng.SuiteRunner.runTest(SuiteRunner.java:357)
	at org.testng.SuiteRunner.runSequentially(SuiteRunner.java:352)
	at org.testng.SuiteRunner.privateRun(SuiteRunner.java:310)
	at org.testng.SuiteRunner.run(SuiteRunner.java:259)
	at org.testng.SuiteRunnerWorker.runSuite(SuiteRunnerWorker.java:52)
	at org.testng.SuiteRunnerWorker.run(SuiteRunnerWorker.java:86)
	at org.testng.TestNG.runSuitesSequentially(TestNG.java:1199)
	at org.testng.TestNG.runSuitesSequentially(TestNG.java:1195)
	at org.testng.TestNG.runSuitesLocally(TestNG.java:1124)
	at org.testng.TestNG.run(TestNG.java:1032)
	at org.apache.maven.surefire.testng.TestNGExecutor.run(TestNGExecutor.java:295)
	at org.apache.maven.surefire.testng.TestNGXmlTestSuite.execute(TestNGXmlTestSuite.java:84)
	at org.apache.maven.surefire.testng.TestNGProvider.invoke(TestNGProvider.java:90)
	at org.apache.maven.surefire.booter.ForkedBooter.invokeProviderInSameClassLoader(ForkedBooter.java:203)
	at org.apache.maven.surefire.booter.ForkedBooter.runSuitesInProcess(ForkedBooter.java:155)
	at org.apache.maven.surefire.booter.ForkedBooter.main(ForkedBooter.java:103)
nnFailure 15 of 15:njava.lang.AssertionError: All Assertions are met and elements are displayed expected [11] but found [4]
	at org.testng.Assert.fail(Assert.java:94)
	at org.testng.Assert.failNotEquals(Assert.java:496)
	at org.testng.Assert.assertEquals(Assert.java:125)
	at org.testng.Assert.assertEquals(Assert.java:372)
	at report.test.Test_ypDisplay.ypDisplayBottomSectionTest(Test_ypDisplay.java:150)
]]></failure>
    <system-out><![CDATA[Success - ypDispalyOverviewTest
]]></system-out>
  </testcase>
  <testcase name="launchURLTestypWebsites" classname="report.test.Test_ypWebsite" time="52.284">
    <failure message="Multiple failures (2):nnFailure 1 of 2:norg.openqa.selenium.NoSuchElementException: Unable to locate element: {&quot;method&quot;:&quot;xpath&quot;,&quot;selector&quot;:&quot;//*[@id=&apos;dvSubNav&apos;]/img&quot;}&#10;Command duration or timeout: 10.18 seconds&#10;For documentation on this error, please visit: http://seleniumhq.org/exceptions/no_such_element.html&#10;Build info: version: &apos;2.45.0&apos;, revision: &apos;5017cb8e7ca8e37638dc3091b2440b90a1d8686f&apos;, time: &apos;2015-02-27 09:10:26&apos;&#10;System info: host: &apos;CA04WLVA4652&apos;, ip: &apos;10.65.172.205&apos;, os.name: &apos;Windows 7&apos;, os.arch: &apos;amd64&apos;, os.version: &apos;6.1&apos;, java.version: &apos;1.7.0_79&apos;&#10;*** Element info: {Using=xpath, value=//*[@id=&apos;dvSubNav&apos;]/img}&#10;Session ID: 19162545-954f-40bb-bdb2-ee631fe1374e&#10;Driver info: org.openqa.selenium.firefox.FirefoxDriver&#10;Capabilities [{platform=WINDOWS, acceptSslCerts=true, javascriptEnabled=true, cssSelectorsEnabled=true, databaseEnabled=true, browserName=firefox, handlesAlerts=true, nativeEvents=false, webStorageEnabled=true, rotatable=false, locationContextEnabled=true, applicationCacheEnabled=true, takesScreenshot=true, version=40.0.3}]&#10;	at sun.reflect.NativeConstructorAccessorImpl.newInstance0(Native Method)&#10;	at sun.reflect.NativeConstructorAccessorImpl.newInstance(NativeConstructorAccessorImpl.java:57)&#10;	at sun.reflect.DelegatingConstructorAccessorImpl.newInstance(DelegatingConstructorAccessorImpl.java:45)&#10;	at java.lang.reflect.Constructor.newInstance(Constructor.java:526)&#10;	at org.openqa.selenium.remote.ErrorHandler.createThrowable(ErrorHandler.java:204)&#10;	at org.openqa.selenium.remote.ErrorHandler.throwIfResponseFailed(ErrorHandler.java:156)&#10;	at org.openqa.selenium.remote.RemoteWebDriver.execute(RemoteWebDriver.java:599)&#10;	at org.openqa.selenium.remote.RemoteWebDriver.findElement(RemoteWebDriver.java:352)&#10;	at org.openqa.selenium.remote.RemoteWebDriver.findElementByXPath(RemoteWebDriver.java:449)&#10;	at org.openqa.selenium.By$ByXPath.findElement(By.java:357)&#10;	at org.openqa.selenium.remote.RemoteWebDriver.findElement(RemoteWebDriver.java:344)&#10;	at report.test.TestBase.isElementPresent(TestBase.java:123)&#10;	at report.pages.ypWebsites.launchURL(ypWebsites.java:91)&#10;	at report.test.Test_ypWebsite.launchURLTestypWebsites(Test_ypWebsite.java:80)&#10;	at sun.reflect.NativeMethodAccessorImpl.invoke0(Native Method)&#10;	at sun.reflect.NativeMethodAccessorImpl.invoke(NativeMethodAccessorImpl.java:57)&#10;	at sun.reflect.DelegatingMethodAccessorImpl.invoke(DelegatingMethodAccessorImpl.java:43)&#10;	at java.lang.reflect.Method.invoke(Method.java:606)&#10;	at org.testng.internal.MethodInvocationHelper.invokeMethod(MethodInvocationHelper.java:85)&#10;	at org.testng.internal.Invoker.invokeMethod(Invoker.java:659)&#10;	at org.testng.internal.Invoker.invokeTestMethod(Invoker.java:845)&#10;	at org.testng.internal.Invoker.invokeTestMethods(Invoker.java:1153)&#10;	at org.testng.internal.TestMethodWorker.invokeTestMethods(TestMethodWorker.java:125)&#10;	at org.testng.internal.TestMethodWorker.run(TestMethodWorker.java:108)&#10;	at org.testng.TestRunner.privateRun(TestRunner.java:771)&#10;	at org.testng.TestRunner.run(TestRunner.java:621)&#10;	at org.testng.SuiteRunner.runTest(SuiteRunner.java:357)&#10;	at org.testng.SuiteRunner.runSequentially(SuiteRunner.java:352)&#10;	at org.testng.SuiteRunner.privateRun(SuiteRunner.java:310)&#10;	at org.testng.SuiteRunner.run(SuiteRunner.java:259)&#10;	at org.testng.SuiteRunnerWorker.runSuite(SuiteRunnerWorker.java:52)&#10;	at org.testng.SuiteRunnerWorker.run(SuiteRunnerWorker.java:86)&#10;	at org.testng.TestNG.runSuitesSequentially(TestNG.java:1199)&#10;	at org.testng.TestNG.runSuitesSequentially(TestNG.java:1195)&#10;	at org.testng.TestNG.runSuitesLocally(TestNG.java:1124)&#10;	at org.testng.TestNG.run(TestNG.java:1032)&#10;	at org.apache.maven.surefire.testng.TestNGExecutor.run(TestNGExecutor.java:295)&#10;	at org.apache.maven.surefire.testng.TestNGXmlTestSuite.execute(TestNGXmlTestSuite.java:84)&#10;	at org.apache.maven.surefire.testng.TestNGProvider.invoke(TestNGProvider.java:90)&#10;	at org.apache.maven.surefire.booter.ForkedBooter.invokeProviderInSameClassLoader(ForkedBooter.java:203)&#10;	at org.apache.maven.surefire.booter.ForkedBooter.runSuitesInProcess(ForkedBooter.java:155)&#10;	at org.apache.maven.surefire.booter.ForkedBooter.main(ForkedBooter.java:103)&#10;Caused by: org.openqa.selenium.NoSuchElementException: Unable to locate element: {&quot;method&quot;:&quot;xpath&quot;,&quot;selector&quot;:&quot;//*[@id=&apos;dvSubNav&apos;]/img&quot;}&#10;For documentation on this error, please visit: http://seleniumhq.org/exceptions/no_such_element.html&#10;Build info: version: &apos;2.45.0&apos;, revision: &apos;5017cb8e7ca8e37638dc3091b2440b90a1d8686f&apos;, time: &apos;2015-02-27 09:10:26&apos;&#10;System info: host: &apos;CA04WLVA4652&apos;, ip: &apos;10.65.172.205&apos;, os.name: &apos;Windows 7&apos;, os.arch: &apos;amd64&apos;, os.version: &apos;6.1&apos;, java.version: &apos;1.7.0_79&apos;&#10;Driver info: driver.version: unknown&#10;	at &lt;anonymous class&gt;.FirefoxDriver.prototype.findElementInternal_(file:///C:/Windows/TEMP/anonymous45200382108589651webdriver-profile/extensions/fxdriver@googlecode.com/components/driver-component.js:10271)&#10;	at &lt;anonymous class&gt;.fxdriver.Timer.prototype.setTimeout/&lt;.notify(file:///C:/Windows/TEMP/anonymous45200382108589651webdriver-profile/extensions/fxdriver@googlecode.com/components/driver-component.js:603)&#10;nnFailure 2 of 2:norg.openqa.selenium.NoSuchElementException: Unable to locate element: {&quot;method&quot;:&quot;xpath&quot;,&quot;selector&quot;:&quot;html/body/div[1]/h2&quot;}&#10;Command duration or timeout: 10.19 seconds&#10;For documentation on this error, please visit: http://seleniumhq.org/exceptions/no_such_element.html&#10;Build info: version: &apos;2.45.0&apos;, revision: &apos;5017cb8e7ca8e37638dc3091b2440b90a1d8686f&apos;, time: &apos;2015-02-27 09:10:26&apos;&#10;System info: host: &apos;CA04WLVA4652&apos;, ip: &apos;10.65.172.205&apos;, os.name: &apos;Windows 7&apos;, os.arch: &apos;amd64&apos;, os.version: &apos;6.1&apos;, java.version: &apos;1.7.0_79&apos;&#10;*** Element info: {Using=xpath, value=html/body/div[1]/h2}&#10;Session ID: 19162545-954f-40bb-bdb2-ee631fe1374e&#10;Driver info: org.openqa.selenium.firefox.FirefoxDriver&#10;Capabilities [{platform=WINDOWS, acceptSslCerts=true, javascriptEnabled=true, cssSelectorsEnabled=true, databaseEnabled=true, browserName=firefox, handlesAlerts=true, nativeEvents=false, webStorageEnabled=true, rotatable=false, locationContextEnabled=true, applicationCacheEnabled=true, takesScreenshot=true, version=40.0.3}]" type="java.lang.Throwable"><![CDATA[java.lang.Throwable: Multiple failures (2):nnFailure 1 of 2:norg.openqa.selenium.NoSuchElementException: Unable to locate element: {"method":"xpath","selector":"//*[@id='dvSubNav']/img"}
Command duration or timeout: 10.18 seconds
For documentation on this error, please visit: http://seleniumhq.org/exceptions/no_such_element.html
Build info: version: '2.45.0', revision: '5017cb8e7ca8e37638dc3091b2440b90a1d8686f', time: '2015-02-27 09:10:26'
System info: host: 'CA04WLVA4652', ip: '10.65.172.205', os.name: 'Windows 7', os.arch: 'amd64', os.version: '6.1', java.version: '1.7.0_79'
*** Element info: {Using=xpath, value=//*[@id='dvSubNav']/img}
Session ID: 19162545-954f-40bb-bdb2-ee631fe1374e
Driver info: org.openqa.selenium.firefox.FirefoxDriver
Capabilities [{platform=WINDOWS, acceptSslCerts=true, javascriptEnabled=true, cssSelectorsEnabled=true, databaseEnabled=true, browserName=firefox, handlesAlerts=true, nativeEvents=false, webStorageEnabled=true, rotatable=false, locationContextEnabled=true, applicationCacheEnabled=true, takesScreenshot=true, version=40.0.3}]
	at sun.reflect.NativeConstructorAccessorImpl.newInstance0(Native Method)
	at sun.reflect.NativeConstructorAccessorImpl.newInstance(NativeConstructorAccessorImpl.java:57)
	at sun.reflect.DelegatingConstructorAccessorImpl.newInstance(DelegatingConstructorAccessorImpl.java:45)
	at java.lang.reflect.Constructor.newInstance(Constructor.java:526)
	at org.openqa.selenium.remote.ErrorHandler.createThrowable(ErrorHandler.java:204)
	at org.openqa.selenium.remote.ErrorHandler.throwIfResponseFailed(ErrorHandler.java:156)
	at org.openqa.selenium.remote.RemoteWebDriver.execute(RemoteWebDriver.java:599)
	at org.openqa.selenium.remote.RemoteWebDriver.findElement(RemoteWebDriver.java:352)
	at org.openqa.selenium.remote.RemoteWebDriver.findElementByXPath(RemoteWebDriver.java:449)
	at org.openqa.selenium.By$ByXPath.findElement(By.java:357)
	at org.openqa.selenium.remote.RemoteWebDriver.findElement(RemoteWebDriver.java:344)
	at report.test.TestBase.isElementPresent(TestBase.java:123)
	at report.pages.ypWebsites.launchURL(ypWebsites.java:91)
	at report.test.Test_ypWebsite.launchURLTestypWebsites(Test_ypWebsite.java:80)
	at sun.reflect.NativeMethodAccessorImpl.invoke0(Native Method)
	at sun.reflect.NativeMethodAccessorImpl.invoke(NativeMethodAccessorImpl.java:57)
	at sun.reflect.DelegatingMethodAccessorImpl.invoke(DelegatingMethodAccessorImpl.java:43)
	at java.lang.reflect.Method.invoke(Method.java:606)
	at org.testng.internal.MethodInvocationHelper.invokeMethod(MethodInvocationHelper.java:85)
	at org.testng.internal.Invoker.invokeMethod(Invoker.java:659)
	at org.testng.internal.Invoker.invokeTestMethod(Invoker.java:845)
	at org.testng.internal.Invoker.invokeTestMethods(Invoker.java:1153)
	at org.testng.internal.TestMethodWorker.invokeTestMethods(TestMethodWorker.java:125)
	at org.testng.internal.TestMethodWorker.run(TestMethodWorker.java:108)
	at org.testng.TestRunner.privateRun(TestRunner.java:771)
	at org.testng.TestRunner.run(TestRunner.java:621)
	at org.testng.SuiteRunner.runTest(SuiteRunner.java:357)
	at org.testng.SuiteRunner.runSequentially(SuiteRunner.java:352)
	at org.testng.SuiteRunner.privateRun(SuiteRunner.java:310)
	at org.testng.SuiteRunner.run(SuiteRunner.java:259)
	at org.testng.SuiteRunnerWorker.runSuite(SuiteRunnerWorker.java:52)
	at org.testng.SuiteRunnerWorker.run(SuiteRunnerWorker.java:86)
	at org.testng.TestNG.runSuitesSequentially(TestNG.java:1199)
	at org.testng.TestNG.runSuitesSequentially(TestNG.java:1195)
	at org.testng.TestNG.runSuitesLocally(TestNG.java:1124)
	at org.testng.TestNG.run(TestNG.java:1032)
	at org.apache.maven.surefire.testng.TestNGExecutor.run(TestNGExecutor.java:295)
	at org.apache.maven.surefire.testng.TestNGXmlTestSuite.execute(TestNGXmlTestSuite.java:84)
	at org.apache.maven.surefire.testng.TestNGProvider.invoke(TestNGProvider.java:90)
	at org.apache.maven.surefire.booter.ForkedBooter.invokeProviderInSameClassLoader(ForkedBooter.java:203)
	at org.apache.maven.surefire.booter.ForkedBooter.runSuitesInProcess(ForkedBooter.java:155)
	at org.apache.maven.surefire.booter.ForkedBooter.main(ForkedBooter.java:103)
Caused by: org.openqa.selenium.NoSuchElementException: Unable to locate element: {"method":"xpath","selector":"//*[@id='dvSubNav']/img"}
For documentation on this error, please visit: http://seleniumhq.org/exceptions/no_such_element.html
Build info: version: '2.45.0', revision: '5017cb8e7ca8e37638dc3091b2440b90a1d8686f', time: '2015-02-27 09:10:26'
System info: host: 'CA04WLVA4652', ip: '10.65.172.205', os.name: 'Windows 7', os.arch: 'amd64', os.version: '6.1', java.version: '1.7.0_79'
Driver info: driver.version: unknown
	at <anonymous class>.FirefoxDriver.prototype.findElementInternal_(file:///C:/Windows/TEMP/anonymous45200382108589651webdriver-profile/extensions/fxdriver@googlecode.com/components/driver-component.js:10271)
	at <anonymous class>.fxdriver.Timer.prototype.setTimeout/<.notify(file:///C:/Windows/TEMP/anonymous45200382108589651webdriver-profile/extensions/fxdriver@googlecode.com/components/driver-component.js:603)
nnFailure 2 of 2:norg.openqa.selenium.NoSuchElementException: Unable to locate element: {"method":"xpath","selector":"html/body/div[1]/h2"}
Command duration or timeout: 10.19 seconds
For documentation on this error, please visit: http://seleniumhq.org/exceptions/no_such_element.html
Build info: version: '2.45.0', revision: '5017cb8e7ca8e37638dc3091b2440b90a1d8686f', time: '2015-02-27 09:10:26'
System info: host: 'CA04WLVA4652', ip: '10.65.172.205', os.name: 'Windows 7', os.arch: 'amd64', os.version: '6.1', java.version: '1.7.0_79'
*** Element info: {Using=xpath, value=html/body/div[1]/h2}
Session ID: 19162545-954f-40bb-bdb2-ee631fe1374e
Driver info: org.openqa.selenium.firefox.FirefoxDriver
Capabilities [{platform=WINDOWS, acceptSslCerts=true, javascriptEnabled=true, cssSelectorsEnabled=true, databaseEnabled=true, browserName=firefox, handlesAlerts=true, nativeEvents=false, webStorageEnabled=true, rotatable=false, locationContextEnabled=true, applicationCacheEnabled=true, takesScreenshot=true, version=40.0.3}]
	at sun.reflect.NativeConstructorAccessorImpl.newInstance0(Native Method)
	at sun.reflect.NativeConstructorAccessorImpl.newInstance(NativeConstructorAccessorImpl.java:57)
	at sun.reflect.DelegatingConstructorAccessorImpl.newInstance(DelegatingConstructorAccessorImpl.java:45)
	at java.lang.reflect.Constructor.newInstance(Constructor.java:526)
	at org.openqa.selenium.remote.ErrorHandler.createThrowable(ErrorHandler.java:204)
	at org.openqa.selenium.remote.ErrorHandler.throwIfResponseFailed(ErrorHandler.java:156)
	at org.openqa.selenium.remote.RemoteWebDriver.execute(RemoteWebDriver.java:599)
	at org.openqa.selenium.remote.RemoteWebDriver.findElement(RemoteWebDriver.java:352)
	at org.openqa.selenium.remote.RemoteWebDriver.findElementByXPath(RemoteWebDriver.java:449)
	at org.openqa.selenium.By$ByXPath.findElement(By.java:357)
	at org.openqa.selenium.remote.RemoteWebDriver.findElement(RemoteWebDriver.java:344)
	at report.pages.ypWebsites.launchURL(ypWebsites.java:92)
	at report.test.Test_ypWebsite.launchURLTestypWebsites(Test_ypWebsite.java:80)
]]></failure>
    <system-out><![CDATA[Fail - ypDisplayBottomSectionTest
https://adsolutions.stage.yp.com/Account/MagicLogin?magicToken=48YGszzwuzpAa43O8aN6_YyYOQcAI6Wwo3aqZO2Q8wg4vz_9oUZ7FrIhpk5VOYY0uR
]]></system-out>
  </testcase>
  <testcase name="ypWebsitesOverviewTest" classname="report.test.Test_ypWebsite" time="0">
    <skipped/>
    <system-out><![CDATA[Fail - launchURLTestypWebsites
]]></system-out>
  </testcase>
  <testcase name="ypWebsitesBottomSectionTest" classname="report.test.Test_ypWebsite" time="0">
    <skipped/>
    <system-out><![CDATA[Skipped - ypWebsitesOverviewTest
]]></system-out>
  </testcase>
  <testcase name="launchURLTestypClicks" classname="report.test.Test_ypClicks" time="33.306"/>
  <testcase name="ypClicksOverviewTest" classname="report.test.Test_ypClicks" time="7.185"/>
</testsuite>